<?xml version="1.0" encoding="UTF-8"?>
<robot generator="Robot 4.1.3 (Python 3.7.4 on win32)" generated="20220201 19:44:48.388" rpa="false" schemaversion="2">
<suite id="s1" name="Tagging" source="D:\Skill_development\Robotframework_sample\TestCases\Tagging.robot">
<test id="s1-t1" name="TC2 Login Test">
<kw name="Log To Console" library="BuiltIn">
<arg>This is Login test</arg>
<doc>Logs the given message to the console.</doc>
<status status="PASS" starttime="20220201 19:44:48.417" endtime="20220201 19:44:48.417"/>
</kw>
<kw name="Log To Console" library="BuiltIn">
<arg>Login test is over</arg>
<doc>Logs the given message to the console.</doc>
<status status="PASS" starttime="20220201 19:44:48.417" endtime="20220201 19:44:48.418"/>
</kw>
<tag>sanity</tag>
<status status="PASS" starttime="20220201 19:44:48.416" endtime="20220201 19:44:48.418"/>
</test>
<test id="s1-t2" name="TC4 Logout Test">
<kw name="Log To Console" library="BuiltIn">
<arg>This is Logout test</arg>
<doc>Logs the given message to the console.</doc>
<status status="PASS" starttime="20220201 19:44:48.419" endtime="20220201 19:44:48.419"/>
</kw>
<kw name="Log To Console" library="BuiltIn">
<arg>Logout test is over</arg>
<doc>Logs the given message to the console.</doc>
<status status="PASS" starttime="20220201 19:44:48.420" endtime="20220201 19:44:48.420"/>
</kw>
<tag>sanity</tag>
<status status="PASS" starttime="20220201 19:44:48.419" endtime="20220201 19:44:48.421"/>
</test>
<status status="PASS" starttime="20220201 19:44:48.390" endtime="20220201 19:44:48.422"/>
</suite>
<statistics>
<total>
<stat pass="2" fail="0" skip="0">All Tests</stat>
</total>
<tag>
<stat pass="2" fail="0" skip="0">sanity</stat>
</tag>
<suite>
<stat pass="2" fail="0" skip="0" id="s1" name="Tagging">Tagging</stat>
</suite>
</statistics>
<errors>
</errors>
</robot>
