<?xml version="1.0" encoding="UTF-8"?>
<robot generator="Robot 4.1.3 (Python 3.7.4 on win32)" generated="20220207 21:14:11.129" rpa="false" schemaversion="2">
<suite id="s1" name="TestCases" source="D:\Skill_development\Robotframework_sample\TestCases">
<suite id="s1-s1" name="Alerts" source="D:\Skill_development\Robotframework_sample\TestCases\Alerts.robot">
<test id="s1-s1-t1" name="HandlingAlerts">
<kw name="Open Browser" library="SeleniumLibrary">
<arg>https://testautomationpractice.blogspot.com/</arg>
<arg>chrome</arg>
<doc>Opens a new browser instance to the optional ``url``.</doc>
<msg timestamp="20220207 21:14:11.307" level="INFO">Opening browser 'chrome' to base url 'https://testautomationpractice.blogspot.com/'.</msg>
<status status="PASS" starttime="20220207 21:14:11.307" endtime="20220207 21:14:20.921"/>
</kw>
<kw name="Click Element" library="SeleniumLibrary">
<arg>xpath://*[@id="HTML9"]/div[1]/button</arg>
<doc>Click the element identified by ``locator``.</doc>
<msg timestamp="20220207 21:14:20.923" level="INFO">Clicking element 'xpath://*[@id="HTML9"]/div[1]/button'.</msg>
<status status="PASS" starttime="20220207 21:14:20.922" endtime="20220207 21:14:20.970"/>
</kw>
<kw name="Sleep" library="BuiltIn">
<arg>3</arg>
<doc>Pauses the test executed for the given time.</doc>
<msg timestamp="20220207 21:14:23.972" level="INFO">Slept 3 seconds</msg>
<status status="PASS" starttime="20220207 21:14:20.970" endtime="20220207 21:14:23.972"/>
</kw>
<kw name="Alert Should Be Present" library="SeleniumLibrary">
<arg>Press a button!</arg>
<doc>Verifies that an alert is present and by default, accepts it.</doc>
<msg timestamp="20220207 21:14:23.972" level="INFO">HANDLE::&lt;class 'NoneType'&gt;::None</msg>
<status status="PASS" starttime="20220207 21:14:23.972" endtime="20220207 21:14:23.975"/>
</kw>
<status status="PASS" starttime="20220207 21:14:11.307" endtime="20220207 21:14:23.975"/>
</test>
<status status="PASS" starttime="20220207 21:14:11.152" endtime="20220207 21:14:23.977"/>
</suite>
<suite id="s1-s2" name="CaptureScreen" source="D:\Skill_development\Robotframework_sample\TestCases\CaptureScreen.robot">
<test id="s1-s2-t1" name="LoginTC">
<kw name="Open Browser" library="SeleniumLibrary">
<arg>https://opensource-demo.orangehrmlive.com/</arg>
<arg>chrome</arg>
<doc>Opens a new browser instance to the optional ``url``.</doc>
<msg timestamp="20220207 21:14:23.983" level="INFO">Opening browser 'chrome' to base url 'https://opensource-demo.orangehrmlive.com/'.</msg>
<status status="PASS" starttime="20220207 21:14:23.983" endtime="20220207 21:14:28.969"/>
</kw>
<kw name="Maximize Browser Window" library="SeleniumLibrary">
<doc>Maximizes current browser window.</doc>
<status status="PASS" starttime="20220207 21:14:28.969" endtime="20220207 21:14:29.095"/>
</kw>
<kw name="Input Text" library="SeleniumLibrary">
<arg>id:txtUsername</arg>
<arg>Admin</arg>
<doc>Types the given ``text`` into the text field identified by ``locator``.</doc>
<msg timestamp="20220207 21:14:29.097" level="INFO">Typing text 'Admin' into text field 'id:txtUsername'.</msg>
<status status="PASS" starttime="20220207 21:14:29.096" endtime="20220207 21:14:29.198"/>
</kw>
<kw name="Input Text" library="SeleniumLibrary">
<arg>id:txtPassword</arg>
<arg>admin123</arg>
<doc>Types the given ``text`` into the text field identified by ``locator``.</doc>
<msg timestamp="20220207 21:14:29.199" level="INFO">Typing text 'admin123' into text field 'id:txtPassword'.</msg>
<status status="PASS" starttime="20220207 21:14:29.198" endtime="20220207 21:14:29.263"/>
</kw>
<kw name="Capture Element Screenshot" library="SeleniumLibrary">
<arg>xpath:/html/body/div[1]/div/div[3]/div[1]/img</arg>
<doc>Captures a screenshot from the element identified by ``locator`` and embeds it into log file.</doc>
<msg timestamp="20220207 21:14:29.345" level="INFO" html="true">&lt;/td&gt;&lt;/tr&gt;&lt;tr&gt;&lt;td colspan="3"&gt;&lt;a href="selenium-element-screenshot-2.png"&gt;&lt;img src="selenium-element-screenshot-2.png" width="400px"&gt;&lt;/a&gt;</msg>
<status status="PASS" starttime="20220207 21:14:29.263" endtime="20220207 21:14:29.345"/>
</kw>
<kw name="Capture Page Screenshot" library="SeleniumLibrary">
<doc>Takes a screenshot of the current page and embeds it into a log file.</doc>
<msg timestamp="20220207 21:14:29.527" level="INFO" html="true">&lt;/td&gt;&lt;/tr&gt;&lt;tr&gt;&lt;td colspan="3"&gt;&lt;a href="selenium-screenshot-28.png"&gt;&lt;img src="selenium-screenshot-28.png" width="800px"&gt;&lt;/a&gt;</msg>
<status status="PASS" starttime="20220207 21:14:29.346" endtime="20220207 21:14:29.527"/>
</kw>
<status status="PASS" starttime="20220207 21:14:23.982" endtime="20220207 21:14:29.528"/>
</test>
<status status="PASS" starttime="20220207 21:14:23.979" endtime="20220207 21:14:29.529"/>
</suite>
<suite id="s1-s3" name="CloseAll" source="D:\Skill_development\Robotframework_sample\TestCases\CloseAll.robot">
<test id="s1-s3-t1" name="MyTestCase">
<kw name="Open Browser" library="SeleniumLibrary">
<arg>http://demowebshop.tricentis.com/register</arg>
<arg>chrome</arg>
<doc>Opens a new browser instance to the optional ``url``.</doc>
<msg timestamp="20220207 21:14:29.534" level="INFO">Opening browser 'chrome' to base url 'http://demowebshop.tricentis.com/register'.</msg>
<status status="PASS" starttime="20220207 21:14:29.534" endtime="20220207 21:14:34.103"/>
</kw>
<kw name="Maximize Browser Window" library="SeleniumLibrary">
<doc>Maximizes current browser window.</doc>
<status status="PASS" starttime="20220207 21:14:34.103" endtime="20220207 21:14:34.232"/>
</kw>
<kw name="Open Browser" library="SeleniumLibrary">
<arg>https://omayo.blogspot.com/</arg>
<arg>chrome</arg>
<doc>Opens a new browser instance to the optional ``url``.</doc>
<msg timestamp="20220207 21:14:34.233" level="INFO">Opening browser 'chrome' to base url 'https://omayo.blogspot.com/'.</msg>
<status status="PASS" starttime="20220207 21:14:34.233" endtime="20220207 21:14:38.982"/>
</kw>
<kw name="Maximize Browser Window" library="SeleniumLibrary">
<doc>Maximizes current browser window.</doc>
<status status="PASS" starttime="20220207 21:14:38.982" endtime="20220207 21:14:39.098"/>
</kw>
<kw name="Close All Browsers" library="SeleniumLibrary">
<doc>Closes all open browsers and resets the browser cache.</doc>
<status status="PASS" starttime="20220207 21:14:39.098" endtime="20220207 21:14:47.623"/>
</kw>
<status status="PASS" starttime="20220207 21:14:29.534" endtime="20220207 21:14:47.624"/>
</test>
<status status="PASS" starttime="20220207 21:14:29.531" endtime="20220207 21:14:47.625"/>
</suite>
<suite id="s1-s4" name="DBTesting" source="D:\Skill_development\Robotframework_sample\TestCases\DBTesting.robot">
<kw name="Connect To Database" library="DatabaseLibrary" type="SETUP">
<arg>psycopg2</arg>
<arg>${DBName}</arg>
<arg>${DBUser}</arg>
<arg>${DBPass}</arg>
<arg>${DBHost}</arg>
<arg>${DBPort}</arg>
<doc>Loads the DB API 2.0 module given `dbapiModuleName` then uses it to
connect to the database using `dbName`, `dbUsername`, and `dbPassword`.</doc>
<msg timestamp="20220207 21:14:47.683" level="INFO">Connecting using : psycopg2.connect(database=robot_sample, user=postgres, password=54321, host=127.0.0.1, port=5432) </msg>
<status status="PASS" starttime="20220207 21:14:47.655" endtime="20220207 21:14:47.740"/>
</kw>
<test id="s1-s4-t1" name="Create person table">
<kw name="Execute Sql String" library="DatabaseLibrary">
<var>${output}</var>
<arg>Create table sample_db.person1(id integer,first_name varchar(20),last_name varchar(20));</arg>
<doc>Executes the sqlString as SQL commands. Useful to pass arguments to your sql. Set optional input `sansTran` to
True to run command without an explicit transaction commit or rollback.</doc>
<msg timestamp="20220207 21:14:47.741" level="INFO">Executing : Execute SQL String  |  Create table sample_db.person1(id integer,first_name varchar(20),last_name varchar(20)); </msg>
<msg timestamp="20220207 21:14:47.755" level="FAIL">DuplicateTable: relation "person1" already exists
</msg>
<status status="FAIL" starttime="20220207 21:14:47.741" endtime="20220207 21:14:47.755"/>
</kw>
<kw name="Log To Console" library="BuiltIn">
<arg>${output}</arg>
<doc>Logs the given message to the console.</doc>
<status status="NOT RUN" starttime="20220207 21:14:47.756" endtime="20220207 21:14:47.756"/>
</kw>
<kw name="Should Be Equal As Strings" library="BuiltIn">
<arg>${output}</arg>
<arg>None</arg>
<doc>Fails if objects are unequal after converting them to strings.</doc>
<status status="NOT RUN" starttime="20220207 21:14:47.756" endtime="20220207 21:14:47.756"/>
</kw>
<status status="FAIL" starttime="20220207 21:14:47.740" endtime="20220207 21:14:47.756">DuplicateTable: relation "person1" already exists
</status>
</test>
<test id="s1-s4-t2" name="Check David record present in Person Table">
<kw name="Check If Exists In Database" library="DatabaseLibrary">
<arg>select id from sample_db.person where first_name='David';</arg>
<doc>Check if any row would be returned by given the input `selectStatement`. If there are no results, then this will
throw an AssertionError. Set optional input `sansTran` to True to run command without an explicit transaction
commit or rollback.</doc>
<msg timestamp="20220207 21:14:47.758" level="INFO">Executing : Check If Exists In Database  |  select id from sample_db.person where first_name='David'; </msg>
<msg timestamp="20220207 21:14:47.758" level="INFO">Executing : Query  |  select id from sample_db.person where first_name='David'; </msg>
<msg timestamp="20220207 21:14:47.767" level="FAIL">Expected to have have at least one row from 'select id from sample_db.person where first_name='David';' but got 0 rows.</msg>
<status status="FAIL" starttime="20220207 21:14:47.758" endtime="20220207 21:14:47.768"/>
</kw>
<status status="FAIL" starttime="20220207 21:14:47.757" endtime="20220207 21:14:47.768">Expected to have have at least one row from 'select id from sample_db.person where first_name='David';' but got 0 rows.</status>
</test>
<test id="s1-s4-t3" name="Check Jio record Not present in Person Table">
<kw name="Check If Not Exists In Database" library="DatabaseLibrary">
<arg>select id from sample_db.person where first_name='Jio';</arg>
<doc>This is the negation of `check_if_exists_in_database`.</doc>
<msg timestamp="20220207 21:14:47.769" level="INFO">Executing : Check If Not Exists In Database  |  select id from sample_db.person where first_name='Jio'; </msg>
<msg timestamp="20220207 21:14:47.769" level="INFO">Executing : Query  |  select id from sample_db.person where first_name='Jio'; </msg>
<status status="PASS" starttime="20220207 21:14:47.769" endtime="20220207 21:14:47.770"/>
</kw>
<status status="PASS" starttime="20220207 21:14:47.769" endtime="20220207 21:14:47.770"/>
</test>
<test id="s1-s4-t4" name="Check Person Table exists in sample_db database">
<kw name="Table Must Exist" library="DatabaseLibrary">
<arg>person</arg>
<doc>Check if the table given exists in the database. Set optional input `sansTran` to True to run command without an
explicit transaction commit or rollback.</doc>
<msg timestamp="20220207 21:14:47.771" level="INFO">Executing : Table Must Exist  |  person </msg>
<msg timestamp="20220207 21:14:47.771" level="INFO">Executing : Row Count  |  SELECT * FROM information_schema.tables WHERE table_name='person' </msg>
<msg timestamp="20220207 21:14:47.773" level="FAIL">UndefinedTable: relation "information_schema.tables" does not exist
LINE 1: SELECT * FROM information_schema.tables WHERE table_name='pe...
                      ^
</msg>
<status status="FAIL" starttime="20220207 21:14:47.771" endtime="20220207 21:14:47.773"/>
</kw>
<status status="FAIL" starttime="20220207 21:14:47.771" endtime="20220207 21:14:47.773">UndefinedTable: relation "information_schema.tables" does not exist
LINE 1: SELECT * FROM information_schema.tables WHERE table_name='pe...
                      ^
</status>
</test>
<test id="s1-s4-t5" name="Verify Row Count is Zero">
<kw name="Row Count Is 0" library="DatabaseLibrary">
<arg>SELECT * FROM sample_db.person WHERE first_name = 'David';</arg>
<doc>Check if any rows are returned from the submitted `selectStatement`. If there are, then this will throw an
AssertionError. Set optional input `sansTran` to True to run command without an explicit transaction commit or
rollback.</doc>
<msg timestamp="20220207 21:14:47.775" level="INFO">Executing : Row Count Is 0  |  SELECT * FROM sample_db.person WHERE first_name = 'David'; </msg>
<msg timestamp="20220207 21:14:47.775" level="INFO">Executing : Row Count  |  SELECT * FROM sample_db.person WHERE first_name = 'David'; </msg>
<status status="PASS" starttime="20220207 21:14:47.775" endtime="20220207 21:14:47.775"/>
</kw>
<status status="PASS" starttime="20220207 21:14:47.774" endtime="20220207 21:14:47.775"/>
</test>
<test id="s1-s4-t6" name="Verify Row Count is Equal to Some Value">
<kw name="Row Count Is Equal To X" library="DatabaseLibrary">
<arg>SELECT * FROM sample_db.person WHERE first_name = 'David';</arg>
<arg>1</arg>
<doc>Check if the number of rows returned from `selectStatement` is equal to the value submitted. If not, then this
will throw an AssertionError. Set optional input `sansTran` to True to run command without an explicit
transaction commit or rollback.</doc>
<msg timestamp="20220207 21:14:47.776" level="INFO">Executing : Row Count Is Equal To X  |  SELECT * FROM sample_db.person WHERE first_name = 'David';  |  1 </msg>
<msg timestamp="20220207 21:14:47.777" level="INFO">Executing : Row Count  |  SELECT * FROM sample_db.person WHERE first_name = 'David'; </msg>
<msg timestamp="20220207 21:14:47.777" level="FAIL">Expected same number of rows to be returned from 'SELECT * FROM sample_db.person WHERE first_name = 'David';' than the returned rows of 0</msg>
<status status="FAIL" starttime="20220207 21:14:47.776" endtime="20220207 21:14:47.777"/>
</kw>
<status status="FAIL" starttime="20220207 21:14:47.776" endtime="20220207 21:14:47.778">Expected same number of rows to be returned from 'SELECT * FROM sample_db.person WHERE first_name = 'David';' than the returned rows of 0</status>
</test>
<test id="s1-s4-t7" name="Verify Row Count is Greater than Some Value">
<kw name="Row Count Is Greater Than X" library="DatabaseLibrary">
<arg>SELECT * FROM sample_db.person WHERE first_name = 'David';</arg>
<arg>0</arg>
<doc>Check if the number of rows returned from `selectStatement` is greater than the value submitted. If not, then
this will throw an AssertionError. Set optional input `sansTran` to True to run command without an explicit
transaction commit or rollback.</doc>
<msg timestamp="20220207 21:14:47.779" level="INFO">Executing : Row Count Is Greater Than X  |  SELECT * FROM sample_db.person WHERE first_name = 'David';  |  0 </msg>
<msg timestamp="20220207 21:14:47.779" level="INFO">Executing : Row Count  |  SELECT * FROM sample_db.person WHERE first_name = 'David'; </msg>
<msg timestamp="20220207 21:14:47.780" level="FAIL">Expected more rows to be returned from 'SELECT * FROM sample_db.person WHERE first_name = 'David';' than the returned rows of 0</msg>
<status status="FAIL" starttime="20220207 21:14:47.779" endtime="20220207 21:14:47.780"/>
</kw>
<status status="FAIL" starttime="20220207 21:14:47.778" endtime="20220207 21:14:47.780">Expected more rows to be returned from 'SELECT * FROM sample_db.person WHERE first_name = 'David';' than the returned rows of 0</status>
</test>
<test id="s1-s4-t8" name="Verify Row Count is less than Some Value">
<kw name="Row Count Is Less Than X" library="DatabaseLibrary">
<arg>SELECT * FROM sample_db.person WHERE first_name = 'David';</arg>
<arg>5</arg>
<doc>Check if the number of rows returned from `selectStatement` is less than the value submitted. If not, then this
will throw an AssertionError. Set optional input `sansTran` to True to run command without an explicit
transaction commit or rollback.</doc>
<msg timestamp="20220207 21:14:47.782" level="INFO">Executing : Row Count Is Less Than X  |  SELECT * FROM sample_db.person WHERE first_name = 'David';  |  5 </msg>
<msg timestamp="20220207 21:14:47.782" level="INFO">Executing : Row Count  |  SELECT * FROM sample_db.person WHERE first_name = 'David'; </msg>
<status status="PASS" starttime="20220207 21:14:47.782" endtime="20220207 21:14:47.783"/>
</kw>
<status status="PASS" starttime="20220207 21:14:47.781" endtime="20220207 21:14:47.783"/>
</test>
<test id="s1-s4-t9" name="Update record in person table">
<kw name="Execute Sql String" library="DatabaseLibrary">
<var>${output}</var>
<arg>Update sample_db.person set first_name='Jio' where id=104;</arg>
<doc>Executes the sqlString as SQL commands. Useful to pass arguments to your sql. Set optional input `sansTran` to
True to run command without an explicit transaction commit or rollback.</doc>
<msg timestamp="20220207 21:14:47.784" level="INFO">Executing : Execute SQL String  |  Update sample_db.person set first_name='Jio' where id=104; </msg>
<msg timestamp="20220207 21:14:47.785" level="INFO">${output} = None</msg>
<status status="PASS" starttime="20220207 21:14:47.783" endtime="20220207 21:14:47.786"/>
</kw>
<kw name="Log To Console" library="BuiltIn">
<arg>${output}</arg>
<doc>Logs the given message to the console.</doc>
<status status="PASS" starttime="20220207 21:14:47.786" endtime="20220207 21:14:47.786"/>
</kw>
<kw name="Should Be Equal As Strings" library="BuiltIn">
<arg>${output}</arg>
<arg>None</arg>
<doc>Fails if objects are unequal after converting them to strings.</doc>
<msg timestamp="20220207 21:14:47.787" level="INFO">Argument types are:
&lt;class 'NoneType'&gt;
&lt;type 'unicode'&gt;</msg>
<status status="PASS" starttime="20220207 21:14:47.786" endtime="20220207 21:14:47.787"/>
</kw>
<status status="PASS" starttime="20220207 21:14:47.783" endtime="20220207 21:14:47.787"/>
</test>
<test id="s1-s4-t10" name="Retrieve Records from Person Table">
<kw name="Query" library="DatabaseLibrary">
<var>@{queryResults}</var>
<arg>Select * from sample_db.person;</arg>
<doc>Uses the input `selectStatement` to query for the values that will be returned as a list of tuples. Set optional
input `sansTran` to True to run command without an explicit transaction commit or rollback.
Set optional input `returnAsDict` to True to return values as a list of dictionaries.</doc>
<msg timestamp="20220207 21:14:47.788" level="INFO">Executing : Query  |  Select * from sample_db.person; </msg>
<msg timestamp="20220207 21:14:47.789" level="INFO">@{queryResults} = [ ]</msg>
<status status="PASS" starttime="20220207 21:14:47.788" endtime="20220207 21:14:47.789"/>
</kw>
<kw name="Log To Console" library="BuiltIn">
<arg>many @{queryResults}</arg>
<doc>Logs the given message to the console.</doc>
<status status="PASS" starttime="20220207 21:14:47.789" endtime="20220207 21:14:47.789"/>
</kw>
<status status="PASS" starttime="20220207 21:14:47.787" endtime="20220207 21:14:47.789"/>
</test>
<test id="s1-s4-t11" name="Retrieve Records from newtable Table">
<kw name="Query" library="DatabaseLibrary">
<var>@{queryResults}</var>
<arg>select * from sample_db.newtable;</arg>
<doc>Uses the input `selectStatement` to query for the values that will be returned as a list of tuples. Set optional
input `sansTran` to True to run command without an explicit transaction commit or rollback.
Set optional input `returnAsDict` to True to return values as a list of dictionaries.</doc>
<msg timestamp="20220207 21:14:47.790" level="INFO">Executing : Query  |  select * from sample_db.newtable; </msg>
<msg timestamp="20220207 21:14:47.791" level="INFO">@{queryResults} = [ ('100', 'Haran', 'coimbatore') | ('105', 'Ananth', 'salem') | ('103', 'Karthik', 'erode') | ('104', 'Nadesan', 'bhavani') | ('101', 'Chandru', 'chennai') | ('102', 'Surya', 'tgode') ]</msg>
<status status="PASS" starttime="20220207 21:14:47.790" endtime="20220207 21:14:47.791"/>
</kw>
<kw name="Log To Console" library="BuiltIn">
<arg>many @{queryResults}</arg>
<doc>Logs the given message to the console.</doc>
<status status="PASS" starttime="20220207 21:14:47.791" endtime="20220207 21:14:47.792"/>
</kw>
<status status="PASS" starttime="20220207 21:14:47.790" endtime="20220207 21:14:47.792"/>
</test>
<test id="s1-s4-t12" name="Retrieve Record of Haran from newtable Table">
<kw name="Query" library="DatabaseLibrary">
<var>@{queryResults}</var>
<arg>select *</arg>
<arg>from sample_db.newtable where sno='101';</arg>
<doc>Uses the input `selectStatement` to query for the values that will be returned as a list of tuples. Set optional
input `sansTran` to True to run command without an explicit transaction commit or rollback.
Set optional input `returnAsDict` to True to return values as a list of dictionaries.</doc>
<msg timestamp="20220207 21:14:47.793" level="INFO">Executing : Query  |  select * </msg>
<msg timestamp="20220207 21:14:47.796" level="FAIL">SyntaxError: SELECT * with no tables specified is not valid
LINE 1: select *
               ^
</msg>
<status status="FAIL" starttime="20220207 21:14:47.793" endtime="20220207 21:14:47.796"/>
</kw>
<kw name="Log To Console" library="BuiltIn">
<arg>@{queryResults}</arg>
<doc>Logs the given message to the console.</doc>
<status status="NOT RUN" starttime="20220207 21:14:47.796" endtime="20220207 21:14:47.796"/>
</kw>
<status status="FAIL" starttime="20220207 21:14:47.793" endtime="20220207 21:14:47.797">SyntaxError: SELECT * with no tables specified is not valid
LINE 1: select *
               ^
</status>
</test>
<test id="s1-s4-t13" name="Retrieve Records from person Table">
<kw name="Query" library="DatabaseLibrary">
<var>@{queryResults}</var>
<arg>select * from sample_db.person;</arg>
<doc>Uses the input `selectStatement` to query for the values that will be returned as a list of tuples. Set optional
input `sansTran` to True to run command without an explicit transaction commit or rollback.
Set optional input `returnAsDict` to True to return values as a list of dictionaries.</doc>
<msg timestamp="20220207 21:14:47.800" level="INFO">Executing : Query  |  select * from sample_db.person; </msg>
<msg timestamp="20220207 21:14:47.801" level="FAIL">InFailedSqlTransaction: current transaction is aborted, commands ignored until end of transaction block
</msg>
<status status="FAIL" starttime="20220207 21:14:47.799" endtime="20220207 21:14:47.801"/>
</kw>
<kw name="Log To Console" library="BuiltIn">
<arg>many @{queryResults}</arg>
<doc>Logs the given message to the console.</doc>
<status status="NOT RUN" starttime="20220207 21:14:47.802" endtime="20220207 21:14:47.802"/>
</kw>
<status status="FAIL" starttime="20220207 21:14:47.799" endtime="20220207 21:14:47.802">InFailedSqlTransaction: current transaction is aborted, commands ignored until end of transaction block
</status>
</test>
<kw name="Disconnect From Database" library="DatabaseLibrary" type="TEARDOWN">
<doc>Disconnects from the database.</doc>
<msg timestamp="20220207 21:14:47.804" level="INFO">Executing : Disconnect From Database</msg>
<status status="PASS" starttime="20220207 21:14:47.803" endtime="20220207 21:14:47.804"/>
</kw>
<status status="FAIL" starttime="20220207 21:14:47.628" endtime="20220207 21:14:47.804"/>
</suite>
<suite id="s1-s5" name="DDT1" source="D:\Skill_development\Robotframework_sample\TestCases\DDT1.robot">
<kw name="Open my Browser" library="login_resources" type="SETUP">
<kw name="Open Browser" library="SeleniumLibrary">
<arg>${LOGIN URL}</arg>
<arg>${BROWSER}</arg>
<doc>Opens a new browser instance to the optional ``url``.</doc>
<msg timestamp="20220207 21:14:47.814" level="INFO">Opening browser 'chrome' to base url 'https://admin-demo.nopcommerce.com'.</msg>
<status status="PASS" starttime="20220207 21:14:47.813" endtime="20220207 21:14:51.275"/>
</kw>
<kw name="Maximize Browser Window" library="SeleniumLibrary">
<doc>Maximizes current browser window.</doc>
<status status="PASS" starttime="20220207 21:14:51.275" endtime="20220207 21:14:51.395"/>
</kw>
<status status="PASS" starttime="20220207 21:14:47.813" endtime="20220207 21:14:51.395"/>
</kw>
<test id="s1-s5-t1" name="Right user right passs">
<kw name="Valid Login">
<arg>admin@yourstore.com</arg>
<arg>admin</arg>
<doc>This is the documentation part of the keyword Valid login</doc>
<kw name="Input username" library="login_resources">
<arg>${username}</arg>
<kw name="Input Text" library="SeleniumLibrary">
<arg>id:Email</arg>
<arg>${username}</arg>
<doc>Types the given ``text`` into the text field identified by ``locator``.</doc>
<msg timestamp="20220207 21:14:51.398" level="INFO">Typing text 'admin@yourstore.com' into text field 'id:Email'.</msg>
<status status="PASS" starttime="20220207 21:14:51.398" endtime="20220207 21:14:51.489"/>
</kw>
<status status="PASS" starttime="20220207 21:14:51.397" endtime="20220207 21:14:51.489"/>
</kw>
<kw name="Input pwd" library="login_resources">
<arg>${password}</arg>
<kw name="Input Text" library="SeleniumLibrary">
<arg>id:Password</arg>
<arg>${password}</arg>
<doc>Types the given ``text`` into the text field identified by ``locator``.</doc>
<msg timestamp="20220207 21:14:51.490" level="INFO">Typing text 'admin' into text field 'id:Password'.</msg>
<status status="PASS" starttime="20220207 21:14:51.490" endtime="20220207 21:14:51.559"/>
</kw>
<status status="PASS" starttime="20220207 21:14:51.489" endtime="20220207 21:14:51.559"/>
</kw>
<kw name="click login button" library="login_resources">
<kw name="Click Element" library="SeleniumLibrary">
<arg>xpath://button[@type='submit']</arg>
<doc>Click the element identified by ``locator``.</doc>
<msg timestamp="20220207 21:14:51.560" level="INFO">Clicking element 'xpath://button[@type='submit']'.</msg>
<status status="PASS" starttime="20220207 21:14:51.560" endtime="20220207 21:14:55.051"/>
</kw>
<status status="PASS" starttime="20220207 21:14:51.560" endtime="20220207 21:14:55.051"/>
</kw>
<kw name="Dashboard page should be visible" library="login_resources">
<kw name="Page Should Contain" library="SeleniumLibrary">
<arg>Dashboard</arg>
<doc>Verifies that current page contains ``text``.</doc>
<msg timestamp="20220207 21:14:55.067" level="INFO">Current page contains text 'Dashboard'.</msg>
<status status="PASS" starttime="20220207 21:14:55.052" endtime="20220207 21:14:55.067"/>
</kw>
<status status="PASS" starttime="20220207 21:14:55.051" endtime="20220207 21:14:55.068"/>
</kw>
<kw name="click logout link" library="login_resources">
<kw name="Wait Until Page Contains Element" library="SeleniumLibrary">
<arg>xpath://a[contains(text(),'Logout')]</arg>
<doc>Waits until the element ``locator`` appears on the current page.</doc>
<status status="PASS" starttime="20220207 21:14:55.069" endtime="20220207 21:14:55.079"/>
</kw>
<kw name="Click Link" library="SeleniumLibrary">
<arg>Logout</arg>
<doc>Clicks a link identified by ``locator``.</doc>
<msg timestamp="20220207 21:14:55.079" level="INFO">Clicking link 'Logout'.</msg>
<msg timestamp="20220207 21:14:56.500" level="INFO" html="true">&lt;/td&gt;&lt;/tr&gt;&lt;tr&gt;&lt;td colspan="3"&gt;&lt;a href="selenium-screenshot-29.png"&gt;&lt;img src="selenium-screenshot-29.png" width="800px"&gt;&lt;/a&gt;</msg>
<msg timestamp="20220207 21:14:56.544" level="FAIL">ElementClickInterceptedException: Message: element click intercepted: Element &lt;a class="nav-link" href="/logout"&gt;...&lt;/a&gt; is not clickable at point (1416, 28). Other element would receive the click: &lt;div id="ajaxBusy" style="display: block;"&gt;...&lt;/div&gt;
  (Session info: chrome=97.0.4692.99)
Stacktrace:
Backtrace:
	Ordinal0 [0x00F8FDC3+2555331]
	Ordinal0 [0x00F277F1+2127857]
	Ordinal0 [0x00E22E08+1060360]
	Ordinal0 [0x00E548CF+1263823]
	Ordinal0 [0x00E52B10+1256208]
	Ordinal0 [0x00E5076B+1247083]
	Ordinal0 [0x00E4F559+1242457]
	Ordinal0 [0x00E44FB3+1200051]
	Ordinal0 [0x00E67B0C+1342220]
	Ordinal0 [0x00E44984+1198468]
	Ordinal0 [0x00E67C14+1342484]
	Ordinal0 [0x00E775FA+1406458]
	Ordinal0 [0x00E67976+1341814]
	Ordinal0 [0x00E436B6+1193654]
	Ordinal0 [0x00E44546+1197382]
	GetHandleVerifier [0x01129622+1619522]
	GetHandleVerifier [0x011D882C+2336844]
	GetHandleVerifier [0x010223E1+541697]
	GetHandleVerifier [0x01021443+537699]
	Ordinal0 [0x00F2D18E+2150798]
	Ordinal0 [0x00F31518+2168088]
	Ordinal0 [0x00F31660+2168416]
	Ordinal0 [0x00F3B330+2208560]
	BaseThreadInitThunk [0x760FFA29+25]
	RtlGetAppContainerNamedObjectPath [0x77287A9E+286]
	RtlGetAppContainerNamedObjectPath [0x77287A6E+238]
</msg>
<status status="FAIL" starttime="20220207 21:14:55.079" endtime="20220207 21:14:56.544"/>
</kw>
<status status="FAIL" starttime="20220207 21:14:55.068" endtime="20220207 21:14:56.546"/>
</kw>
<status status="FAIL" starttime="20220207 21:14:51.397" endtime="20220207 21:14:56.548"/>
</kw>
<status status="FAIL" starttime="20220207 21:14:51.396" endtime="20220207 21:14:56.548">ElementClickInterceptedException: Message: element click intercepted: Element &lt;a class="nav-link" href="/logout"&gt;...&lt;/a&gt; is not clickable at point (1416, 28). Other element would receive the click: &lt;div id="ajaxBusy" style="display: block;"&gt;...&lt;/div&gt;
  (Session info: chrome=97.0.4692.99)
Stacktrace:
Backtrace:
	Ordinal0 [0x00F8FDC3+2555331]
	Ordinal0 [0x00F277F1+2127857]
	Ordinal0 [0x00E22E08+1060360]
	Ordinal0 [0x00E548CF+1263823]
	Ordinal0 [0x00E52B10+1256208]
	Ordinal0 [0x00E5076B+1247083]
	Ordinal0 [0x00E4F559+1242457]
	Ordinal0 [0x00E44FB3+1200051]
	Ordinal0 [0x00E67B0C+1342220]
	Ordinal0 [0x00E44984+1198468]
	Ordinal0 [0x00E67C14+1342484]
	Ordinal0 [0x00E775FA+1406458]
	Ordinal0 [0x00E67976+1341814]
	Ordinal0 [0x00E436B6+1193654]
	Ordinal0 [0x00E44546+1197382]
	GetHandleVerifier [0x01129622+1619522]
	GetHandleVerifier [0x011D882C+2336844]
	GetHandleVerifier [0x010223E1+541697]
	GetHandleVerifier [0x01021443+537699]
	Ordinal0 [0x00F2D18E+2150798]
	Ordinal0 [0x00F31518+2168088]
	Ordinal0 [0x00F31660+2168416]
	Ordinal0 [0x00F3B330+2208560]
	BaseThreadInitThunk [0x760FFA29+25]
	RtlGetAppContainerNamedObjectPath [0x77287A9E+286]
	RtlGetAppContainerNamedObjectPath [0x77287A6E+238]
</status>
</test>
<kw name="Close Browsers" library="login_resources" type="TEARDOWN">
<kw name="Close All Browsers" library="SeleniumLibrary">
<doc>Closes all open browsers and resets the browser cache.</doc>
<status status="PASS" starttime="20220207 21:14:56.551" endtime="20220207 21:14:58.694"/>
</kw>
<status status="PASS" starttime="20220207 21:14:56.550" endtime="20220207 21:14:58.695"/>
</kw>
<status status="FAIL" starttime="20220207 21:14:47.805" endtime="20220207 21:14:58.695"/>
</suite>
<suite id="s1-s6" name="DDT2 CSV" source="D:\Skill_development\Robotframework_sample\TestCases\DDT2_CSV.robot">
<kw name="Open my Browser" library="login_resources" type="SETUP">
<kw name="Open Browser" library="SeleniumLibrary">
<arg>${LOGIN URL}</arg>
<arg>${BROWSER}</arg>
<doc>Opens a new browser instance to the optional ``url``.</doc>
<msg timestamp="20220207 21:14:58.776" level="INFO">Opening browser 'chrome' to base url 'https://admin-demo.nopcommerce.com'.</msg>
<status status="PASS" starttime="20220207 21:14:58.776" endtime="20220207 21:15:02.316"/>
</kw>
<kw name="Maximize Browser Window" library="SeleniumLibrary">
<doc>Maximizes current browser window.</doc>
<status status="PASS" starttime="20220207 21:15:02.317" endtime="20220207 21:15:02.442"/>
</kw>
<status status="PASS" starttime="20220207 21:14:58.776" endtime="20220207 21:15:02.443"/>
</kw>
<test id="s1-s6-t1" name="LoginTestwithCsv using admin@yourstore.com and adm">
<kw name="Invalid login">
<arg>admin@yourstore.com</arg>
<arg>adm</arg>
<kw name="Input username" library="login_resources">
<arg>${username}</arg>
<kw name="Input Text" library="SeleniumLibrary">
<arg>id:Email</arg>
<arg>${username}</arg>
<doc>Types the given ``text`` into the text field identified by ``locator``.</doc>
<msg timestamp="20220207 21:15:02.449" level="INFO">Typing text 'admin@yourstore.com' into text field 'id:Email'.</msg>
<status status="PASS" starttime="20220207 21:15:02.449" endtime="20220207 21:15:02.545"/>
</kw>
<status status="PASS" starttime="20220207 21:15:02.448" endtime="20220207 21:15:02.545"/>
</kw>
<kw name="Input pwd" library="login_resources">
<arg>${password}</arg>
<kw name="Input Text" library="SeleniumLibrary">
<arg>id:Password</arg>
<arg>${password}</arg>
<doc>Types the given ``text`` into the text field identified by ``locator``.</doc>
<msg timestamp="20220207 21:15:02.546" level="INFO">Typing text 'adm' into text field 'id:Password'.</msg>
<status status="PASS" starttime="20220207 21:15:02.546" endtime="20220207 21:15:02.617"/>
</kw>
<status status="PASS" starttime="20220207 21:15:02.545" endtime="20220207 21:15:02.617"/>
</kw>
<kw name="click login button" library="login_resources">
<kw name="Click Element" library="SeleniumLibrary">
<arg>xpath://button[@type='submit']</arg>
<doc>Click the element identified by ``locator``.</doc>
<msg timestamp="20220207 21:15:02.618" level="INFO">Clicking element 'xpath://button[@type='submit']'.</msg>
<status status="PASS" starttime="20220207 21:15:02.618" endtime="20220207 21:15:04.080"/>
</kw>
<status status="PASS" starttime="20220207 21:15:02.617" endtime="20220207 21:15:04.080"/>
</kw>
<kw name="Error message should be visible" library="login_resources">
<kw name="Page Should Contain" library="SeleniumLibrary">
<arg>Login was unsuccessful</arg>
<doc>Verifies that current page contains ``text``.</doc>
<msg timestamp="20220207 21:15:04.092" level="INFO">Current page contains text 'Login was unsuccessful'.</msg>
<status status="PASS" starttime="20220207 21:15:04.081" endtime="20220207 21:15:04.093"/>
</kw>
<status status="PASS" starttime="20220207 21:15:04.080" endtime="20220207 21:15:04.093"/>
</kw>
<status status="PASS" starttime="20220207 21:15:02.447" endtime="20220207 21:15:04.093"/>
</kw>
<status status="PASS" starttime="20220207 21:15:02.443" endtime="20220207 21:15:04.094"/>
</test>
<test id="s1-s6-t2" name="LoginTestwithCsv using adm@yourstore.com and admin">
<kw name="Invalid login">
<arg>adm@yourstore.com</arg>
<arg>admin</arg>
<kw name="Input username" library="login_resources">
<arg>${username}</arg>
<kw name="Input Text" library="SeleniumLibrary">
<arg>id:Email</arg>
<arg>${username}</arg>
<doc>Types the given ``text`` into the text field identified by ``locator``.</doc>
<msg timestamp="20220207 21:15:04.098" level="INFO">Typing text 'adm@yourstore.com' into text field 'id:Email'.</msg>
<status status="PASS" starttime="20220207 21:15:04.097" endtime="20220207 21:15:04.165"/>
</kw>
<status status="PASS" starttime="20220207 21:15:04.097" endtime="20220207 21:15:04.165"/>
</kw>
<kw name="Input pwd" library="login_resources">
<arg>${password}</arg>
<kw name="Input Text" library="SeleniumLibrary">
<arg>id:Password</arg>
<arg>${password}</arg>
<doc>Types the given ``text`` into the text field identified by ``locator``.</doc>
<msg timestamp="20220207 21:15:04.166" level="INFO">Typing text 'admin' into text field 'id:Password'.</msg>
<status status="PASS" starttime="20220207 21:15:04.166" endtime="20220207 21:15:04.228"/>
</kw>
<status status="PASS" starttime="20220207 21:15:04.165" endtime="20220207 21:15:04.228"/>
</kw>
<kw name="click login button" library="login_resources">
<kw name="Click Element" library="SeleniumLibrary">
<arg>xpath://button[@type='submit']</arg>
<doc>Click the element identified by ``locator``.</doc>
<msg timestamp="20220207 21:15:04.229" level="INFO">Clicking element 'xpath://button[@type='submit']'.</msg>
<status status="PASS" starttime="20220207 21:15:04.229" endtime="20220207 21:15:04.675"/>
</kw>
<status status="PASS" starttime="20220207 21:15:04.229" endtime="20220207 21:15:04.675"/>
</kw>
<kw name="Error message should be visible" library="login_resources">
<kw name="Page Should Contain" library="SeleniumLibrary">
<arg>Login was unsuccessful</arg>
<doc>Verifies that current page contains ``text``.</doc>
<msg timestamp="20220207 21:15:04.686" level="INFO">Current page contains text 'Login was unsuccessful'.</msg>
<status status="PASS" starttime="20220207 21:15:04.676" endtime="20220207 21:15:04.686"/>
</kw>
<status status="PASS" starttime="20220207 21:15:04.675" endtime="20220207 21:15:04.686"/>
</kw>
<status status="PASS" starttime="20220207 21:15:04.097" endtime="20220207 21:15:04.686"/>
</kw>
<status status="PASS" starttime="20220207 21:15:04.095" endtime="20220207 21:15:04.686"/>
</test>
<test id="s1-s6-t3" name="LoginTestwithCsv using adm123@yourstore.com and adm">
<kw name="Invalid login">
<arg>adm123@yourstore.com</arg>
<arg>adm</arg>
<kw name="Input username" library="login_resources">
<arg>${username}</arg>
<kw name="Input Text" library="SeleniumLibrary">
<arg>id:Email</arg>
<arg>${username}</arg>
<doc>Types the given ``text`` into the text field identified by ``locator``.</doc>
<msg timestamp="20220207 21:15:04.689" level="INFO">Typing text 'adm123@yourstore.com' into text field 'id:Email'.</msg>
<status status="PASS" starttime="20220207 21:15:04.689" endtime="20220207 21:15:04.756"/>
</kw>
<status status="PASS" starttime="20220207 21:15:04.689" endtime="20220207 21:15:04.757"/>
</kw>
<kw name="Input pwd" library="login_resources">
<arg>${password}</arg>
<kw name="Input Text" library="SeleniumLibrary">
<arg>id:Password</arg>
<arg>${password}</arg>
<doc>Types the given ``text`` into the text field identified by ``locator``.</doc>
<msg timestamp="20220207 21:15:04.757" level="INFO">Typing text 'adm' into text field 'id:Password'.</msg>
<status status="PASS" starttime="20220207 21:15:04.757" endtime="20220207 21:15:04.822"/>
</kw>
<status status="PASS" starttime="20220207 21:15:04.757" endtime="20220207 21:15:04.822"/>
</kw>
<kw name="click login button" library="login_resources">
<kw name="Click Element" library="SeleniumLibrary">
<arg>xpath://button[@type='submit']</arg>
<doc>Click the element identified by ``locator``.</doc>
<msg timestamp="20220207 21:15:04.823" level="INFO">Clicking element 'xpath://button[@type='submit']'.</msg>
<status status="PASS" starttime="20220207 21:15:04.822" endtime="20220207 21:15:05.260"/>
</kw>
<status status="PASS" starttime="20220207 21:15:04.822" endtime="20220207 21:15:05.260"/>
</kw>
<kw name="Error message should be visible" library="login_resources">
<kw name="Page Should Contain" library="SeleniumLibrary">
<arg>Login was unsuccessful</arg>
<doc>Verifies that current page contains ``text``.</doc>
<msg timestamp="20220207 21:15:05.271" level="INFO">Current page contains text 'Login was unsuccessful'.</msg>
<status status="PASS" starttime="20220207 21:15:05.261" endtime="20220207 21:15:05.271"/>
</kw>
<status status="PASS" starttime="20220207 21:15:05.260" endtime="20220207 21:15:05.271"/>
</kw>
<status status="PASS" starttime="20220207 21:15:04.689" endtime="20220207 21:15:05.271"/>
</kw>
<status status="PASS" starttime="20220207 21:15:04.687" endtime="20220207 21:15:05.272"/>
</test>
<kw name="Close Browsers" library="login_resources" type="TEARDOWN">
<kw name="Close All Browsers" library="SeleniumLibrary">
<doc>Closes all open browsers and resets the browser cache.</doc>
<status status="PASS" starttime="20220207 21:15:05.273" endtime="20220207 21:15:07.378"/>
</kw>
<status status="PASS" starttime="20220207 21:15:05.273" endtime="20220207 21:15:07.380"/>
</kw>
<status status="PASS" starttime="20220207 21:14:58.704" endtime="20220207 21:15:07.380"/>
</suite>
<suite id="s1-s7" name="DDT2 Excel" source="D:\Skill_development\Robotframework_sample\TestCases\DDT2_Excel.robot">
<kw name="Open my Browser" library="login_resources" type="SETUP">
<kw name="Open Browser" library="SeleniumLibrary">
<arg>${LOGIN URL}</arg>
<arg>${BROWSER}</arg>
<doc>Opens a new browser instance to the optional ``url``.</doc>
<msg timestamp="20220207 21:15:09.158" level="INFO">Opening browser 'chrome' to base url 'https://admin-demo.nopcommerce.com'.</msg>
<status status="PASS" starttime="20220207 21:15:09.157" endtime="20220207 21:15:43.604"/>
</kw>
<kw name="Maximize Browser Window" library="SeleniumLibrary">
<doc>Maximizes current browser window.</doc>
<status status="PASS" starttime="20220207 21:15:43.605" endtime="20220207 21:15:43.741"/>
</kw>
<status status="PASS" starttime="20220207 21:15:09.157" endtime="20220207 21:15:43.741"/>
</kw>
<test id="s1-s7-t1" name="LoginTestwithExcel using admin@yourstore.com  and admff">
<kw name="Invalid login">
<arg>admin@yourstore.com </arg>
<arg>admff</arg>
<kw name="Input username" library="login_resources">
<arg>${username}</arg>
<kw name="Input Text" library="SeleniumLibrary">
<arg>id:Email</arg>
<arg>${username}</arg>
<doc>Types the given ``text`` into the text field identified by ``locator``.</doc>
<msg timestamp="20220207 21:15:43.754" level="INFO">Typing text 'admin@yourstore.com ' into text field 'id:Email'.</msg>
<msg timestamp="20220207 21:15:43.935" level="INFO" html="true">&lt;/td&gt;&lt;/tr&gt;&lt;tr&gt;&lt;td colspan="3"&gt;&lt;a href="selenium-screenshot-30.png"&gt;&lt;img src="selenium-screenshot-30.png" width="800px"&gt;&lt;/a&gt;</msg>
<msg timestamp="20220207 21:15:43.937" level="FAIL">Element with locator 'id:Email' not found.</msg>
<status status="FAIL" starttime="20220207 21:15:43.753" endtime="20220207 21:15:43.937"/>
</kw>
<status status="FAIL" starttime="20220207 21:15:43.752" endtime="20220207 21:15:43.937"/>
</kw>
<kw name="Input pwd" library="login_resources">
<arg>${password}</arg>
<status status="NOT RUN" starttime="20220207 21:15:43.938" endtime="20220207 21:15:43.938"/>
</kw>
<kw name="click login button" library="login_resources">
<status status="NOT RUN" starttime="20220207 21:15:43.938" endtime="20220207 21:15:43.938"/>
</kw>
<kw name="Error message should be visible" library="login_resources">
<status status="NOT RUN" starttime="20220207 21:15:43.938" endtime="20220207 21:15:43.938"/>
</kw>
<status status="FAIL" starttime="20220207 21:15:43.751" endtime="20220207 21:15:43.939"/>
</kw>
<status status="FAIL" starttime="20220207 21:15:43.742" endtime="20220207 21:15:43.939">Element with locator 'id:Email' not found.</status>
</test>
<test id="s1-s7-t2" name="LoginTestwithExcel using adm@yourstore.com and admin">
<kw name="Invalid login">
<arg>adm@yourstore.com</arg>
<arg>admin</arg>
<kw name="Input username" library="login_resources">
<arg>${username}</arg>
<kw name="Input Text" library="SeleniumLibrary">
<arg>id:Email</arg>
<arg>${username}</arg>
<doc>Types the given ``text`` into the text field identified by ``locator``.</doc>
<msg timestamp="20220207 21:15:43.942" level="INFO">Typing text 'adm@yourstore.com' into text field 'id:Email'.</msg>
<msg timestamp="20220207 21:15:44.092" level="INFO" html="true">&lt;/td&gt;&lt;/tr&gt;&lt;tr&gt;&lt;td colspan="3"&gt;&lt;a href="selenium-screenshot-31.png"&gt;&lt;img src="selenium-screenshot-31.png" width="800px"&gt;&lt;/a&gt;</msg>
<msg timestamp="20220207 21:15:44.092" level="FAIL">Element with locator 'id:Email' not found.</msg>
<status status="FAIL" starttime="20220207 21:15:43.942" endtime="20220207 21:15:44.092"/>
</kw>
<status status="FAIL" starttime="20220207 21:15:43.942" endtime="20220207 21:15:44.093"/>
</kw>
<kw name="Input pwd" library="login_resources">
<arg>${password}</arg>
<status status="NOT RUN" starttime="20220207 21:15:44.093" endtime="20220207 21:15:44.094"/>
</kw>
<kw name="click login button" library="login_resources">
<status status="NOT RUN" starttime="20220207 21:15:44.094" endtime="20220207 21:15:44.094"/>
</kw>
<kw name="Error message should be visible" library="login_resources">
<status status="NOT RUN" starttime="20220207 21:15:44.094" endtime="20220207 21:15:44.094"/>
</kw>
<status status="FAIL" starttime="20220207 21:15:43.941" endtime="20220207 21:15:44.094"/>
</kw>
<status status="FAIL" starttime="20220207 21:15:43.940" endtime="20220207 21:15:44.095">Element with locator 'id:Email' not found.</status>
</test>
<test id="s1-s7-t3" name="LoginTestwithExcel using adm123@yourstore.com and adm">
<kw name="Invalid login">
<arg>adm123@yourstore.com</arg>
<arg>adm</arg>
<kw name="Input username" library="login_resources">
<arg>${username}</arg>
<kw name="Input Text" library="SeleniumLibrary">
<arg>id:Email</arg>
<arg>${username}</arg>
<doc>Types the given ``text`` into the text field identified by ``locator``.</doc>
<msg timestamp="20220207 21:15:44.098" level="INFO">Typing text 'adm123@yourstore.com' into text field 'id:Email'.</msg>
<msg timestamp="20220207 21:15:44.254" level="INFO" html="true">&lt;/td&gt;&lt;/tr&gt;&lt;tr&gt;&lt;td colspan="3"&gt;&lt;a href="selenium-screenshot-32.png"&gt;&lt;img src="selenium-screenshot-32.png" width="800px"&gt;&lt;/a&gt;</msg>
<msg timestamp="20220207 21:15:44.254" level="FAIL">Element with locator 'id:Email' not found.</msg>
<status status="FAIL" starttime="20220207 21:15:44.098" endtime="20220207 21:15:44.254"/>
</kw>
<status status="FAIL" starttime="20220207 21:15:44.097" endtime="20220207 21:15:44.255"/>
</kw>
<kw name="Input pwd" library="login_resources">
<arg>${password}</arg>
<status status="NOT RUN" starttime="20220207 21:15:44.255" endtime="20220207 21:15:44.255"/>
</kw>
<kw name="click login button" library="login_resources">
<status status="NOT RUN" starttime="20220207 21:15:44.255" endtime="20220207 21:15:44.255"/>
</kw>
<kw name="Error message should be visible" library="login_resources">
<status status="NOT RUN" starttime="20220207 21:15:44.255" endtime="20220207 21:15:44.255"/>
</kw>
<status status="FAIL" starttime="20220207 21:15:44.097" endtime="20220207 21:15:44.256"/>
</kw>
<status status="FAIL" starttime="20220207 21:15:44.096" endtime="20220207 21:15:44.257">Element with locator 'id:Email' not found.</status>
</test>
<kw name="Close Browsers" library="login_resources" type="TEARDOWN">
<kw name="Close All Browsers" library="SeleniumLibrary">
<doc>Closes all open browsers and resets the browser cache.</doc>
<status status="PASS" starttime="20220207 21:15:44.257" endtime="20220207 21:15:46.362"/>
</kw>
<status status="PASS" starttime="20220207 21:15:44.257" endtime="20220207 21:15:46.363"/>
</kw>
<status status="FAIL" starttime="20220207 21:15:07.391" endtime="20220207 21:15:46.364"/>
</suite>
<suite id="s1-s8" name="Dropdowns" source="D:\Skill_development\Robotframework_sample\TestCases\Dropdowns.robot">
<test id="s1-s8-t1" name="Handling Dropdowns and List boxes">
<kw name="Open Browser" library="SeleniumLibrary">
<arg>${url}</arg>
<arg>${browser}</arg>
<doc>Opens a new browser instance to the optional ``url``.</doc>
<msg timestamp="20220207 21:15:46.385" level="INFO">Opening browser 'chrome' to base url 'https://omayo.blogspot.com/'.</msg>
<status status="PASS" starttime="20220207 21:15:46.384" endtime="20220207 21:15:51.627"/>
</kw>
<kw name="Maximize Browser Window" library="SeleniumLibrary">
<doc>Maximizes current browser window.</doc>
<status status="PASS" starttime="20220207 21:15:51.628" endtime="20220207 21:15:51.755"/>
</kw>
<kw name="Select From List By Label" library="SeleniumLibrary">
<arg>SiteMap</arg>
<arg>doc 1</arg>
<doc>Selects options from selection list ``locator`` by ``labels``.</doc>
<msg timestamp="20220207 21:15:51.757" level="INFO">Selecting options from selection list 'SiteMap' by label doc 1.</msg>
<status status="PASS" starttime="20220207 21:15:51.757" endtime="20220207 21:15:51.835"/>
</kw>
<kw name="Sleep" library="BuiltIn">
<arg>2</arg>
<doc>Pauses the test executed for the given time.</doc>
<msg timestamp="20220207 21:15:53.841" level="INFO">Slept 2 seconds</msg>
<status status="PASS" starttime="20220207 21:15:51.836" endtime="20220207 21:15:53.841"/>
</kw>
<kw name="Select From List By Index" library="SeleniumLibrary">
<arg>SiteMap</arg>
<arg>3</arg>
<doc>Selects options from selection list ``locator`` by ``indexes``.</doc>
<msg timestamp="20220207 21:15:53.842" level="INFO">Selecting options from selection list 'SiteMap' by index 3.</msg>
<status status="PASS" starttime="20220207 21:15:53.842" endtime="20220207 21:15:53.918"/>
</kw>
<kw name="Sleep" library="BuiltIn">
<arg>2</arg>
<doc>Pauses the test executed for the given time.</doc>
<msg timestamp="20220207 21:15:55.928" level="INFO">Slept 2 seconds</msg>
<status status="PASS" starttime="20220207 21:15:53.918" endtime="20220207 21:15:55.928"/>
</kw>
<kw name="Select From List By Value" library="SeleniumLibrary">
<arg>SiteMap</arg>
<arg>mno</arg>
<doc>Selects options from selection list ``locator`` by ``values``.</doc>
<msg timestamp="20220207 21:15:55.929" level="INFO">Selecting options from selection list 'SiteMap' by value mno.</msg>
<status status="PASS" starttime="20220207 21:15:55.929" endtime="20220207 21:15:55.974"/>
</kw>
<kw name="Sleep" library="BuiltIn">
<arg>2</arg>
<doc>Pauses the test executed for the given time.</doc>
<msg timestamp="20220207 21:15:57.987" level="INFO">Slept 2 seconds</msg>
<status status="PASS" starttime="20220207 21:15:55.975" endtime="20220207 21:15:57.987"/>
</kw>
<kw name="Select From List By Label" library="SeleniumLibrary">
<arg>multiselect1</arg>
<arg>Volvo</arg>
<doc>Selects options from selection list ``locator`` by ``labels``.</doc>
<msg timestamp="20220207 21:15:57.989" level="INFO">Selecting options from selection list 'multiselect1' by label Volvo.</msg>
<status status="PASS" starttime="20220207 21:15:57.988" endtime="20220207 21:15:58.041"/>
</kw>
<kw name="Select From List By Index" library="SeleniumLibrary">
<arg>multiselect1</arg>
<arg>2</arg>
<doc>Selects options from selection list ``locator`` by ``indexes``.</doc>
<msg timestamp="20220207 21:15:58.042" level="INFO">Selecting options from selection list 'multiselect1' by index 2.</msg>
<status status="PASS" starttime="20220207 21:15:58.042" endtime="20220207 21:15:58.110"/>
</kw>
<kw name="Select From List By Value" library="SeleniumLibrary">
<arg>multiselect1</arg>
<arg>audix</arg>
<doc>Selects options from selection list ``locator`` by ``values``.</doc>
<msg timestamp="20220207 21:15:58.111" level="INFO">Selecting options from selection list 'multiselect1' by value audix.</msg>
<status status="PASS" starttime="20220207 21:15:58.111" endtime="20220207 21:15:58.158"/>
</kw>
<kw name="Sleep" library="BuiltIn">
<arg>2</arg>
<doc>Pauses the test executed for the given time.</doc>
<msg timestamp="20220207 21:16:00.171" level="INFO">Slept 2 seconds</msg>
<status status="PASS" starttime="20220207 21:15:58.158" endtime="20220207 21:16:00.172"/>
</kw>
<kw name="Unselect From List By Label" library="SeleniumLibrary">
<arg>multiselect1</arg>
<arg>Volvo</arg>
<doc>Unselects options from selection list ``locator`` by ``labels``.</doc>
<msg timestamp="20220207 21:16:00.176" level="INFO">Un-selecting options from selection list 'multiselect1' by label Volvo.</msg>
<status status="PASS" starttime="20220207 21:16:00.175" endtime="20220207 21:16:00.272"/>
</kw>
<kw name="Unselect From List By Index" library="SeleniumLibrary">
<arg>multiselect1</arg>
<arg>2</arg>
<doc>Unselects options from selection list ``locator`` by ``indexes``.</doc>
<msg timestamp="20220207 21:16:00.273" level="INFO">Un-selecting options from selection list 'multiselect1' by index 2.</msg>
<status status="PASS" starttime="20220207 21:16:00.273" endtime="20220207 21:16:00.336"/>
</kw>
<kw name="Unselect From List By Value" library="SeleniumLibrary">
<arg>multiselect1</arg>
<arg>audix</arg>
<doc>Unselects options from selection list ``locator`` by ``values``.</doc>
<msg timestamp="20220207 21:16:00.337" level="INFO">Un-selecting options from selection list 'multiselect1' by value audix.</msg>
<status status="PASS" starttime="20220207 21:16:00.336" endtime="20220207 21:16:00.379"/>
</kw>
<kw name="Select From List By Label" library="SeleniumLibrary">
<arg>multiselect1</arg>
<arg>Swift</arg>
<doc>Selects options from selection list ``locator`` by ``labels``.</doc>
<msg timestamp="20220207 21:16:00.380" level="INFO">Selecting options from selection list 'multiselect1' by label Swift.</msg>
<status status="PASS" starttime="20220207 21:16:00.379" endtime="20220207 21:16:00.426"/>
</kw>
<kw name="Sleep" library="BuiltIn">
<arg>2</arg>
<doc>Pauses the test executed for the given time.</doc>
<msg timestamp="20220207 21:16:02.429" level="INFO">Slept 2 seconds</msg>
<status status="PASS" starttime="20220207 21:16:00.427" endtime="20220207 21:16:02.430"/>
</kw>
<status status="PASS" starttime="20220207 21:15:46.382" endtime="20220207 21:16:02.434"/>
</test>
<status status="PASS" starttime="20220207 21:15:46.372" endtime="20220207 21:16:02.439"/>
</suite>
<suite id="s1-s9" name="Frames" source="D:\Skill_development\Robotframework_sample\TestCases\Frames.robot">
<test id="s1-s9-t1" name="Testing Frames">
<kw name="Open Browser" library="SeleniumLibrary">
<arg>https://www.selenium.dev/selenium/docs/api/java/index.html?overview-summary.html</arg>
<arg>chrome</arg>
<doc>Opens a new browser instance to the optional ``url``.</doc>
<msg timestamp="20220207 21:16:02.458" level="INFO">Opening browser 'chrome' to base url 'https://www.selenium.dev/selenium/docs/api/java/index.html?overview-summary.html'.</msg>
<status status="PASS" starttime="20220207 21:16:02.458" endtime="20220207 21:16:04.689"/>
</kw>
<kw name="Maximize Browser Window" library="SeleniumLibrary">
<doc>Maximizes current browser window.</doc>
<status status="PASS" starttime="20220207 21:16:04.690" endtime="20220207 21:16:04.809"/>
</kw>
<kw name="Select Frame" library="SeleniumLibrary">
<arg>packageListFrame</arg>
<doc>Sets frame identified by ``locator`` as the current frame.</doc>
<msg timestamp="20220207 21:16:04.810" level="INFO">Selecting frame 'packageListFrame'.</msg>
<status status="PASS" starttime="20220207 21:16:04.809" endtime="20220207 21:16:04.838"/>
</kw>
<kw name="Click Link" library="SeleniumLibrary">
<arg>org.openqa.selenium</arg>
<doc>Clicks a link identified by ``locator``.</doc>
<msg timestamp="20220207 21:16:04.840" level="INFO">Clicking link 'org.openqa.selenium'.</msg>
<status status="PASS" starttime="20220207 21:16:04.838" endtime="20220207 21:16:04.918"/>
</kw>
<kw name="Unselect Frame" library="SeleniumLibrary">
<doc>Sets the main frame as the current frame.</doc>
<status status="PASS" starttime="20220207 21:16:04.919" endtime="20220207 21:16:04.921"/>
</kw>
<kw name="Sleep" library="BuiltIn">
<arg>3</arg>
<doc>Pauses the test executed for the given time.</doc>
<msg timestamp="20220207 21:16:07.922" level="INFO">Slept 3 seconds</msg>
<status status="PASS" starttime="20220207 21:16:04.921" endtime="20220207 21:16:07.922"/>
</kw>
<kw name="Select Frame" library="SeleniumLibrary">
<arg>packageFrame</arg>
<doc>Sets frame identified by ``locator`` as the current frame.</doc>
<msg timestamp="20220207 21:16:07.922" level="INFO">Selecting frame 'packageFrame'.</msg>
<status status="PASS" starttime="20220207 21:16:07.922" endtime="20220207 21:16:07.947"/>
</kw>
<kw name="Click Link" library="SeleniumLibrary">
<arg>WebDriver</arg>
<doc>Clicks a link identified by ``locator``.</doc>
<msg timestamp="20220207 21:16:07.948" level="INFO">Clicking link 'WebDriver'.</msg>
<status status="PASS" starttime="20220207 21:16:07.948" endtime="20220207 21:16:08.016"/>
</kw>
<kw name="Unselect Frame" library="SeleniumLibrary">
<doc>Sets the main frame as the current frame.</doc>
<status status="PASS" starttime="20220207 21:16:08.017" endtime="20220207 21:16:08.019"/>
</kw>
<kw name="Sleep" library="BuiltIn">
<arg>3</arg>
<doc>Pauses the test executed for the given time.</doc>
<msg timestamp="20220207 21:16:11.020" level="INFO">Slept 3 seconds</msg>
<status status="PASS" starttime="20220207 21:16:08.020" endtime="20220207 21:16:11.020"/>
</kw>
<kw name="Select Frame" library="SeleniumLibrary">
<arg>classFrame</arg>
<doc>Sets frame identified by ``locator`` as the current frame.</doc>
<msg timestamp="20220207 21:16:11.021" level="INFO">Selecting frame 'classFrame'.</msg>
<status status="PASS" starttime="20220207 21:16:11.021" endtime="20220207 21:16:11.046"/>
</kw>
<kw name="Click Link" library="SeleniumLibrary">
<arg>Help</arg>
<doc>Clicks a link identified by ``locator``.</doc>
<msg timestamp="20220207 21:16:11.046" level="INFO">Clicking link 'Help'.</msg>
<status status="PASS" starttime="20220207 21:16:11.046" endtime="20220207 21:16:11.522"/>
</kw>
<kw name="Unselect Frame" library="SeleniumLibrary">
<doc>Sets the main frame as the current frame.</doc>
<status status="PASS" starttime="20220207 21:16:11.523" endtime="20220207 21:16:11.526"/>
</kw>
<kw name="Sleep" library="BuiltIn">
<arg>3</arg>
<doc>Pauses the test executed for the given time.</doc>
<msg timestamp="20220207 21:16:14.532" level="INFO">Slept 3 seconds</msg>
<status status="PASS" starttime="20220207 21:16:11.526" endtime="20220207 21:16:14.533"/>
</kw>
<kw name="Close Browser" library="SeleniumLibrary">
<doc>Closes the current browser.</doc>
<status status="PASS" starttime="20220207 21:16:14.536" endtime="20220207 21:16:16.695"/>
</kw>
<status status="PASS" starttime="20220207 21:16:02.456" endtime="20220207 21:16:16.700"/>
</test>
<status status="PASS" starttime="20220207 21:16:02.448" endtime="20220207 21:16:16.705"/>
</suite>
<suite id="s1-s10" name="getAllLinks" source="D:\Skill_development\Robotframework_sample\TestCases\getAllLinks.robot">
<test id="s1-s10-t1" name="GetAllLinks">
<kw name="Open Browser" library="SeleniumLibrary">
<arg>https://en.wikipedia.org/wiki/Website</arg>
<arg>chrome</arg>
<doc>Opens a new browser instance to the optional ``url``.</doc>
<msg timestamp="20220207 21:16:16.724" level="INFO">Opening browser 'chrome' to base url 'https://en.wikipedia.org/wiki/Website'.</msg>
<status status="PASS" starttime="20220207 21:16:16.724" endtime="20220207 21:16:21.078"/>
</kw>
<kw name="Maximize Browser Window" library="SeleniumLibrary">
<doc>Maximizes current browser window.</doc>
<status status="PASS" starttime="20220207 21:16:21.079" endtime="20220207 21:16:21.196"/>
</kw>
<kw name="Get Element Count" library="SeleniumLibrary">
<var>${Alllinkscount}</var>
<arg>xpath://a</arg>
<doc>Returns the number of elements matching ``locator``.</doc>
<msg timestamp="20220207 21:16:21.267" level="INFO">${Alllinkscount} = 613</msg>
<status status="PASS" starttime="20220207 21:16:21.197" endtime="20220207 21:16:21.267"/>
</kw>
<kw name="Log To Console" library="BuiltIn">
<arg>${Alllinkscount}</arg>
<doc>Logs the given message to the console.</doc>
<status status="PASS" starttime="20220207 21:16:21.268" endtime="20220207 21:16:21.269"/>
</kw>
<for flavor="IN RANGE">
<var>${i}</var>
<value>1</value>
<value>${Alllinkscount}+1</value>
<iter>
<var name="${i}">1</var>
<kw name="Get Text" library="SeleniumLibrary">
<var>${Linktext}</var>
<arg>xpath:(//a)[${i}]</arg>
<doc>Returns the text value of the element identified by ``locator``.</doc>
<msg timestamp="20220207 21:16:21.292" level="INFO">${Linktext} = </msg>
<status status="PASS" starttime="20220207 21:16:21.269" endtime="20220207 21:16:21.292"/>
</kw>
<kw name="Log To Console" library="BuiltIn">
<arg>${Linktext}</arg>
<doc>Logs the given message to the console.</doc>
<status status="PASS" starttime="20220207 21:16:21.292" endtime="20220207 21:16:21.292"/>
</kw>
<status status="PASS" starttime="20220207 21:16:21.269" endtime="20220207 21:16:21.292"/>
</iter>
<iter>
<var name="${i}">2</var>
<kw name="Get Text" library="SeleniumLibrary">
<var>${Linktext}</var>
<arg>xpath:(//a)[${i}]</arg>
<doc>Returns the text value of the element identified by ``locator``.</doc>
<msg timestamp="20220207 21:16:21.317" level="INFO">${Linktext} = Wiki Loves Folklore Photograph your local culture, help Wikipedia and win!</msg>
<status status="PASS" starttime="20220207 21:16:21.293" endtime="20220207 21:16:21.317"/>
</kw>
<kw name="Log To Console" library="BuiltIn">
<arg>${Linktext}</arg>
<doc>Logs the given message to the console.</doc>
<status status="PASS" starttime="20220207 21:16:21.317" endtime="20220207 21:16:21.317"/>
</kw>
<status status="PASS" starttime="20220207 21:16:21.292" endtime="20220207 21:16:21.317"/>
</iter>
<iter>
<var name="${i}">3</var>
<kw name="Get Text" library="SeleniumLibrary">
<var>${Linktext}</var>
<arg>xpath:(//a)[${i}]</arg>
<doc>Returns the text value of the element identified by ``locator``.</doc>
<msg timestamp="20220207 21:16:21.339" level="INFO">${Linktext} = </msg>
<status status="PASS" starttime="20220207 21:16:21.318" endtime="20220207 21:16:21.339"/>
</kw>
<kw name="Log To Console" library="BuiltIn">
<arg>${Linktext}</arg>
<doc>Logs the given message to the console.</doc>
<status status="PASS" starttime="20220207 21:16:21.339" endtime="20220207 21:16:21.339"/>
</kw>
<status status="PASS" starttime="20220207 21:16:21.318" endtime="20220207 21:16:21.340"/>
</iter>
<iter>
<var name="${i}">4</var>
<kw name="Get Text" library="SeleniumLibrary">
<var>${Linktext}</var>
<arg>xpath:(//a)[${i}]</arg>
<doc>Returns the text value of the element identified by ``locator``.</doc>
<msg timestamp="20220207 21:16:21.361" level="INFO">${Linktext} = </msg>
<status status="PASS" starttime="20220207 21:16:21.340" endtime="20220207 21:16:21.361"/>
</kw>
<kw name="Log To Console" library="BuiltIn">
<arg>${Linktext}</arg>
<doc>Logs the given message to the console.</doc>
<status status="PASS" starttime="20220207 21:16:21.361" endtime="20220207 21:16:21.364"/>
</kw>
<status status="PASS" starttime="20220207 21:16:21.340" endtime="20220207 21:16:21.365"/>
</iter>
<iter>
<var name="${i}">5</var>
<kw name="Get Text" library="SeleniumLibrary">
<var>${Linktext}</var>
<arg>xpath:(//a)[${i}]</arg>
<doc>Returns the text value of the element identified by ``locator``.</doc>
<msg timestamp="20220207 21:16:21.397" level="INFO">${Linktext} = Jump to navigation</msg>
<status status="PASS" starttime="20220207 21:16:21.365" endtime="20220207 21:16:21.397"/>
</kw>
<kw name="Log To Console" library="BuiltIn">
<arg>${Linktext}</arg>
<doc>Logs the given message to the console.</doc>
<status status="PASS" starttime="20220207 21:16:21.397" endtime="20220207 21:16:21.398"/>
</kw>
<status status="PASS" starttime="20220207 21:16:21.365" endtime="20220207 21:16:21.398"/>
</iter>
<iter>
<var name="${i}">6</var>
<kw name="Get Text" library="SeleniumLibrary">
<var>${Linktext}</var>
<arg>xpath:(//a)[${i}]</arg>
<doc>Returns the text value of the element identified by ``locator``.</doc>
<msg timestamp="20220207 21:16:21.420" level="INFO">${Linktext} = Jump to search</msg>
<status status="PASS" starttime="20220207 21:16:21.399" endtime="20220207 21:16:21.420"/>
</kw>
<kw name="Log To Console" library="BuiltIn">
<arg>${Linktext}</arg>
<doc>Logs the given message to the console.</doc>
<status status="PASS" starttime="20220207 21:16:21.420" endtime="20220207 21:16:21.420"/>
</kw>
<status status="PASS" starttime="20220207 21:16:21.398" endtime="20220207 21:16:21.420"/>
</iter>
<iter>
<var name="${i}">7</var>
<kw name="Get Text" library="SeleniumLibrary">
<var>${Linktext}</var>
<arg>xpath:(//a)[${i}]</arg>
<doc>Returns the text value of the element identified by ``locator``.</doc>
<msg timestamp="20220207 21:16:21.440" level="INFO">${Linktext} = List of Internet top-level domains</msg>
<status status="PASS" starttime="20220207 21:16:21.421" endtime="20220207 21:16:21.440"/>
</kw>
<kw name="Log To Console" library="BuiltIn">
<arg>${Linktext}</arg>
<doc>Logs the given message to the console.</doc>
<status status="PASS" starttime="20220207 21:16:21.440" endtime="20220207 21:16:21.440"/>
</kw>
<status status="PASS" starttime="20220207 21:16:21.421" endtime="20220207 21:16:21.440"/>
</iter>
<iter>
<var name="${i}">8</var>
<kw name="Get Text" library="SeleniumLibrary">
<var>${Linktext}</var>
<arg>xpath:(//a)[${i}]</arg>
<doc>Returns the text value of the element identified by ``locator``.</doc>
<msg timestamp="20220207 21:16:21.460" level="INFO">${Linktext} = WebCite</msg>
<status status="PASS" starttime="20220207 21:16:21.441" endtime="20220207 21:16:21.460"/>
</kw>
<kw name="Log To Console" library="BuiltIn">
<arg>${Linktext}</arg>
<doc>Logs the given message to the console.</doc>
<status status="PASS" starttime="20220207 21:16:21.460" endtime="20220207 21:16:21.460"/>
</kw>
<status status="PASS" starttime="20220207 21:16:21.441" endtime="20220207 21:16:21.460"/>
</iter>
<iter>
<var name="${i}">9</var>
<kw name="Get Text" library="SeleniumLibrary">
<var>${Linktext}</var>
<arg>xpath:(//a)[${i}]</arg>
<doc>Returns the text value of the element identified by ``locator``.</doc>
<msg timestamp="20220207 21:16:21.481" level="INFO">${Linktext} = </msg>
<status status="PASS" starttime="20220207 21:16:21.461" endtime="20220207 21:16:21.481"/>
</kw>
<kw name="Log To Console" library="BuiltIn">
<arg>${Linktext}</arg>
<doc>Logs the given message to the console.</doc>
<status status="PASS" starttime="20220207 21:16:21.481" endtime="20220207 21:16:21.482"/>
</kw>
<status status="PASS" starttime="20220207 21:16:21.461" endtime="20220207 21:16:21.482"/>
</iter>
<iter>
<var name="${i}">10</var>
<kw name="Get Text" library="SeleniumLibrary">
<var>${Linktext}</var>
<arg>xpath:(//a)[${i}]</arg>
<doc>Returns the text value of the element identified by ``locator``.</doc>
<msg timestamp="20220207 21:16:21.501" level="INFO">${Linktext} = </msg>
<status status="PASS" starttime="20220207 21:16:21.482" endtime="20220207 21:16:21.501"/>
</kw>
<kw name="Log To Console" library="BuiltIn">
<arg>${Linktext}</arg>
<doc>Logs the given message to the console.</doc>
<status status="PASS" starttime="20220207 21:16:21.501" endtime="20220207 21:16:21.501"/>
</kw>
<status status="PASS" starttime="20220207 21:16:21.482" endtime="20220207 21:16:21.501"/>
</iter>
<iter>
<var name="${i}">11</var>
<kw name="Get Text" library="SeleniumLibrary">
<var>${Linktext}</var>
<arg>xpath:(//a)[${i}]</arg>
<doc>Returns the text value of the element identified by ``locator``.</doc>
<msg timestamp="20220207 21:16:21.521" level="INFO">${Linktext} = usap.gov</msg>
<status status="PASS" starttime="20220207 21:16:21.501" endtime="20220207 21:16:21.521"/>
</kw>
<kw name="Log To Console" library="BuiltIn">
<arg>${Linktext}</arg>
<doc>Logs the given message to the console.</doc>
<status status="PASS" starttime="20220207 21:16:21.522" endtime="20220207 21:16:21.523"/>
</kw>
<status status="PASS" starttime="20220207 21:16:21.501" endtime="20220207 21:16:21.523"/>
</iter>
<iter>
<var name="${i}">12</var>
<kw name="Get Text" library="SeleniumLibrary">
<var>${Linktext}</var>
<arg>xpath:(//a)[${i}]</arg>
<doc>Returns the text value of the element identified by ``locator``.</doc>
<msg timestamp="20220207 21:16:21.542" level="INFO">${Linktext} = web pages</msg>
<status status="PASS" starttime="20220207 21:16:21.523" endtime="20220207 21:16:21.542"/>
</kw>
<kw name="Log To Console" library="BuiltIn">
<arg>${Linktext}</arg>
<doc>Logs the given message to the console.</doc>
<status status="PASS" starttime="20220207 21:16:21.542" endtime="20220207 21:16:21.543"/>
</kw>
<status status="PASS" starttime="20220207 21:16:21.523" endtime="20220207 21:16:21.543"/>
</iter>
<iter>
<var name="${i}">13</var>
<kw name="Get Text" library="SeleniumLibrary">
<var>${Linktext}</var>
<arg>xpath:(//a)[${i}]</arg>
<doc>Returns the text value of the element identified by ``locator``.</doc>
<msg timestamp="20220207 21:16:21.562" level="INFO">${Linktext} = domain name</msg>
<status status="PASS" starttime="20220207 21:16:21.543" endtime="20220207 21:16:21.562"/>
</kw>
<kw name="Log To Console" library="BuiltIn">
<arg>${Linktext}</arg>
<doc>Logs the given message to the console.</doc>
<status status="PASS" starttime="20220207 21:16:21.562" endtime="20220207 21:16:21.563"/>
</kw>
<status status="PASS" starttime="20220207 21:16:21.543" endtime="20220207 21:16:21.563"/>
</iter>
<iter>
<var name="${i}">14</var>
<kw name="Get Text" library="SeleniumLibrary">
<var>${Linktext}</var>
<arg>xpath:(//a)[${i}]</arg>
<doc>Returns the text value of the element identified by ``locator``.</doc>
<msg timestamp="20220207 21:16:21.582" level="INFO">${Linktext} = web server</msg>
<status status="PASS" starttime="20220207 21:16:21.563" endtime="20220207 21:16:21.582"/>
</kw>
<kw name="Log To Console" library="BuiltIn">
<arg>${Linktext}</arg>
<doc>Logs the given message to the console.</doc>
<status status="PASS" starttime="20220207 21:16:21.582" endtime="20220207 21:16:21.582"/>
</kw>
<status status="PASS" starttime="20220207 21:16:21.563" endtime="20220207 21:16:21.582"/>
</iter>
<iter>
<var name="${i}">15</var>
<kw name="Get Text" library="SeleniumLibrary">
<var>${Linktext}</var>
<arg>xpath:(//a)[${i}]</arg>
<doc>Returns the text value of the element identified by ``locator``.</doc>
<msg timestamp="20220207 21:16:21.602" level="INFO">${Linktext} = wikipedia.org</msg>
<status status="PASS" starttime="20220207 21:16:21.583" endtime="20220207 21:16:21.602"/>
</kw>
<kw name="Log To Console" library="BuiltIn">
<arg>${Linktext}</arg>
<doc>Logs the given message to the console.</doc>
<status status="PASS" starttime="20220207 21:16:21.602" endtime="20220207 21:16:21.603"/>
</kw>
<status status="PASS" starttime="20220207 21:16:21.583" endtime="20220207 21:16:21.603"/>
</iter>
<iter>
<var name="${i}">16</var>
<kw name="Get Text" library="SeleniumLibrary">
<var>${Linktext}</var>
<arg>xpath:(//a)[${i}]</arg>
<doc>Returns the text value of the element identified by ``locator``.</doc>
<msg timestamp="20220207 21:16:21.630" level="INFO">${Linktext} = google.com</msg>
<status status="PASS" starttime="20220207 21:16:21.603" endtime="20220207 21:16:21.630"/>
</kw>
<kw name="Log To Console" library="BuiltIn">
<arg>${Linktext}</arg>
<doc>Logs the given message to the console.</doc>
<status status="PASS" starttime="20220207 21:16:21.630" endtime="20220207 21:16:21.631"/>
</kw>
<status status="PASS" starttime="20220207 21:16:21.603" endtime="20220207 21:16:21.631"/>
</iter>
<iter>
<var name="${i}">17</var>
<kw name="Get Text" library="SeleniumLibrary">
<var>${Linktext}</var>
<arg>xpath:(//a)[${i}]</arg>
<doc>Returns the text value of the element identified by ``locator``.</doc>
<msg timestamp="20220207 21:16:21.650" level="INFO">${Linktext} = amazon.com</msg>
<status status="PASS" starttime="20220207 21:16:21.631" endtime="20220207 21:16:21.650"/>
</kw>
<kw name="Log To Console" library="BuiltIn">
<arg>${Linktext}</arg>
<doc>Logs the given message to the console.</doc>
<status status="PASS" starttime="20220207 21:16:21.650" endtime="20220207 21:16:21.651"/>
</kw>
<status status="PASS" starttime="20220207 21:16:21.631" endtime="20220207 21:16:21.651"/>
</iter>
<iter>
<var name="${i}">18</var>
<kw name="Get Text" library="SeleniumLibrary">
<var>${Linktext}</var>
<arg>xpath:(//a)[${i}]</arg>
<doc>Returns the text value of the element identified by ``locator``.</doc>
<msg timestamp="20220207 21:16:21.671" level="INFO">${Linktext} = World Wide Web</msg>
<status status="PASS" starttime="20220207 21:16:21.651" endtime="20220207 21:16:21.671"/>
</kw>
<kw name="Log To Console" library="BuiltIn">
<arg>${Linktext}</arg>
<doc>Logs the given message to the console.</doc>
<status status="PASS" starttime="20220207 21:16:21.671" endtime="20220207 21:16:21.673"/>
</kw>
<status status="PASS" starttime="20220207 21:16:21.651" endtime="20220207 21:16:21.673"/>
</iter>
<iter>
<var name="${i}">19</var>
<kw name="Get Text" library="SeleniumLibrary">
<var>${Linktext}</var>
<arg>xpath:(//a)[${i}]</arg>
<doc>Returns the text value of the element identified by ``locator``.</doc>
<msg timestamp="20220207 21:16:21.692" level="INFO">${Linktext} = private network</msg>
<status status="PASS" starttime="20220207 21:16:21.673" endtime="20220207 21:16:21.692"/>
</kw>
<kw name="Log To Console" library="BuiltIn">
<arg>${Linktext}</arg>
<doc>Logs the given message to the console.</doc>
<status status="PASS" starttime="20220207 21:16:21.692" endtime="20220207 21:16:21.692"/>
</kw>
<status status="PASS" starttime="20220207 21:16:21.673" endtime="20220207 21:16:21.692"/>
</iter>
<iter>
<var name="${i}">20</var>
<kw name="Get Text" library="SeleniumLibrary">
<var>${Linktext}</var>
<arg>xpath:(//a)[${i}]</arg>
<doc>Returns the text value of the element identified by ``locator``.</doc>
<msg timestamp="20220207 21:16:21.713" level="INFO">${Linktext} = social networking</msg>
<status status="PASS" starttime="20220207 21:16:21.693" endtime="20220207 21:16:21.713"/>
</kw>
<kw name="Log To Console" library="BuiltIn">
<arg>${Linktext}</arg>
<doc>Logs the given message to the console.</doc>
<status status="PASS" starttime="20220207 21:16:21.713" endtime="20220207 21:16:21.714"/>
</kw>
<status status="PASS" starttime="20220207 21:16:21.693" endtime="20220207 21:16:21.714"/>
</iter>
<iter>
<var name="${i}">21</var>
<kw name="Get Text" library="SeleniumLibrary">
<var>${Linktext}</var>
<arg>xpath:(//a)[${i}]</arg>
<doc>Returns the text value of the element identified by ``locator``.</doc>
<msg timestamp="20220207 21:16:21.734" level="INFO">${Linktext} = Hyperlinking</msg>
<status status="PASS" starttime="20220207 21:16:21.714" endtime="20220207 21:16:21.734"/>
</kw>
<kw name="Log To Console" library="BuiltIn">
<arg>${Linktext}</arg>
<doc>Logs the given message to the console.</doc>
<status status="PASS" starttime="20220207 21:16:21.734" endtime="20220207 21:16:21.734"/>
</kw>
<status status="PASS" starttime="20220207 21:16:21.714" endtime="20220207 21:16:21.735"/>
</iter>
<iter>
<var name="${i}">22</var>
<kw name="Get Text" library="SeleniumLibrary">
<var>${Linktext}</var>
<arg>xpath:(//a)[${i}]</arg>
<doc>Returns the text value of the element identified by ``locator``.</doc>
<msg timestamp="20220207 21:16:21.754" level="INFO">${Linktext} = home page</msg>
<status status="PASS" starttime="20220207 21:16:21.735" endtime="20220207 21:16:21.754"/>
</kw>
<kw name="Log To Console" library="BuiltIn">
<arg>${Linktext}</arg>
<doc>Logs the given message to the console.</doc>
<status status="PASS" starttime="20220207 21:16:21.754" endtime="20220207 21:16:21.755"/>
</kw>
<status status="PASS" starttime="20220207 21:16:21.735" endtime="20220207 21:16:21.755"/>
</iter>
<iter>
<var name="${i}">23</var>
<kw name="Get Text" library="SeleniumLibrary">
<var>${Linktext}</var>
<arg>xpath:(//a)[${i}]</arg>
<doc>Returns the text value of the element identified by ``locator``.</doc>
<msg timestamp="20220207 21:16:21.775" level="INFO">${Linktext} = Users</msg>
<status status="PASS" starttime="20220207 21:16:21.755" endtime="20220207 21:16:21.775"/>
</kw>
<kw name="Log To Console" library="BuiltIn">
<arg>${Linktext}</arg>
<doc>Logs the given message to the console.</doc>
<status status="PASS" starttime="20220207 21:16:21.775" endtime="20220207 21:16:21.776"/>
</kw>
<status status="PASS" starttime="20220207 21:16:21.755" endtime="20220207 21:16:21.776"/>
</iter>
<iter>
<var name="${i}">24</var>
<kw name="Get Text" library="SeleniumLibrary">
<var>${Linktext}</var>
<arg>xpath:(//a)[${i}]</arg>
<doc>Returns the text value of the element identified by ``locator``.</doc>
<msg timestamp="20220207 21:16:21.795" level="INFO">${Linktext} = desktops</msg>
<status status="PASS" starttime="20220207 21:16:21.776" endtime="20220207 21:16:21.795"/>
</kw>
<kw name="Log To Console" library="BuiltIn">
<arg>${Linktext}</arg>
<doc>Logs the given message to the console.</doc>
<status status="PASS" starttime="20220207 21:16:21.795" endtime="20220207 21:16:21.796"/>
</kw>
<status status="PASS" starttime="20220207 21:16:21.776" endtime="20220207 21:16:21.796"/>
</iter>
<iter>
<var name="${i}">25</var>
<kw name="Get Text" library="SeleniumLibrary">
<var>${Linktext}</var>
<arg>xpath:(//a)[${i}]</arg>
<doc>Returns the text value of the element identified by ``locator``.</doc>
<msg timestamp="20220207 21:16:21.816" level="INFO">${Linktext} = laptops</msg>
<status status="PASS" starttime="20220207 21:16:21.796" endtime="20220207 21:16:21.816"/>
</kw>
<kw name="Log To Console" library="BuiltIn">
<arg>${Linktext}</arg>
<doc>Logs the given message to the console.</doc>
<status status="PASS" starttime="20220207 21:16:21.816" endtime="20220207 21:16:21.817"/>
</kw>
<status status="PASS" starttime="20220207 21:16:21.796" endtime="20220207 21:16:21.817"/>
</iter>
<iter>
<var name="${i}">26</var>
<kw name="Get Text" library="SeleniumLibrary">
<var>${Linktext}</var>
<arg>xpath:(//a)[${i}]</arg>
<doc>Returns the text value of the element identified by ``locator``.</doc>
<msg timestamp="20220207 21:16:21.837" level="INFO">${Linktext} = tablets</msg>
<status status="PASS" starttime="20220207 21:16:21.817" endtime="20220207 21:16:21.837"/>
</kw>
<kw name="Log To Console" library="BuiltIn">
<arg>${Linktext}</arg>
<doc>Logs the given message to the console.</doc>
<status status="PASS" starttime="20220207 21:16:21.837" endtime="20220207 21:16:21.837"/>
</kw>
<status status="PASS" starttime="20220207 21:16:21.817" endtime="20220207 21:16:21.837"/>
</iter>
<iter>
<var name="${i}">27</var>
<kw name="Get Text" library="SeleniumLibrary">
<var>${Linktext}</var>
<arg>xpath:(//a)[${i}]</arg>
<doc>Returns the text value of the element identified by ``locator``.</doc>
<msg timestamp="20220207 21:16:21.857" level="INFO">${Linktext} = smartphones</msg>
<status status="PASS" starttime="20220207 21:16:21.838" endtime="20220207 21:16:21.857"/>
</kw>
<kw name="Log To Console" library="BuiltIn">
<arg>${Linktext}</arg>
<doc>Logs the given message to the console.</doc>
<status status="PASS" starttime="20220207 21:16:21.857" endtime="20220207 21:16:21.858"/>
</kw>
<status status="PASS" starttime="20220207 21:16:21.838" endtime="20220207 21:16:21.858"/>
</iter>
<iter>
<var name="${i}">28</var>
<kw name="Get Text" library="SeleniumLibrary">
<var>${Linktext}</var>
<arg>xpath:(//a)[${i}]</arg>
<doc>Returns the text value of the element identified by ``locator``.</doc>
<msg timestamp="20220207 21:16:21.877" level="INFO">${Linktext} = app</msg>
<status status="PASS" starttime="20220207 21:16:21.858" endtime="20220207 21:16:21.877"/>
</kw>
<kw name="Log To Console" library="BuiltIn">
<arg>${Linktext}</arg>
<doc>Logs the given message to the console.</doc>
<status status="PASS" starttime="20220207 21:16:21.877" endtime="20220207 21:16:21.878"/>
</kw>
<status status="PASS" starttime="20220207 21:16:21.858" endtime="20220207 21:16:21.878"/>
</iter>
<iter>
<var name="${i}">29</var>
<kw name="Get Text" library="SeleniumLibrary">
<var>${Linktext}</var>
<arg>xpath:(//a)[${i}]</arg>
<doc>Returns the text value of the element identified by ``locator``.</doc>
<msg timestamp="20220207 21:16:21.896" level="INFO">${Linktext} = web browser</msg>
<status status="PASS" starttime="20220207 21:16:21.878" endtime="20220207 21:16:21.896"/>
</kw>
<kw name="Log To Console" library="BuiltIn">
<arg>${Linktext}</arg>
<doc>Logs the given message to the console.</doc>
<status status="PASS" starttime="20220207 21:16:21.897" endtime="20220207 21:16:21.897"/>
</kw>
<status status="PASS" starttime="20220207 21:16:21.878" endtime="20220207 21:16:21.897"/>
</iter>
<iter>
<var name="${i}">30</var>
<kw name="Get Text" library="SeleniumLibrary">
<var>${Linktext}</var>
<arg>xpath:(//a)[${i}]</arg>
<doc>Returns the text value of the element identified by ``locator``.</doc>
<msg timestamp="20220207 21:16:21.917" level="INFO">${Linktext} = 1 History</msg>
<status status="PASS" starttime="20220207 21:16:21.897" endtime="20220207 21:16:21.917"/>
</kw>
<kw name="Log To Console" library="BuiltIn">
<arg>${Linktext}</arg>
<doc>Logs the given message to the console.</doc>
<status status="PASS" starttime="20220207 21:16:21.917" endtime="20220207 21:16:21.918"/>
</kw>
<status status="PASS" starttime="20220207 21:16:21.897" endtime="20220207 21:16:21.918"/>
</iter>
<iter>
<var name="${i}">31</var>
<kw name="Get Text" library="SeleniumLibrary">
<var>${Linktext}</var>
<arg>xpath:(//a)[${i}]</arg>
<doc>Returns the text value of the element identified by ``locator``.</doc>
<msg timestamp="20220207 21:16:21.939" level="INFO">${Linktext} = 2 Overview</msg>
<status status="PASS" starttime="20220207 21:16:21.918" endtime="20220207 21:16:21.939"/>
</kw>
<kw name="Log To Console" library="BuiltIn">
<arg>${Linktext}</arg>
<doc>Logs the given message to the console.</doc>
[...]
<arg>name:LastName</arg>
<arg>John</arg>
<doc>Types the given ``text`` into the text field identified by ``locator``.</doc>
<msg timestamp="20220207 21:22:17.592" level="INFO">Typing text 'John' into text field 'name:LastName'.</msg>
<status status="PASS" starttime="20220207 21:22:17.590" endtime="20220207 21:22:20.789"/>
</kw>
<kw name="Input Text" library="SeleniumLibrary">
<arg>name:Email</arg>
<arg>anhc@gmail.com</arg>
<doc>Types the given ``text`` into the text field identified by ``locator``.</doc>
<msg timestamp="20220207 21:22:20.793" level="INFO">Typing text 'anhc@gmail.com' into text field 'name:Email'.</msg>
<status status="PASS" starttime="20220207 21:22:20.792" endtime="20220207 21:22:23.984"/>
</kw>
<kw name="Input Text" library="SeleniumLibrary">
<arg>name:Password</arg>
<arg>davidjohn</arg>
<doc>Types the given ``text`` into the text field identified by ``locator``.</doc>
<msg timestamp="20220207 21:22:23.990" level="INFO">Typing text 'davidjohn' into text field 'name:Password'.</msg>
<status status="PASS" starttime="20220207 21:22:23.989" endtime="20220207 21:22:27.184"/>
</kw>
<kw name="Input Text" library="SeleniumLibrary">
<arg>name:ConfirmPassword</arg>
<arg>davidjohn</arg>
<doc>Types the given ``text`` into the text field identified by ``locator``.</doc>
<msg timestamp="20220207 21:22:27.190" level="INFO">Typing text 'davidjohn' into text field 'name:ConfirmPassword'.</msg>
<status status="PASS" starttime="20220207 21:22:27.188" endtime="20220207 21:22:30.322"/>
</kw>
<kw name="Get Selenium Timeout" library="SeleniumLibrary">
<var>${time}</var>
<doc>Gets the timeout that is used by various keywords.</doc>
<msg timestamp="20220207 21:22:30.324" level="INFO">${time} = 10 seconds</msg>
<status status="PASS" starttime="20220207 21:22:30.323" endtime="20220207 21:22:30.324"/>
</kw>
<kw name="Log To Console" library="BuiltIn">
<arg>${time}</arg>
<doc>Logs the given message to the console.</doc>
<status status="PASS" starttime="20220207 21:22:30.325" endtime="20220207 21:22:30.326"/>
</kw>
<status status="PASS" starttime="20220207 21:22:03.691" endtime="20220207 21:22:30.326"/>
</test>
<status status="PASS" starttime="20220207 21:22:03.682" endtime="20220207 21:22:30.328"/>
</suite>
<suite id="s1-s26" name="UserKeywords with args" source="D:\Skill_development\Robotframework_sample\TestCases\UserKeywords_with_args.robot">
<test id="s1-s26-t1" name="TC1">
<kw name="LaunchScreen">
<arg>${url}</arg>
<arg>${browser}</arg>
<kw name="Open Browser" library="SeleniumLibrary">
<arg>${appurl}</arg>
<arg>${appbrowser}</arg>
<doc>Opens a new browser instance to the optional ``url``.</doc>
<msg timestamp="20220207 21:22:30.337" level="INFO">Opening browser 'chrome' to base url 'https://demo.nopcommerce.com'.</msg>
<status status="PASS" starttime="20220207 21:22:30.336" endtime="20220207 21:22:34.588"/>
</kw>
<kw name="Maximize Browser Window" library="SeleniumLibrary">
<doc>Maximizes current browser window.</doc>
<status status="PASS" starttime="20220207 21:22:34.588" endtime="20220207 21:22:35.739"/>
</kw>
<kw name="Click Link" library="SeleniumLibrary">
<arg>xpath://a[@class='ico-login']</arg>
<doc>Clicks a link identified by ``locator``.</doc>
<msg timestamp="20220207 21:22:35.739" level="INFO">Clicking link 'xpath://a[@class='ico-login']'.</msg>
<status status="PASS" starttime="20220207 21:22:35.739" endtime="20220207 21:23:10.548"/>
</kw>
<status status="PASS" starttime="20220207 21:22:30.335" endtime="20220207 21:23:10.549"/>
</kw>
<kw name="Input Text" library="SeleniumLibrary">
<arg>id:Email</arg>
<arg>johndavid@gmail.com</arg>
<doc>Types the given ``text`` into the text field identified by ``locator``.</doc>
<msg timestamp="20220207 21:23:10.553" level="INFO">Typing text 'johndavid@gmail.com' into text field 'id:Email'.</msg>
<msg timestamp="20220207 21:23:22.809" level="INFO" html="true">&lt;/td&gt;&lt;/tr&gt;&lt;tr&gt;&lt;td colspan="3"&gt;&lt;a href="selenium-screenshot-33.png"&gt;&lt;img src="selenium-screenshot-33.png" width="800px"&gt;&lt;/a&gt;</msg>
<msg timestamp="20220207 21:23:22.810" level="FAIL">Element with locator 'id:Email' not found.</msg>
<status status="FAIL" starttime="20220207 21:23:10.553" endtime="20220207 21:23:22.810"/>
</kw>
<kw name="Input Text" library="SeleniumLibrary">
<arg>id:Password</arg>
<arg>1234</arg>
<doc>Types the given ``text`` into the text field identified by ``locator``.</doc>
<status status="NOT RUN" starttime="20220207 21:23:22.812" endtime="20220207 21:23:22.812"/>
</kw>
<status status="FAIL" starttime="20220207 21:22:30.335" endtime="20220207 21:23:22.813">Element with locator 'id:Email' not found.</status>
</test>
<status status="FAIL" starttime="20220207 21:22:30.330" endtime="20220207 21:23:22.814"/>
</suite>
<suite id="s1-s27" name="UserKeywords with args and return" source="D:\Skill_development\Robotframework_sample\TestCases\UserKeywords_with_args_and_return.robot">
<test id="s1-s27-t1" name="TC1">
<kw name="LaunchScreen">
<var>${page_title}</var>
<arg>${url}</arg>
<arg>${browser}</arg>
<kw name="Open Browser" library="SeleniumLibrary">
<arg>${appurl}</arg>
<arg>${appbrowser}</arg>
<doc>Opens a new browser instance to the optional ``url``.</doc>
<msg timestamp="20220207 21:23:22.823" level="INFO">Opening browser 'chrome' to base url 'https://demo.nopcommerce.com'.</msg>
<status status="PASS" starttime="20220207 21:23:22.822" endtime="20220207 21:23:35.924"/>
</kw>
<kw name="Maximize Browser Window" library="SeleniumLibrary">
<doc>Maximizes current browser window.</doc>
<status status="PASS" starttime="20220207 21:23:35.924" endtime="20220207 21:23:37.062"/>
</kw>
<kw name="Click Link" library="SeleniumLibrary">
<arg>xpath://a[@class='ico-login']</arg>
<doc>Clicks a link identified by ``locator``.</doc>
<msg timestamp="20220207 21:23:37.064" level="INFO">Clicking link 'xpath://a[@class='ico-login']'.</msg>
<status status="PASS" starttime="20220207 21:23:37.062" endtime="20220207 21:23:40.655"/>
</kw>
<kw name="Get Title" library="SeleniumLibrary">
<var>${title}</var>
<doc>Returns the title of the current page.</doc>
<msg timestamp="20220207 21:23:41.668" level="INFO">${title} = nopCommerce demo store. Login</msg>
<status status="PASS" starttime="20220207 21:23:40.655" endtime="20220207 21:23:41.669"/>
</kw>
<msg timestamp="20220207 21:23:41.670" level="INFO">${page_title} = nopCommerce demo store. Login</msg>
<status status="PASS" starttime="20220207 21:23:22.821" endtime="20220207 21:23:41.670"/>
</kw>
<kw name="Log To Console" library="BuiltIn">
<arg>${page_title}</arg>
<doc>Logs the given message to the console.</doc>
<status status="PASS" starttime="20220207 21:23:41.675" endtime="20220207 21:23:41.676"/>
</kw>
<kw name="Log" library="BuiltIn">
<arg>${page_title}</arg>
<doc>Logs the given message with the given level.</doc>
<msg timestamp="20220207 21:23:41.678" level="INFO">nopCommerce demo store. Login</msg>
<status status="PASS" starttime="20220207 21:23:41.677" endtime="20220207 21:23:41.678"/>
</kw>
<kw name="Input Text" library="SeleniumLibrary">
<arg>id:Email</arg>
<arg>johndavid@gmail.com</arg>
<doc>Types the given ``text`` into the text field identified by ``locator``.</doc>
<msg timestamp="20220207 21:23:41.680" level="INFO">Typing text 'johndavid@gmail.com' into text field 'id:Email'.</msg>
<status status="PASS" starttime="20220207 21:23:41.679" endtime="20220207 21:23:44.856"/>
</kw>
<kw name="Input Text" library="SeleniumLibrary">
<arg>id:Password</arg>
<arg>1234</arg>
<doc>Types the given ``text`` into the text field identified by ``locator``.</doc>
<msg timestamp="20220207 21:23:44.860" level="INFO">Typing text '1234' into text field 'id:Password'.</msg>
<status status="PASS" starttime="20220207 21:23:44.859" endtime="20220207 21:23:48.019"/>
</kw>
<status status="PASS" starttime="20220207 21:23:22.821" endtime="20220207 21:23:48.024"/>
</test>
<status status="PASS" starttime="20220207 21:23:22.816" endtime="20220207 21:23:48.029"/>
</suite>
<suite id="s1-s28" name="UserKeywords with args and return external resources" source="D:\Skill_development\Robotframework_sample\TestCases\UserKeywords_with_args_and_return_external_resources.robot">
<test id="s1-s28-t1" name="TC1">
<kw name="LaunchScreen" library="resources">
<var>${page_title}</var>
<arg>${url}</arg>
<arg>${browser}</arg>
<kw name="Open Browser" library="SeleniumLibrary">
<arg>${appurl}</arg>
<arg>${appbrowser}</arg>
<doc>Opens a new browser instance to the optional ``url``.</doc>
<msg timestamp="20220207 21:23:48.058" level="INFO">Opening browser 'chrome' to base url 'https://demo.nopcommerce.com'.</msg>
<status status="PASS" starttime="20220207 21:23:48.057" endtime="20220207 21:23:51.258"/>
</kw>
<kw name="Maximize Browser Window" library="SeleniumLibrary">
<doc>Maximizes current browser window.</doc>
<status status="PASS" starttime="20220207 21:23:51.259" endtime="20220207 21:23:52.406"/>
</kw>
<kw name="Click Link" library="SeleniumLibrary">
<arg>xpath://a[@class='ico-login']</arg>
<doc>Clicks a link identified by ``locator``.</doc>
<msg timestamp="20220207 21:23:52.406" level="INFO">Clicking link 'xpath://a[@class='ico-login']'.</msg>
<status status="PASS" starttime="20220207 21:23:52.406" endtime="20220207 21:23:56.931"/>
</kw>
<kw name="Get Title" library="SeleniumLibrary">
<var>${title}</var>
<doc>Returns the title of the current page.</doc>
<msg timestamp="20220207 21:23:57.946" level="INFO">${title} = nopCommerce demo store. Login</msg>
<status status="PASS" starttime="20220207 21:23:56.932" endtime="20220207 21:23:57.946"/>
</kw>
<msg timestamp="20220207 21:23:57.948" level="INFO">${page_title} = nopCommerce demo store. Login</msg>
<status status="PASS" starttime="20220207 21:23:48.056" endtime="20220207 21:23:57.948"/>
</kw>
<kw name="Log To Console" library="BuiltIn">
<arg>${page_title}</arg>
<doc>Logs the given message to the console.</doc>
<status status="PASS" starttime="20220207 21:23:57.953" endtime="20220207 21:23:57.955"/>
</kw>
<kw name="Log" library="BuiltIn">
<arg>${page_title}</arg>
<doc>Logs the given message with the given level.</doc>
<msg timestamp="20220207 21:23:57.956" level="INFO">nopCommerce demo store. Login</msg>
<status status="PASS" starttime="20220207 21:23:57.955" endtime="20220207 21:23:57.956"/>
</kw>
<kw name="Input Text" library="SeleniumLibrary">
<arg>id:Email</arg>
<arg>johndavid@gmail.com</arg>
<doc>Types the given ``text`` into the text field identified by ``locator``.</doc>
<msg timestamp="20220207 21:23:57.958" level="INFO">Typing text 'johndavid@gmail.com' into text field 'id:Email'.</msg>
<status status="PASS" starttime="20220207 21:23:57.957" endtime="20220207 21:24:01.104"/>
</kw>
<kw name="Input Text" library="SeleniumLibrary">
<arg>id:Password</arg>
<arg>1234</arg>
<doc>Types the given ``text`` into the text field identified by ``locator``.</doc>
<msg timestamp="20220207 21:24:01.107" level="INFO">Typing text '1234' into text field 'id:Password'.</msg>
<status status="PASS" starttime="20220207 21:24:01.106" endtime="20220207 21:24:04.250"/>
</kw>
<status status="PASS" starttime="20220207 21:23:48.056" endtime="20220207 21:24:04.255"/>
</test>
<status status="PASS" starttime="20220207 21:23:48.036" endtime="20220207 21:24:04.259"/>
</suite>
<suite id="s1-s29" name="UserKeywords wo args" source="D:\Skill_development\Robotframework_sample\TestCases\UserKeywords_wo_args.robot">
<test id="s1-s29-t1" name="TC1">
<kw name="LaunchScreen">
<kw name="Open Browser" library="SeleniumLibrary">
<arg>${url}</arg>
<arg>${browser}</arg>
<doc>Opens a new browser instance to the optional ``url``.</doc>
<msg timestamp="20220207 21:24:04.284" level="INFO">Opening browser 'chrome' to base url 'https://demo.nopcommerce.com'.</msg>
<status status="PASS" starttime="20220207 21:24:04.284" endtime="20220207 21:24:07.325"/>
</kw>
<kw name="Maximize Browser Window" library="SeleniumLibrary">
<doc>Maximizes current browser window.</doc>
<status status="PASS" starttime="20220207 21:24:07.325" endtime="20220207 21:24:08.486"/>
</kw>
<kw name="Click Link" library="SeleniumLibrary">
<arg>xpath://a[@class='ico-login']</arg>
<doc>Clicks a link identified by ``locator``.</doc>
<msg timestamp="20220207 21:24:08.486" level="INFO">Clicking link 'xpath://a[@class='ico-login']'.</msg>
<status status="PASS" starttime="20220207 21:24:08.486" endtime="20220207 21:24:28.505"/>
</kw>
<status status="PASS" starttime="20220207 21:24:04.283" endtime="20220207 21:24:28.505"/>
</kw>
<kw name="Input Text" library="SeleniumLibrary">
<arg>id:Email</arg>
<arg>johndavid@gmail.com</arg>
<doc>Types the given ``text`` into the text field identified by ``locator``.</doc>
<msg timestamp="20220207 21:24:28.507" level="INFO">Typing text 'johndavid@gmail.com' into text field 'id:Email'.</msg>
<status status="PASS" starttime="20220207 21:24:28.506" endtime="20220207 21:24:31.679"/>
</kw>
<kw name="Input Text" library="SeleniumLibrary">
<arg>id:Password</arg>
<arg>1234</arg>
<doc>Types the given ``text`` into the text field identified by ``locator``.</doc>
<msg timestamp="20220207 21:24:31.684" level="INFO">Typing text '1234' into text field 'id:Password'.</msg>
<status status="PASS" starttime="20220207 21:24:31.683" endtime="20220207 21:24:34.891"/>
</kw>
<status status="PASS" starttime="20220207 21:24:04.282" endtime="20220207 21:24:34.893"/>
</test>
<status status="PASS" starttime="20220207 21:24:04.270" endtime="20220207 21:24:34.897"/>
</suite>
<status status="FAIL" starttime="20220207 21:14:11.130" endtime="20220207 21:24:34.907"/>
</suite>
<statistics>
<total>
<stat pass="38" fail="13" skip="0">All Tests</stat>
</total>
<tag>
<stat pass="2" fail="0" skip="0">regression</stat>
<stat pass="2" fail="0" skip="0">sanity</stat>
</tag>
<suite>
<stat pass="38" fail="13" skip="0" id="s1" name="TestCases">TestCases</stat>
<stat pass="1" fail="0" skip="0" id="s1-s1" name="Alerts">TestCases.Alerts</stat>
<stat pass="1" fail="0" skip="0" id="s1-s2" name="CaptureScreen">TestCases.CaptureScreen</stat>
<stat pass="1" fail="0" skip="0" id="s1-s3" name="CloseAll">TestCases.CloseAll</stat>
<stat pass="6" fail="7" skip="0" id="s1-s4" name="DBTesting">TestCases.DBTesting</stat>
<stat pass="0" fail="1" skip="0" id="s1-s5" name="DDT1">TestCases.DDT1</stat>
<stat pass="3" fail="0" skip="0" id="s1-s6" name="DDT2 CSV">TestCases.DDT2 CSV</stat>
<stat pass="0" fail="3" skip="0" id="s1-s7" name="DDT2 Excel">TestCases.DDT2 Excel</stat>
<stat pass="1" fail="0" skip="0" id="s1-s8" name="Dropdowns">TestCases.Dropdowns</stat>
<stat pass="1" fail="0" skip="0" id="s1-s9" name="Frames">TestCases.Frames</stat>
<stat pass="1" fail="0" skip="0" id="s1-s10" name="getAllLinks">TestCases.getAllLinks</stat>
<stat pass="1" fail="0" skip="0" id="s1-s11" name="ImplicitWaitTests">TestCases.ImplicitWaitTests</stat>
<stat pass="1" fail="0" skip="0" id="s1-s12" name="Inputbox">TestCases.Inputbox</stat>
<stat pass="1" fail="0" skip="0" id="s1-s13" name="LoginTest">TestCases.LoginTest</stat>
<stat pass="1" fail="0" skip="0" id="s1-s14" name="MouseOperations">TestCases.MouseOperations</stat>
<stat pass="1" fail="0" skip="0" id="s1-s15" name="NavigationalKeywords">TestCases.NavigationalKeywords</stat>
<stat pass="1" fail="0" skip="0" id="s1-s16" name="Radiobuttons">TestCases.Radiobuttons</stat>
<stat pass="1" fail="0" skip="0" id="s1-s17" name="Scrollingpage">TestCases.Scrollingpage</stat>
<stat pass="4" fail="0" skip="0" id="s1-s18" name="SetupAndTeardown">TestCases.SetupAndTeardown</stat>
<stat pass="1" fail="0" skip="0" id="s1-s19" name="Speedtest">TestCases.Speedtest</stat>
<stat pass="0" fail="1" skip="0" id="s1-s20" name="SwitchToMultileBrowsers">TestCases.SwitchToMultileBrowsers</stat>
<stat pass="1" fail="0" skip="0" id="s1-s21" name="TabbedWindows">TestCases.TabbedWindows</stat>
<stat pass="1" fail="0" skip="0" id="s1-s22" name="TableDemo">TestCases.TableDemo</stat>
<stat pass="4" fail="0" skip="0" id="s1-s23" name="Tagging">TestCases.Tagging</stat>
<stat pass="1" fail="0" skip="0" id="s1-s24" name="TC1">TestCases.TC1</stat>
<stat pass="1" fail="0" skip="0" id="s1-s25" name="TimeOutTests">TestCases.TimeOutTests</stat>
<stat pass="0" fail="1" skip="0" id="s1-s26" name="UserKeywords with args">TestCases.UserKeywords with args</stat>
<stat pass="1" fail="0" skip="0" id="s1-s27" name="UserKeywords with args and return">TestCases.UserKeywords with args and return</stat>
<stat pass="1" fail="0" skip="0" id="s1-s28" name="UserKeywords with args and return external resources">TestCases.UserKeywords with args and return external resources</stat>
<stat pass="1" fail="0" skip="0" id="s1-s29" name="UserKeywords wo args">TestCases.UserKeywords wo args</stat>
</suite>
</statistics>
<errors>
<msg timestamp="20220207 21:14:47.798" level="WARN">Multiple test cases with name 'Retrieve Records from person Table' executed in test suite 'TestCases.DBTesting'.</msg>
<msg timestamp="20220207 21:19:46.228" level="WARN">Retrying (Retry(total=2, connect=None, read=None, redirect=None, status=None)) after connection broken by 'NewConnectionError('&lt;urllib3.connection.HTTPConnection object at 0x00DF1E90&gt;: Failed to establish a new connection: [WinError 10061] No connection could be made because the target machine actively refused it')': /session/d920894c26e417adc06f96752071c79e/title</msg>
<msg timestamp="20220207 21:19:50.316" level="WARN">Retrying (Retry(total=1, connect=None, read=None, redirect=None, status=None)) after connection broken by 'NewConnectionError('&lt;urllib3.connection.HTTPConnection object at 0x00E0ED50&gt;: Failed to establish a new connection: [WinError 10061] No connection could be made because the target machine actively refused it')': /session/d920894c26e417adc06f96752071c79e/title</msg>
<msg timestamp="20220207 21:19:54.422" level="WARN">Retrying (Retry(total=0, connect=None, read=None, redirect=None, status=None)) after connection broken by 'NewConnectionError('&lt;urllib3.connection.HTTPConnection object at 0x00E0EC70&gt;: Failed to establish a new connection: [WinError 10061] No connection could be made because the target machine actively refused it')': /session/d920894c26e417adc06f96752071c79e/title</msg>
<msg timestamp="20220207 21:20:02.589" level="WARN">Retrying (Retry(total=2, connect=None, read=None, redirect=None, status=None)) after connection broken by 'NewConnectionError('&lt;urllib3.connection.HTTPConnection object at 0x00E0EF30&gt;: Failed to establish a new connection: [WinError 10061] No connection could be made because the target machine actively refused it')': /session/d920894c26e417adc06f96752071c79e/screenshot</msg>
<msg timestamp="20220207 21:20:06.663" level="WARN">Retrying (Retry(total=1, connect=None, read=None, redirect=None, status=None)) after connection broken by 'NewConnectionError('&lt;urllib3.connection.HTTPConnection object at 0x00E0E7F0&gt;: Failed to establish a new connection: [WinError 10061] No connection could be made because the target machine actively refused it')': /session/d920894c26e417adc06f96752071c79e/screenshot</msg>
<msg timestamp="20220207 21:20:10.738" level="WARN">Retrying (Retry(total=0, connect=None, read=None, redirect=None, status=None)) after connection broken by 'NewConnectionError('&lt;urllib3.connection.HTTPConnection object at 0x00E22110&gt;: Failed to establish a new connection: [WinError 10061] No connection could be made because the target machine actively refused it')': /session/d920894c26e417adc06f96752071c79e/screenshot</msg>
<msg timestamp="20220207 21:20:14.834" level="WARN">Keyword 'Capture Page Screenshot' could not be run on failure: HTTPConnectionPool(host='localhost', port=54967): Max retries exceeded with url: /session/d920894c26e417adc06f96752071c79e/screenshot (Caused by NewConnectionError('&lt;urllib3.connection.HTTPConnection object at 0x00E221D0&gt;: Failed to establish a new connection: [WinError 10061] No connection could be made because the target machine actively refused it'))</msg>
</errors>
</robot>
