<?xml version="1.0" encoding="UTF-8"?>
<robot generator="Robot 4.1.3 (Python 3.7.4 on win32)" generated="20220119 17:47:16.798" rpa="false" schemaversion="2">
<suite id="s1" name="getAllLinks" source="D:\Skill_development\Robotframework_sample\TestCases\getAllLinks.robot">
<test id="s1-t1" name="GetAllLinks">
<kw name="Open Browser" library="SeleniumLibrary">
<arg>https://en.wikipedia.org/wiki/Website</arg>
<arg>chrome</arg>
<doc>Opens a new browser instance to the optional ``url``.</doc>
<msg timestamp="20220119 17:47:16.967" level="INFO">Opening browser 'chrome' to base url 'https://en.wikipedia.org/wiki/Website'.</msg>
<status status="PASS" starttime="20220119 17:47:16.967" endtime="20220119 17:47:21.146"/>
</kw>
<kw name="Maximize Browser Window" library="SeleniumLibrary">
<doc>Maximizes current browser window.</doc>
<status status="PASS" starttime="20220119 17:47:21.148" endtime="20220119 17:47:21.272"/>
</kw>
<kw name="Get Element Count" library="SeleniumLibrary">
<var>${Alllinkscount}</var>
<arg>xpath://a</arg>
<doc>Returns the number of elements matching ``locator``.</doc>
<msg timestamp="20220119 17:47:21.307" level="INFO">${Alllinkscount} = 608</msg>
<status status="PASS" starttime="20220119 17:47:21.272" endtime="20220119 17:47:21.307"/>
</kw>
<kw name="Log To Console" library="BuiltIn">
<arg>${Alllinkscount}</arg>
<doc>Logs the given message to the console.</doc>
<status status="PASS" starttime="20220119 17:47:21.307" endtime="20220119 17:47:21.307"/>
</kw>
<kw name="Create List" library="BuiltIn">
<var>@{LinkItems}</var>
<doc>Returns a list containing given items.</doc>
<msg timestamp="20220119 17:47:21.307" level="INFO">@{LinkItems} = [ ]</msg>
<status status="PASS" starttime="20220119 17:47:21.307" endtime="20220119 17:47:21.307"/>
</kw>
<for flavor="IN RANGE">
<var>${i}</var>
<value>1</value>
<value>${Alllinkscount}+1</value>
<iter>
<var name="${i}">1</var>
<kw name="Get Text" library="SeleniumLibrary">
<var>${Linktext}</var>
<arg>xpath:(//a)[${i}]</arg>
<doc>Returns the text value of the element identified by ``locator``.</doc>
<msg timestamp="20220119 17:47:21.323" level="INFO">${Linktext} = </msg>
<status status="PASS" starttime="20220119 17:47:21.307" endtime="20220119 17:47:21.323"/>
</kw>
<kw name="Log To Console" library="BuiltIn">
<arg>${Linktext}</arg>
<doc>Logs the given message to the console.</doc>
<status status="PASS" starttime="20220119 17:47:21.323" endtime="20220119 17:47:21.323"/>
</kw>
<status status="PASS" starttime="20220119 17:47:21.307" endtime="20220119 17:47:21.323"/>
</iter>
<iter>
<var name="${i}">2</var>
<kw name="Get Text" library="SeleniumLibrary">
<var>${Linktext}</var>
<arg>xpath:(//a)[${i}]</arg>
<doc>Returns the text value of the element identified by ``locator``.</doc>
<msg timestamp="20220119 17:47:21.339" level="INFO">${Linktext} = </msg>
<status status="PASS" starttime="20220119 17:47:21.323" endtime="20220119 17:47:21.339"/>
</kw>
<kw name="Log To Console" library="BuiltIn">
<arg>${Linktext}</arg>
<doc>Logs the given message to the console.</doc>
<status status="PASS" starttime="20220119 17:47:21.339" endtime="20220119 17:47:21.339"/>
</kw>
<status status="PASS" starttime="20220119 17:47:21.323" endtime="20220119 17:47:21.339"/>
</iter>
<iter>
<var name="${i}">3</var>
<kw name="Get Text" library="SeleniumLibrary">
<var>${Linktext}</var>
<arg>xpath:(//a)[${i}]</arg>
<doc>Returns the text value of the element identified by ``locator``.</doc>
<msg timestamp="20220119 17:47:21.370" level="INFO">${Linktext} = Jump to navigation</msg>
<status status="PASS" starttime="20220119 17:47:21.339" endtime="20220119 17:47:21.370"/>
</kw>
<kw name="Log To Console" library="BuiltIn">
<arg>${Linktext}</arg>
<doc>Logs the given message to the console.</doc>
<status status="PASS" starttime="20220119 17:47:21.370" endtime="20220119 17:47:21.370"/>
</kw>
<status status="PASS" starttime="20220119 17:47:21.339" endtime="20220119 17:47:21.370"/>
</iter>
<iter>
<var name="${i}">4</var>
<kw name="Get Text" library="SeleniumLibrary">
<var>${Linktext}</var>
<arg>xpath:(//a)[${i}]</arg>
<doc>Returns the text value of the element identified by ``locator``.</doc>
<msg timestamp="20220119 17:47:21.386" level="INFO">${Linktext} = Jump to search</msg>
<status status="PASS" starttime="20220119 17:47:21.370" endtime="20220119 17:47:21.386"/>
</kw>
<kw name="Log To Console" library="BuiltIn">
<arg>${Linktext}</arg>
<doc>Logs the given message to the console.</doc>
<status status="PASS" starttime="20220119 17:47:21.386" endtime="20220119 17:47:21.386"/>
</kw>
<status status="PASS" starttime="20220119 17:47:21.370" endtime="20220119 17:47:21.386"/>
</iter>
<iter>
<var name="${i}">5</var>
<kw name="Get Text" library="SeleniumLibrary">
<var>${Linktext}</var>
<arg>xpath:(//a)[${i}]</arg>
<doc>Returns the text value of the element identified by ``locator``.</doc>
<msg timestamp="20220119 17:47:21.408" level="INFO">${Linktext} = List of Internet top-level domains</msg>
<status status="PASS" starttime="20220119 17:47:21.386" endtime="20220119 17:47:21.408"/>
</kw>
<kw name="Log To Console" library="BuiltIn">
<arg>${Linktext}</arg>
<doc>Logs the given message to the console.</doc>
<status status="PASS" starttime="20220119 17:47:21.408" endtime="20220119 17:47:21.408"/>
</kw>
<status status="PASS" starttime="20220119 17:47:21.386" endtime="20220119 17:47:21.408"/>
</iter>
<iter>
<var name="${i}">6</var>
<kw name="Get Text" library="SeleniumLibrary">
<var>${Linktext}</var>
<arg>xpath:(//a)[${i}]</arg>
<doc>Returns the text value of the element identified by ``locator``.</doc>
<msg timestamp="20220119 17:47:21.429" level="INFO">${Linktext} = WebCite</msg>
<status status="PASS" starttime="20220119 17:47:21.408" endtime="20220119 17:47:21.429"/>
</kw>
<kw name="Log To Console" library="BuiltIn">
<arg>${Linktext}</arg>
<doc>Logs the given message to the console.</doc>
<status status="PASS" starttime="20220119 17:47:21.429" endtime="20220119 17:47:21.430"/>
</kw>
<status status="PASS" starttime="20220119 17:47:21.408" endtime="20220119 17:47:21.430"/>
</iter>
<iter>
<var name="${i}">7</var>
<kw name="Get Text" library="SeleniumLibrary">
<var>${Linktext}</var>
<arg>xpath:(//a)[${i}]</arg>
<doc>Returns the text value of the element identified by ``locator``.</doc>
<msg timestamp="20220119 17:47:21.448" level="INFO">${Linktext} = </msg>
<status status="PASS" starttime="20220119 17:47:21.430" endtime="20220119 17:47:21.448"/>
</kw>
<kw name="Log To Console" library="BuiltIn">
<arg>${Linktext}</arg>
<doc>Logs the given message to the console.</doc>
<status status="PASS" starttime="20220119 17:47:21.448" endtime="20220119 17:47:21.448"/>
</kw>
<status status="PASS" starttime="20220119 17:47:21.430" endtime="20220119 17:47:21.448"/>
</iter>
<iter>
<var name="${i}">8</var>
<kw name="Get Text" library="SeleniumLibrary">
<var>${Linktext}</var>
<arg>xpath:(//a)[${i}]</arg>
<doc>Returns the text value of the element identified by ``locator``.</doc>
<msg timestamp="20220119 17:47:21.467" level="INFO">${Linktext} = </msg>
<status status="PASS" starttime="20220119 17:47:21.449" endtime="20220119 17:47:21.467"/>
</kw>
<kw name="Log To Console" library="BuiltIn">
<arg>${Linktext}</arg>
<doc>Logs the given message to the console.</doc>
<status status="PASS" starttime="20220119 17:47:21.467" endtime="20220119 17:47:21.467"/>
</kw>
<status status="PASS" starttime="20220119 17:47:21.449" endtime="20220119 17:47:21.467"/>
</iter>
<iter>
<var name="${i}">9</var>
<kw name="Get Text" library="SeleniumLibrary">
<var>${Linktext}</var>
<arg>xpath:(//a)[${i}]</arg>
<doc>Returns the text value of the element identified by ``locator``.</doc>
<msg timestamp="20220119 17:47:21.487" level="INFO">${Linktext} = usap.gov</msg>
<status status="PASS" starttime="20220119 17:47:21.467" endtime="20220119 17:47:21.487"/>
</kw>
<kw name="Log To Console" library="BuiltIn">
<arg>${Linktext}</arg>
<doc>Logs the given message to the console.</doc>
<status status="PASS" starttime="20220119 17:47:21.487" endtime="20220119 17:47:21.488"/>
</kw>
<status status="PASS" starttime="20220119 17:47:21.467" endtime="20220119 17:47:21.488"/>
</iter>
<iter>
<var name="${i}">10</var>
<kw name="Get Text" library="SeleniumLibrary">
<var>${Linktext}</var>
<arg>xpath:(//a)[${i}]</arg>
<doc>Returns the text value of the element identified by ``locator``.</doc>
<msg timestamp="20220119 17:47:21.505" level="INFO">${Linktext} = web pages</msg>
<status status="PASS" starttime="20220119 17:47:21.488" endtime="20220119 17:47:21.505"/>
</kw>
<kw name="Log To Console" library="BuiltIn">
<arg>${Linktext}</arg>
<doc>Logs the given message to the console.</doc>
<status status="PASS" starttime="20220119 17:47:21.505" endtime="20220119 17:47:21.505"/>
</kw>
<status status="PASS" starttime="20220119 17:47:21.488" endtime="20220119 17:47:21.506"/>
</iter>
<iter>
<var name="${i}">11</var>
<kw name="Get Text" library="SeleniumLibrary">
<var>${Linktext}</var>
<arg>xpath:(//a)[${i}]</arg>
<doc>Returns the text value of the element identified by ``locator``.</doc>
<msg timestamp="20220119 17:47:21.526" level="INFO">${Linktext} = domain name</msg>
<status status="PASS" starttime="20220119 17:47:21.506" endtime="20220119 17:47:21.526"/>
</kw>
<kw name="Log To Console" library="BuiltIn">
<arg>${Linktext}</arg>
<doc>Logs the given message to the console.</doc>
<status status="PASS" starttime="20220119 17:47:21.526" endtime="20220119 17:47:21.527"/>
</kw>
<status status="PASS" starttime="20220119 17:47:21.506" endtime="20220119 17:47:21.527"/>
</iter>
<iter>
<var name="${i}">12</var>
<kw name="Get Text" library="SeleniumLibrary">
<var>${Linktext}</var>
<arg>xpath:(//a)[${i}]</arg>
<doc>Returns the text value of the element identified by ``locator``.</doc>
<msg timestamp="20220119 17:47:21.553" level="INFO">${Linktext} = web server</msg>
<status status="PASS" starttime="20220119 17:47:21.527" endtime="20220119 17:47:21.553"/>
</kw>
<kw name="Log To Console" library="BuiltIn">
<arg>${Linktext}</arg>
<doc>Logs the given message to the console.</doc>
<status status="PASS" starttime="20220119 17:47:21.554" endtime="20220119 17:47:21.554"/>
</kw>
<status status="PASS" starttime="20220119 17:47:21.527" endtime="20220119 17:47:21.554"/>
</iter>
<iter>
<var name="${i}">13</var>
<kw name="Get Text" library="SeleniumLibrary">
<var>${Linktext}</var>
<arg>xpath:(//a)[${i}]</arg>
<doc>Returns the text value of the element identified by ``locator``.</doc>
<msg timestamp="20220119 17:47:21.574" level="INFO">${Linktext} = wikipedia.org</msg>
<status status="PASS" starttime="20220119 17:47:21.554" endtime="20220119 17:47:21.574"/>
</kw>
<kw name="Log To Console" library="BuiltIn">
<arg>${Linktext}</arg>
<doc>Logs the given message to the console.</doc>
<status status="PASS" starttime="20220119 17:47:21.574" endtime="20220119 17:47:21.575"/>
</kw>
<status status="PASS" starttime="20220119 17:47:21.554" endtime="20220119 17:47:21.575"/>
</iter>
<iter>
<var name="${i}">14</var>
<kw name="Get Text" library="SeleniumLibrary">
<var>${Linktext}</var>
<arg>xpath:(//a)[${i}]</arg>
<doc>Returns the text value of the element identified by ``locator``.</doc>
<msg timestamp="20220119 17:47:21.594" level="INFO">${Linktext} = google.com</msg>
<status status="PASS" starttime="20220119 17:47:21.575" endtime="20220119 17:47:21.594"/>
</kw>
<kw name="Log To Console" library="BuiltIn">
<arg>${Linktext}</arg>
<doc>Logs the given message to the console.</doc>
<status status="PASS" starttime="20220119 17:47:21.594" endtime="20220119 17:47:21.594"/>
</kw>
<status status="PASS" starttime="20220119 17:47:21.575" endtime="20220119 17:47:21.594"/>
</iter>
<iter>
<var name="${i}">15</var>
<kw name="Get Text" library="SeleniumLibrary">
<var>${Linktext}</var>
<arg>xpath:(//a)[${i}]</arg>
<doc>Returns the text value of the element identified by ``locator``.</doc>
<msg timestamp="20220119 17:47:21.613" level="INFO">${Linktext} = amazon.com</msg>
<status status="PASS" starttime="20220119 17:47:21.595" endtime="20220119 17:47:21.613"/>
</kw>
<kw name="Log To Console" library="BuiltIn">
<arg>${Linktext}</arg>
<doc>Logs the given message to the console.</doc>
<status status="PASS" starttime="20220119 17:47:21.613" endtime="20220119 17:47:21.613"/>
</kw>
<status status="PASS" starttime="20220119 17:47:21.594" endtime="20220119 17:47:21.613"/>
</iter>
<iter>
<var name="${i}">16</var>
<kw name="Get Text" library="SeleniumLibrary">
<var>${Linktext}</var>
<arg>xpath:(//a)[${i}]</arg>
<doc>Returns the text value of the element identified by ``locator``.</doc>
<msg timestamp="20220119 17:47:21.632" level="INFO">${Linktext} = World Wide Web</msg>
<status status="PASS" starttime="20220119 17:47:21.614" endtime="20220119 17:47:21.632"/>
</kw>
<kw name="Log To Console" library="BuiltIn">
<arg>${Linktext}</arg>
<doc>Logs the given message to the console.</doc>
<status status="PASS" starttime="20220119 17:47:21.632" endtime="20220119 17:47:21.632"/>
</kw>
<status status="PASS" starttime="20220119 17:47:21.614" endtime="20220119 17:47:21.632"/>
</iter>
<iter>
<var name="${i}">17</var>
<kw name="Get Text" library="SeleniumLibrary">
<var>${Linktext}</var>
<arg>xpath:(//a)[${i}]</arg>
<doc>Returns the text value of the element identified by ``locator``.</doc>
<msg timestamp="20220119 17:47:21.640" level="INFO">${Linktext} = private network</msg>
<status status="PASS" starttime="20220119 17:47:21.632" endtime="20220119 17:47:21.640"/>
</kw>
<kw name="Log To Console" library="BuiltIn">
<arg>${Linktext}</arg>
<doc>Logs the given message to the console.</doc>
<status status="PASS" starttime="20220119 17:47:21.640" endtime="20220119 17:47:21.640"/>
</kw>
<status status="PASS" starttime="20220119 17:47:21.632" endtime="20220119 17:47:21.640"/>
</iter>
<iter>
<var name="${i}">18</var>
<kw name="Get Text" library="SeleniumLibrary">
<var>${Linktext}</var>
<arg>xpath:(//a)[${i}]</arg>
<doc>Returns the text value of the element identified by ``locator``.</doc>
<msg timestamp="20220119 17:47:21.656" level="INFO">${Linktext} = social networking</msg>
<status status="PASS" starttime="20220119 17:47:21.640" endtime="20220119 17:47:21.656"/>
</kw>
<kw name="Log To Console" library="BuiltIn">
<arg>${Linktext}</arg>
<doc>Logs the given message to the console.</doc>
<status status="PASS" starttime="20220119 17:47:21.656" endtime="20220119 17:47:21.656"/>
</kw>
<status status="PASS" starttime="20220119 17:47:21.640" endtime="20220119 17:47:21.656"/>
</iter>
<iter>
<var name="${i}">19</var>
<kw name="Get Text" library="SeleniumLibrary">
<var>${Linktext}</var>
<arg>xpath:(//a)[${i}]</arg>
<doc>Returns the text value of the element identified by ``locator``.</doc>
<msg timestamp="20220119 17:47:21.691" level="INFO">${Linktext} = Hyperlinking</msg>
<status status="PASS" starttime="20220119 17:47:21.671" endtime="20220119 17:47:21.691"/>
</kw>
<kw name="Log To Console" library="BuiltIn">
<arg>${Linktext}</arg>
<doc>Logs the given message to the console.</doc>
<status status="PASS" starttime="20220119 17:47:21.691" endtime="20220119 17:47:21.691"/>
</kw>
<status status="PASS" starttime="20220119 17:47:21.656" endtime="20220119 17:47:21.691"/>
</iter>
<iter>
<var name="${i}">20</var>
<kw name="Get Text" library="SeleniumLibrary">
<var>${Linktext}</var>
<arg>xpath:(//a)[${i}]</arg>
<doc>Returns the text value of the element identified by ``locator``.</doc>
<msg timestamp="20220119 17:47:21.709" level="INFO">${Linktext} = home page</msg>
<status status="PASS" starttime="20220119 17:47:21.691" endtime="20220119 17:47:21.709"/>
</kw>
<kw name="Log To Console" library="BuiltIn">
<arg>${Linktext}</arg>
<doc>Logs the given message to the console.</doc>
<status status="PASS" starttime="20220119 17:47:21.709" endtime="20220119 17:47:21.709"/>
</kw>
<status status="PASS" starttime="20220119 17:47:21.691" endtime="20220119 17:47:21.709"/>
</iter>
<iter>
<var name="${i}">21</var>
<kw name="Get Text" library="SeleniumLibrary">
<var>${Linktext}</var>
<arg>xpath:(//a)[${i}]</arg>
<doc>Returns the text value of the element identified by ``locator``.</doc>
<msg timestamp="20220119 17:47:21.725" level="INFO">${Linktext} = Users</msg>
<status status="PASS" starttime="20220119 17:47:21.709" endtime="20220119 17:47:21.725"/>
</kw>
<kw name="Log To Console" library="BuiltIn">
<arg>${Linktext}</arg>
<doc>Logs the given message to the console.</doc>
<status status="PASS" starttime="20220119 17:47:21.725" endtime="20220119 17:47:21.725"/>
</kw>
<status status="PASS" starttime="20220119 17:47:21.709" endtime="20220119 17:47:21.725"/>
</iter>
<iter>
<var name="${i}">22</var>
<kw name="Get Text" library="SeleniumLibrary">
<var>${Linktext}</var>
<arg>xpath:(//a)[${i}]</arg>
<doc>Returns the text value of the element identified by ``locator``.</doc>
<msg timestamp="20220119 17:47:21.740" level="INFO">${Linktext} = desktops</msg>
<status status="PASS" starttime="20220119 17:47:21.725" endtime="20220119 17:47:21.740"/>
</kw>
<kw name="Log To Console" library="BuiltIn">
<arg>${Linktext}</arg>
<doc>Logs the given message to the console.</doc>
<status status="PASS" starttime="20220119 17:47:21.740" endtime="20220119 17:47:21.740"/>
</kw>
<status status="PASS" starttime="20220119 17:47:21.725" endtime="20220119 17:47:21.740"/>
</iter>
<iter>
<var name="${i}">23</var>
<kw name="Get Text" library="SeleniumLibrary">
<var>${Linktext}</var>
<arg>xpath:(//a)[${i}]</arg>
<doc>Returns the text value of the element identified by ``locator``.</doc>
<msg timestamp="20220119 17:47:21.756" level="INFO">${Linktext} = laptops</msg>
<status status="PASS" starttime="20220119 17:47:21.740" endtime="20220119 17:47:21.756"/>
</kw>
<kw name="Log To Console" library="BuiltIn">
<arg>${Linktext}</arg>
<doc>Logs the given message to the console.</doc>
<status status="PASS" starttime="20220119 17:47:21.756" endtime="20220119 17:47:21.756"/>
</kw>
<status status="PASS" starttime="20220119 17:47:21.740" endtime="20220119 17:47:21.756"/>
</iter>
<iter>
<var name="${i}">24</var>
<kw name="Get Text" library="SeleniumLibrary">
<var>${Linktext}</var>
<arg>xpath:(//a)[${i}]</arg>
<doc>Returns the text value of the element identified by ``locator``.</doc>
<msg timestamp="20220119 17:47:21.772" level="INFO">${Linktext} = tablets</msg>
<status status="PASS" starttime="20220119 17:47:21.756" endtime="20220119 17:47:21.772"/>
</kw>
<kw name="Log To Console" library="BuiltIn">
<arg>${Linktext}</arg>
<doc>Logs the given message to the console.</doc>
<status status="PASS" starttime="20220119 17:47:21.772" endtime="20220119 17:47:21.772"/>
</kw>
<status status="PASS" starttime="20220119 17:47:21.756" endtime="20220119 17:47:21.772"/>
</iter>
<iter>
<var name="${i}">25</var>
<kw name="Get Text" library="SeleniumLibrary">
<var>${Linktext}</var>
<arg>xpath:(//a)[${i}]</arg>
<doc>Returns the text value of the element identified by ``locator``.</doc>
<msg timestamp="20220119 17:47:21.803" level="INFO">${Linktext} = smartphones</msg>
<status status="PASS" starttime="20220119 17:47:21.772" endtime="20220119 17:47:21.803"/>
</kw>
<kw name="Log To Console" library="BuiltIn">
<arg>${Linktext}</arg>
<doc>Logs the given message to the console.</doc>
<status status="PASS" starttime="20220119 17:47:21.803" endtime="20220119 17:47:21.803"/>
</kw>
<status status="PASS" starttime="20220119 17:47:21.772" endtime="20220119 17:47:21.803"/>
</iter>
<iter>
<var name="${i}">26</var>
<kw name="Get Text" library="SeleniumLibrary">
<var>${Linktext}</var>
<arg>xpath:(//a)[${i}]</arg>
<doc>Returns the text value of the element identified by ``locator``.</doc>
<msg timestamp="20220119 17:47:21.809" level="INFO">${Linktext} = app</msg>
<status status="PASS" starttime="20220119 17:47:21.803" endtime="20220119 17:47:21.809"/>
</kw>
<kw name="Log To Console" library="BuiltIn">
<arg>${Linktext}</arg>
<doc>Logs the given message to the console.</doc>
<status status="PASS" starttime="20220119 17:47:21.809" endtime="20220119 17:47:21.809"/>
</kw>
<status status="PASS" starttime="20220119 17:47:21.803" endtime="20220119 17:47:21.809"/>
</iter>
<iter>
<var name="${i}">27</var>
<kw name="Get Text" library="SeleniumLibrary">
<var>${Linktext}</var>
<arg>xpath:(//a)[${i}]</arg>
<doc>Returns the text value of the element identified by ``locator``.</doc>
<msg timestamp="20220119 17:47:21.841" level="INFO">${Linktext} = web browser</msg>
<status status="PASS" starttime="20220119 17:47:21.809" endtime="20220119 17:47:21.841"/>
</kw>
<kw name="Log To Console" library="BuiltIn">
<arg>${Linktext}</arg>
<doc>Logs the given message to the console.</doc>
<status status="PASS" starttime="20220119 17:47:21.841" endtime="20220119 17:47:21.841"/>
</kw>
<status status="PASS" starttime="20220119 17:47:21.809" endtime="20220119 17:47:21.841"/>
</iter>
<iter>
<var name="${i}">28</var>
<kw name="Get Text" library="SeleniumLibrary">
<var>${Linktext}</var>
<arg>xpath:(//a)[${i}]</arg>
<doc>Returns the text value of the element identified by ``locator``.</doc>
<msg timestamp="20220119 17:47:21.856" level="INFO">${Linktext} = 1 History</msg>
<status status="PASS" starttime="20220119 17:47:21.841" endtime="20220119 17:47:21.856"/>
</kw>
<kw name="Log To Console" library="BuiltIn">
<arg>${Linktext}</arg>
<doc>Logs the given message to the console.</doc>
<status status="PASS" starttime="20220119 17:47:21.856" endtime="20220119 17:47:21.856"/>
</kw>
<status status="PASS" starttime="20220119 17:47:21.841" endtime="20220119 17:47:21.856"/>
</iter>
<iter>
<var name="${i}">29</var>
<kw name="Get Text" library="SeleniumLibrary">
<var>${Linktext}</var>
<arg>xpath:(//a)[${i}]</arg>
<doc>Returns the text value of the element identified by ``locator``.</doc>
<msg timestamp="20220119 17:47:21.872" level="INFO">${Linktext} = 2 Overview</msg>
<status status="PASS" starttime="20220119 17:47:21.856" endtime="20220119 17:47:21.872"/>
</kw>
<kw name="Log To Console" library="BuiltIn">
<arg>${Linktext}</arg>
<doc>Logs the given message to the console.</doc>
<status status="PASS" starttime="20220119 17:47:21.872" endtime="20220119 17:47:21.872"/>
</kw>
<status status="PASS" starttime="20220119 17:47:21.856" endtime="20220119 17:47:21.872"/>
</iter>
<iter>
<var name="${i}">30</var>
<kw name="Get Text" library="SeleniumLibrary">
<var>${Linktext}</var>
<arg>xpath:(//a)[${i}]</arg>
<doc>Returns the text value of the element identified by ``locator``.</doc>
<msg timestamp="20220119 17:47:21.903" level="INFO">${Linktext} = 3 Static website</msg>
<status status="PASS" starttime="20220119 17:47:21.872" endtime="20220119 17:47:21.903"/>
</kw>
<kw name="Log To Console" library="BuiltIn">
<arg>${Linktext}</arg>
<doc>Logs the given message to the console.</doc>
<status status="PASS" starttime="20220119 17:47:21.903" endtime="20220119 17:47:21.903"/>
</kw>
<status status="PASS" starttime="20220119 17:47:21.872" endtime="20220119 17:47:21.903"/>
</iter>
<iter>
<var name="${i}">31</var>
<kw name="Get Text" library="SeleniumLibrary">
<var>${Linktext}</var>
<arg>xpath:(//a)[${i}]</arg>
<doc>Returns the text value of the element identified by ``locator``.</doc>
<msg timestamp="20220119 17:47:21.910" level="INFO">${Linktext} = 4 Dynamic website</msg>
<status status="PASS" starttime="20220119 17:47:21.903" endtime="20220119 17:47:21.910"/>
</kw>
<kw name="Log To Console" library="BuiltIn">
<arg>${Linktext}</arg>
<doc>Logs the given message to the console.</doc>
<status status="PASS" starttime="20220119 17:47:21.910" endtime="20220119 17:47:21.910"/>
</kw>
<status status="PASS" starttime="20220119 17:47:21.903" endtime="20220119 17:47:21.910"/>
</iter>
<iter>
<var name="${i}">32</var>
<kw name="Get Text" library="SeleniumLibrary">
<var>${Linktext}</var>
<arg>xpath:(//a)[${i}]</arg>
<doc>Returns the text value of the element identified by ``locator``.</doc>
<msg timestamp="20220119 17:47:21.941" level="INFO">${Linktext} = 5 Multimedia and interactive content</msg>
<status status="PASS" starttime="20220119 17:47:21.910" endtime="20220119 17:47:21.941"/>
</kw>
<kw name="Log To Console" library="BuiltIn">
<arg>${Linktext}</arg>
<doc>Logs the given message to the console.</doc>
<status status="PASS" starttime="20220119 17:47:21.941" endtime="20220119 17:47:21.941"/>
</kw>
<status status="PASS" starttime="20220119 17:47:21.910" endtime="20220119 17:47:21.941"/>
</iter>
<iter>
<var name="${i}">33</var>
<kw name="Get Text" library="SeleniumLibrary">
<var>${Linktext}</var>
<arg>xpath:(//a)[${i}]</arg>
<doc>Returns the text value of the element identified by ``locator``.</doc>
<msg timestamp="20220119 17:47:21.957" level="INFO">${Linktext} = 6 Types</msg>
<status status="PASS" starttime="20220119 17:47:21.941" endtime="20220119 17:47:21.957"/>
</kw>
<kw name="Log To Console" library="BuiltIn">
<arg>${Linktext}</arg>
<doc>Logs the given message to the console.</doc>
<status status="PASS" starttime="20220119 17:47:21.957" endtime="20220119 17:47:21.957"/>
</kw>
<status status="PASS" starttime="20220119 17:47:21.941" endtime="20220119 17:47:21.957"/>
</iter>
<iter>
<var name="${i}">34</var>
<kw name="Get Text" library="SeleniumLibrary">
<var>${Linktext}</var>
<arg>xpath:(//a)[${i}]</arg>
<doc>Returns the text value of the element identified by ``locator``.</doc>
<msg timestamp="20220119 17:47:21.972" level="INFO">${Linktext} = 7 Internet Users</msg>
<status status="PASS" starttime="20220119 17:47:21.957" endtime="20220119 17:47:21.972"/>
</kw>
<kw name="Log To Console" library="BuiltIn">
<arg>${Linktext}</arg>
<doc>Logs the given message to the console.</doc>
<status status="PASS" starttime="20220119 17:47:21.972" endtime="20220119 17:47:21.972"/>
</kw>
<status status="PASS" starttime="20220119 17:47:21.957" endtime="20220119 17:47:21.972"/>
</iter>
<iter>
<var name="${i}">35</var>
<kw name="Get Text" library="SeleniumLibrary">
<var>${Linktext}</var>
<arg>xpath:(//a)[${i}]</arg>
<doc>Returns the text value of the element identified by ``locator``.</doc>
<msg timestamp="20220119 17:47:21.988" level="INFO">${Linktext} = 8 See also</msg>
<status status="PASS" starttime="20220119 17:47:21.972" endtime="20220119 17:47:21.988"/>
</kw>
<kw name="Log To Console" library="BuiltIn">
<arg>${Linktext}</arg>
<doc>Logs the given message to the console.</doc>
<status status="PASS" starttime="20220119 17:47:21.988" endtime="20220119 17:47:21.988"/>
</kw>
<status status="PASS" starttime="20220119 17:47:21.972" endtime="20220119 17:47:21.988"/>
</iter>
<iter>
<var name="${i}">36</var>
<kw name="Get Text" library="SeleniumLibrary">
<var>${Linktext}</var>
<arg>xpath:(//a)[${i}]</arg>
<doc>Returns the text value of the element identified by ``locator``.</doc>
<msg timestamp="20220119 17:47:22.010" level="INFO">${Linktext} = 9 References</msg>
<status status="PASS" starttime="20220119 17:47:21.988" endtime="20220119 17:47:22.010"/>
</kw>
<kw name="Log To Console" library="BuiltIn">
<arg>${Linktext}</arg>
<doc>Logs the given message to the console.</doc>
<status status="PASS" starttime="20220119 17:47:22.010" endtime="20220119 17:47:22.010"/>
</kw>
<status status="PASS" starttime="20220119 17:47:21.988" endtime="20220119 17:47:22.010"/>
</iter>
<iter>
<var name="${i}">37</var>
<kw name="Get Text" library="SeleniumLibrary">
<var>${Linktext}</var>
<arg>xpath:(//a)[${i}]</arg>
<doc>Returns the text value of the element identified by ``locator``.</doc>
<msg timestamp="20220119 17:47:22.026" level="INFO">${Linktext} = 10 External links</msg>
<status status="PASS" starttime="20220119 17:47:22.010" endtime="20220119 17:47:22.026"/>
</kw>
<kw name="Log To Console" library="BuiltIn">
<arg>${Linktext}</arg>
<doc>Logs the given message to the console.</doc>
<status status="PASS" starttime="20220119 17:47:22.026" endtime="20220119 17:47:22.026"/>
</kw>
<status status="PASS" starttime="20220119 17:47:22.010" endtime="20220119 17:47:22.026"/>
</iter>
<iter>
<var name="${i}">38</var>
<kw name="Get Text" library="SeleniumLibrary">
<var>${Linktext}</var>
<arg>xpath:(//a)[${i}]</arg>
<doc>Returns the text value of the element identified by ``locator``.</doc>
<msg timestamp="20220119 17:47:22.057" level="INFO">${Linktext} = History of the World Wide Web</msg>
<status status="PASS" starttime="20220119 17:47:22.026" endtime="20220119 17:47:22.057"/>
</kw>
<kw name="Log To Console" library="BuiltIn">
<arg>${Linktext}</arg>
<doc>Logs the given message to the console.</doc>
<status status="PASS" starttime="20220119 17:47:22.057" endtime="20220119 17:47:22.057"/>
</kw>
<status status="PASS" starttime="20220119 17:47:22.026" endtime="20220119 17:47:22.057"/>
</iter>
<iter>
<var name="${i}">39</var>
<kw name="Get Text" library="SeleniumLibrary">
<var>${Linktext}</var>
<arg>xpath:(//a)[${i}]</arg>
<doc>Returns the text value of the element identified by ``locator``.</doc>
<msg timestamp="20220119 17:47:22.072" level="INFO">${Linktext} = </msg>
<status status="PASS" starttime="20220119 17:47:22.057" endtime="20220119 17:47:22.072"/>
</kw>
<kw name="Log To Console" library="BuiltIn">
<arg>${Linktext}</arg>
<doc>Logs the given message to the console.</doc>
<status status="PASS" starttime="20220119 17:47:22.072" endtime="20220119 17:47:22.072"/>
</kw>
<status status="PASS" starttime="20220119 17:47:22.057" endtime="20220119 17:47:22.072"/>
</iter>
<iter>
<var name="${i}">40</var>
<kw name="Get Text" library="SeleniumLibrary">
<var>${Linktext}</var>
<arg>xpath:(//a)[${i}]</arg>
<doc>Returns the text value of the element identified by ``locator``.</doc>
<msg timestamp="20220119 17:47:22.088" level="INFO">${Linktext} = </msg>
<status status="PASS" starttime="20220119 17:47:22.072" endtime="20220119 17:47:22.088"/>
</kw>
<kw name="Log To Console" library="BuiltIn">
<arg>${Linktext}</arg>
<doc>Logs the given message to the console.</doc>
<status status="PASS" starttime="20220119 17:47:22.088" endtime="20220119 17:47:22.088"/>
</kw>
<status status="PASS" starttime="20220119 17:47:22.072" endtime="20220119 17:47:22.088"/>
</iter>
<iter>
<var name="${i}">41</var>
<kw name="Get Text" library="SeleniumLibrary">
<var>${Linktext}</var>
<arg>xpath:(//a)[${i}]</arg>
<doc>Returns the text value of the element identified by ``locator``.</doc>
<msg timestamp="20220119 17:47:22.110" level="INFO">${Linktext} = nasa.gov</msg>
<status status="PASS" starttime="20220119 17:47:22.088" endtime="20220119 17:47:22.110"/>
</kw>
<kw name="Log To Console" library="BuiltIn">
<arg>${Linktext}</arg>
<doc>Logs the given message to the console.</doc>
<status status="PASS" starttime="20220119 17:47:22.110" endtime="20220119 17:47:22.110"/>
</kw>
<status status="PASS" starttime="20220119 17:47:22.088" endtime="20220119 17:47:22.110"/>
</iter>
<iter>
<var name="${i}">42</var>
<kw name="Get Text" library="SeleniumLibrary">
<var>${Linktext}</var>
<arg>xpath:(//a)[${i}]</arg>
<doc>Returns the text value of the element identified by ``locator``.</doc>
<msg timestamp="20220119 17:47:22.126" level="INFO">${Linktext} = home page</msg>
<status status="PASS" starttime="20220119 17:47:22.110" endtime="20220119 17:47:22.126"/>
</kw>
<kw name="Log To Console" library="BuiltIn">
<arg>${Linktext}</arg>
<doc>Logs the given message to the console.</doc>
<status status="PASS" starttime="20220119 17:47:22.126" endtime="20220119 17:47:22.126"/>
</kw>
<status status="PASS" starttime="20220119 17:47:22.110" endtime="20220119 17:47:22.126"/>
</iter>
<iter>
<var name="${i}">43</var>
<kw name="Get Text" library="SeleniumLibrary">
<var>${Linktext}</var>
<arg>xpath:(//a)[${i}]</arg>
<doc>Returns the text value of the element identified by ``locator``.</doc>
<msg timestamp="20220119 17:47:22.154" level="INFO">${Linktext} = World Wide Web</msg>
<status status="PASS" starttime="20220119 17:47:22.126" endtime="20220119 17:47:22.154"/>
</kw>
<kw name="Log To Console" library="BuiltIn">
<arg>${Linktext}</arg>
<doc>Logs the given message to the console.</doc>
<status status="PASS" starttime="20220119 17:47:22.154" endtime="20220119 17:47:22.154"/>
</kw>
<status status="PASS" starttime="20220119 17:47:22.126" endtime="20220119 17:47:22.154"/>
</iter>
<iter>
<var name="${i}">44</var>
<kw name="Get Text" library="SeleniumLibrary">
<var>${Linktext}</var>
<arg>xpath:(//a)[${i}]</arg>
<doc>Returns the text value of the element identified by ``locator``.</doc>
<msg timestamp="20220119 17:47:22.171" level="INFO">${Linktext} = Tim Berners-Lee</msg>
<status status="PASS" starttime="20220119 17:47:22.155" endtime="20220119 17:47:22.171"/>
</kw>
<kw name="Log To Console" library="BuiltIn">
<arg>${Linktext}</arg>
<doc>Logs the given message to the console.</doc>
<status status="PASS" starttime="20220119 17:47:22.171" endtime="20220119 17:47:22.171"/>
</kw>
<status status="PASS" starttime="20220119 17:47:22.155" endtime="20220119 17:47:22.171"/>
</iter>
<iter>
<var name="${i}">45</var>
<kw name="Get Text" library="SeleniumLibrary">
<var>${Linktext}</var>
<arg>xpath:(//a)[${i}]</arg>
<doc>Returns the text value of the element identified by ``locator``.</doc>
<msg timestamp="20220119 17:47:22.186" level="INFO">${Linktext} = [1]</msg>
<status status="PASS" starttime="20220119 17:47:22.171" endtime="20220119 17:47:22.186"/>
</kw>
<kw name="Log To Console" library="BuiltIn">
<arg>${Linktext}</arg>
<doc>Logs the given message to the console.</doc>
<status status="PASS" starttime="20220119 17:47:22.186" endtime="20220119 17:47:22.186"/>
</kw>
<status status="PASS" starttime="20220119 17:47:22.171" endtime="20220119 17:47:22.186"/>
</iter>
<iter>
<var name="${i}">46</var>
<kw name="Get Text" library="SeleniumLibrary">
<var>${Linktext}</var>
<arg>xpath:(//a)[${i}]</arg>
<doc>Returns the text value of the element identified by ``locator``.</doc>
<msg timestamp="20220119 17:47:22.210" level="INFO">${Linktext} = [2]</msg>
<status status="PASS" starttime="20220119 17:47:22.186" endtime="20220119 17:47:22.210"/>
</kw>
<kw name="Log To Console" library="BuiltIn">
<arg>${Linktext}</arg>
<doc>Logs the given message to the console.</doc>
<status status="PASS" starttime="20220119 17:47:22.210" endtime="20220119 17:47:22.210"/>
</kw>
<status status="PASS" starttime="20220119 17:47:22.186" endtime="20220119 17:47:22.210"/>
</iter>
<iter>
<var name="${i}">47</var>
<kw name="Get Text" library="SeleniumLibrary">
<var>${Linktext}</var>
<arg>xpath:(//a)[${i}]</arg>
<doc>Returns the text value of the element identified by ``locator``.</doc>
<msg timestamp="20220119 17:47:22.226" level="INFO">${Linktext} = CERN</msg>
<status status="PASS" starttime="20220119 17:47:22.210" endtime="20220119 17:47:22.226"/>
</kw>
<kw name="Log To Console" library="BuiltIn">
<arg>${Linktext}</arg>
<doc>Logs the given message to the console.</doc>
<status status="PASS" starttime="20220119 17:47:22.226" endtime="20220119 17:47:22.226"/>
</kw>
<status status="PASS" starttime="20220119 17:47:22.210" endtime="20220119 17:47:22.226"/>
</iter>
<iter>
<var name="${i}">48</var>
<kw name="Get Text" library="SeleniumLibrary">
<var>${Linktext}</var>
<arg>xpath:(//a)[${i}]</arg>
<doc>Returns the text value of the element identified by ``locator``.</doc>
<msg timestamp="20220119 17:47:22.241" level="INFO">${Linktext} = [3]</msg>
<status status="PASS" starttime="20220119 17:47:22.226" endtime="20220119 17:47:22.241"/>
</kw>
<kw name="Log To Console" library="BuiltIn">
<arg>${Linktext}</arg>
<doc>Logs the given message to the console.</doc>
<status status="PASS" starttime="20220119 17:47:22.241" endtime="20220119 17:47:22.241"/>
</kw>
<status status="PASS" starttime="20220119 17:47:22.226" endtime="20220119 17:47:22.241"/>
</iter>
<iter>
<var name="${i}">49</var>
<kw name="Get Text" library="SeleniumLibrary">
<var>${Linktext}</var>
<arg>xpath:(//a)[${i}]</arg>
<doc>Returns the text value of the element identified by ``locator``.</doc>
<msg timestamp="20220119 17:47:22.257" level="INFO">${Linktext} = Hypertext Transfer Protocol</msg>
<status status="PASS" starttime="20220119 17:47:22.241" endtime="20220119 17:47:22.257"/>
</kw>
<kw name="Log To Console" library="BuiltIn">
<arg>${Linktext}</arg>
<doc>Logs the given message to the console.</doc>
<status status="PASS" starttime="20220119 17:47:22.257" endtime="20220119 17:47:22.257"/>
</kw>
<status status="PASS" starttime="20220119 17:47:22.241" endtime="20220119 17:47:22.257"/>
</iter>
<iter>
<var name="${i}">50</var>
<kw name="Get Text" library="SeleniumLibrary">
<var>${Linktext}</var>
<arg>xpath:(//a)[${i}]</arg>
<doc>Returns the text value of the element identified by ``locator``.</doc>
<msg timestamp="20220119 17:47:22.273" level="INFO">${Linktext} = File Transfer Protocol</msg>
<status status="PASS" starttime="20220119 17:47:22.257" endtime="20220119 17:47:22.273"/>
</kw>
<kw name="Log To Console" library="BuiltIn">
<arg>${Linktext}</arg>
<doc>Logs the given message to the console.</doc>
<status status="PASS" starttime="20220119 17:47:22.273" endtime="20220119 17:47:22.273"/>
</kw>
<status status="PASS" starttime="20220119 17:47:22.257" endtime="20220119 17:47:22.273"/>
</iter>
<iter>
<var name="${i}">51</var>
<kw name="Get Text" library="SeleniumLibrary">
<var>${Linktext}</var>
<arg>xpath:(//a)[${i}]</arg>
<doc>Returns the text value of the element identified by ``locator``.</doc>
<msg timestamp="20220119 17:47:22.304" level="INFO">${Linktext} = gopher protocol</msg>
<status status="PASS" starttime="20220119 17:47:22.273" endtime="20220119 17:47:22.304"/>
</kw>
<kw name="Log To Console" library="BuiltIn">
<arg>${Linktext}</arg>
<doc>Logs the given message to the console.</doc>
<status status="PASS" starttime="20220119 17:47:22.304" endtime="20220119 17:47:22.304"/>
</kw>
<status status="PASS" starttime="20220119 17:47:22.273" endtime="20220119 17:47:22.304"/>
</iter>
<iter>
<var name="${i}">52</var>
<kw name="Get Text" library="SeleniumLibrary">
<var>${Linktext}</var>
<arg>xpath:(//a)[${i}]</arg>
<doc>Returns the text value of the element identified by ``locator``.</doc>
<msg timestamp="20220119 17:47:22.310" level="INFO">${Linktext} = directory structure</msg>
<status status="PASS" starttime="20220119 17:47:22.304" endtime="20220119 17:47:22.310"/>
</kw>
<kw name="Log To Console" library="BuiltIn">
<arg>${Linktext}</arg>
<doc>Logs the given message to the console.</doc>
<status status="PASS" starttime="20220119 17:47:22.310" endtime="20220119 17:47:22.310"/>
</kw>
<status status="PASS" starttime="20220119 17:47:22.304" endtime="20220119 17:47:22.310"/>
</iter>
<iter>
<var name="${i}">53</var>
<kw name="Get Text" library="SeleniumLibrary">
<var>${Linktext}</var>
<arg>xpath:(//a)[${i}]</arg>
<doc>Returns the text value of the element identified by ``locator``.</doc>
<msg timestamp="20220119 17:47:22.342" level="INFO">${Linktext} = word processor</msg>
<status status="PASS" starttime="20220119 17:47:22.326" endtime="20220119 17:47:22.342"/>
</kw>
<kw name="Log To Console" library="BuiltIn">
<arg>${Linktext}</arg>
<doc>Logs the given message to the console.</doc>
<status status="PASS" starttime="20220119 17:47:22.342" endtime="20220119 17:47:22.342"/>
</kw>
<status status="PASS" starttime="20220119 17:47:22.326" endtime="20220119 17:47:22.342"/>
</iter>
<iter>
<var name="${i}">54</var>
<kw name="Get Text" library="SeleniumLibrary">
<var>${Linktext}</var>
<arg>xpath:(//a)[${i}]</arg>
<doc>Returns the text value of the element identified by ``locator``.</doc>
<msg timestamp="20220119 17:47:22.357" level="INFO">${Linktext} = hyperlink</msg>
<status status="PASS" starttime="20220119 17:47:22.342" endtime="20220119 17:47:22.357"/>
</kw>
<kw name="Log To Console" library="BuiltIn">
<arg>${Linktext}</arg>
<doc>Logs the given message to the console.</doc>
<status status="PASS" starttime="20220119 17:47:22.357" endtime="20220119 17:47:22.357"/>
</kw>
<status status="PASS" starttime="20220119 17:47:22.342" endtime="20220119 17:47:22.357"/>
</iter>
<iter>
<var name="${i}">55</var>
<kw name="Get Text" library="SeleniumLibrary">
<var>${Linktext}</var>
<arg>xpath:(//a)[${i}]</arg>
<doc>Returns the text value of the element identified by ``locator``.</doc>
<msg timestamp="20220119 17:47:22.373" level="INFO">${Linktext} = subscription</msg>
<status status="PASS" starttime="20220119 17:47:22.357" endtime="20220119 17:47:22.373"/>
</kw>
<kw name="Log To Console" library="BuiltIn">
<arg>${Linktext}</arg>
<doc>Logs the given message to the console.</doc>
<status status="PASS" starttime="20220119 17:47:22.373" endtime="20220119 17:47:22.373"/>
</kw>
<status status="PASS" starttime="20220119 17:47:22.357" endtime="20220119 17:47:22.373"/>
</iter>
<iter>
<var name="${i}">56</var>
<kw name="Get Text" library="SeleniumLibrary">
<var>${Linktext}</var>
<arg>xpath:(//a)[${i}]</arg>
<doc>Returns the text value of the element identified by ``locator``.</doc>
<msg timestamp="20220119 17:47:22.389" level="INFO">${Linktext} = subscription websites</msg>
<status status="PASS" starttime="20220119 17:47:22.373" endtime="20220119 17:47:22.389"/>
</kw>
<kw name="Log To Console" library="BuiltIn">
<arg>${Linktext}</arg>
<doc>Logs the given message to the console.</doc>
<status status="PASS" starttime="20220119 17:47:22.389" endtime="20220119 17:47:22.389"/>
</kw>
<status status="PASS" starttime="20220119 17:47:22.373" endtime="20220119 17:47:22.389"/>
</iter>
<iter>
<var name="${i}">57</var>
<kw name="Get Text" library="SeleniumLibrary">
<var>${Linktext}</var>
<arg>xpath:(//a)[${i}]</arg>
<doc>Returns the text value of the element identified by ``locator``.</doc>
<msg timestamp="20220119 17:47:22.411" level="INFO">${Linktext} = academic journal</msg>
<status status="PASS" starttime="20220119 17:47:22.389" endtime="20220119 17:47:22.411"/>
</kw>
<kw name="Log To Console" library="BuiltIn">
<arg>${Linktext}</arg>
<doc>Logs the given message to the console.</doc>
<status status="PASS" starttime="20220119 17:47:22.411" endtime="20220119 17:47:22.411"/>
</kw>
<status status="PASS" starttime="20220119 17:47:22.389" endtime="20220119 17:47:22.411"/>
</iter>
<iter>
<var name="${i}">58</var>
<kw name="Get Text" library="SeleniumLibrary">
<var>${Linktext}</var>
<arg>xpath:(//a)[${i}]</arg>
<doc>Returns the text value of the element identified by ``locator``.</doc>
<msg timestamp="20220119 17:47:22.426" level="INFO">${Linktext} = message boards</msg>
<status status="PASS" starttime="20220119 17:47:22.411" endtime="20220119 17:47:22.426"/>
</kw>
<kw name="Log To Console" library="BuiltIn">
<arg>${Linktext}</arg>
<doc>Logs the given message to the console.</doc>
<status status="PASS" starttime="20220119 17:47:22.426" endtime="20220119 17:47:22.426"/>
</kw>
<status status="PASS" starttime="20220119 17:47:22.411" endtime="20220119 17:47:22.426"/>
</iter>
<iter>
<var name="${i}">59</var>
<kw name="Get Text" library="SeleniumLibrary">
<var>${Linktext}</var>
<arg>xpath:(//a)[${i}]</arg>
<doc>Returns the text value of the element identified by ``locator``.</doc>
<msg timestamp="20220119 17:47:22.458" level="INFO">${Linktext} = email</msg>
<status status="PASS" starttime="20220119 17:47:22.426" endtime="20220119 17:47:22.458"/>
</kw>
<kw name="Log To Console" library="BuiltIn">
<arg>${Linktext}</arg>
<doc>Logs the given message to the console.</doc>
<status status="PASS" starttime="20220119 17:47:22.458" endtime="20220119 17:47:22.458"/>
</kw>
<status status="PASS" starttime="20220119 17:47:22.426" endtime="20220119 17:47:22.458"/>
</iter>
<iter>
<var name="${i}">60</var>
<kw name="Get Text" library="SeleniumLibrary">
<var>${Linktext}</var>
<arg>xpath:(//a)[${i}]</arg>
<doc>Returns the text value of the element identified by ``locator``.</doc>
<msg timestamp="20220119 17:47:22.473" level="INFO">${Linktext} = social networking</msg>
<status status="PASS" starttime="20220119 17:47:22.458" endtime="20220119 17:47:22.473"/>
</kw>
<kw name="Log To Console" library="BuiltIn">
<arg>${Linktext}</arg>
<doc>Logs the given message to the console.</doc>
<status status="PASS" starttime="20220119 17:47:22.473" endtime="20220119 17:47:22.473"/>
</kw>
<status status="PASS" starttime="20220119 17:47:22.458" endtime="20220119 17:47:22.473"/>
</iter>
<iter>
<var name="${i}">61</var>
<kw name="Get Text" library="SeleniumLibrary">
<var>${Linktext}</var>
<arg>xpath:(//a)[${i}]</arg>
<doc>Returns the text value of the element identified by ``locator``.</doc>
<msg timestamp="20220119 17:47:22.489" level="INFO">${Linktext} = stock market</msg>
<status status="PASS" starttime="20220119 17:47:22.473" endtime="20220119 17:47:22.489"/>
</kw>
<kw name="Log To Console" library="BuiltIn">
<arg>${Linktext}</arg>
<doc>Logs the given message to the console.</doc>
<status status="PASS" starttime="20220119 17:47:22.489" endtime="20220119 17:47:22.489"/>
</kw>
<status status="PASS" starttime="20220119 17:47:22.473" endtime="20220119 17:47:22.489"/>
</iter>
<iter>
<var name="${i}">62</var>
<kw name="Get Text" library="SeleniumLibrary">
<var>${Linktext}</var>
<arg>xpath:(//a)[${i}]</arg>
<doc>Returns the text value of the element identified by ``locator``.</doc>
<msg timestamp="20220119 17:47:22.511" level="INFO">${Linktext} = World Wide Web</msg>
<status status="PASS" starttime="20220119 17:47:22.489" endtime="20220119 17:47:22.511"/>
</kw>
<kw name="Log To Console" library="BuiltIn">
<arg>${Linktext}</arg>
<doc>Logs the given message to the console.</doc>
<status status="PASS" starttime="20220119 17:47:22.511" endtime="20220119 17:47:22.511"/>
</kw>
<status status="PASS" starttime="20220119 17:47:22.489" endtime="20220119 17:47:22.511"/>
</iter>
<iter>
<var name="${i}">63</var>
<kw name="Get Text" library="SeleniumLibrary">
<var>${Linktext}</var>
<arg>xpath:(//a)[${i}]</arg>
<doc>Returns the text value of the element identified by ``locator``.</doc>
<msg timestamp="20220119 17:47:22.527" level="INFO">${Linktext} = The Chicago Manual of Style</msg>
<status status="PASS" starttime="20220119 17:47:22.511" endtime="20220119 17:47:22.527"/>
</kw>
<kw name="Log To Console" library="BuiltIn">
<arg>${Linktext}</arg>
<doc>Logs the given message to the console.</doc>
<status status="PASS" starttime="20220119 17:47:22.542" endtime="20220119 17:47:22.542"/>
</kw>
<status status="PASS" starttime="20220119 17:47:22.511" endtime="20220119 17:47:22.542"/>
</iter>
<iter>
<var name="${i}">64</var>
<kw name="Get Text" library="SeleniumLibrary">
<var>${Linktext}</var>
<arg>xpath:(//a)[${i}]</arg>
<doc>Returns the text value of the element identified by ``locator``.</doc>
<msg timestamp="20220119 17:47:22.558" level="INFO">${Linktext} = [4]</msg>
<status status="PASS" starttime="20220119 17:47:22.542" endtime="20220119 17:47:22.558"/>
</kw>
<kw name="Log To Console" library="BuiltIn">
<arg>${Linktext}</arg>
<doc>Logs the given message to the console.</doc>
<status status="PASS" starttime="20220119 17:47:22.558" endtime="20220119 17:47:22.558"/>
</kw>
<status status="PASS" starttime="20220119 17:47:22.542" endtime="20220119 17:47:22.558"/>
</iter>
<iter>
<var name="${i}">65</var>
<kw name="Get Text" library="SeleniumLibrary">
<var>${Linktext}</var>
<arg>xpath:(//a)[${i}]</arg>
<doc>Returns the text value of the element identified by ``locator``.</doc>
<msg timestamp="20220119 17:47:22.573" level="INFO">${Linktext} = AP Stylebook</msg>
<status status="PASS" starttime="20220119 17:47:22.558" endtime="20220119 17:47:22.573"/>
</kw>
<kw name="Log To Console" library="BuiltIn">
<arg>${Linktext}</arg>
<doc>Logs the given message to the console.</doc>
<status status="PASS" starttime="20220119 17:47:22.573" endtime="20220119 17:47:22.573"/>
</kw>
<status status="PASS" starttime="20220119 17:47:22.558" endtime="20220119 17:47:22.573"/>
</iter>
<iter>
<var name="${i}">66</var>
<kw name="Get Text" library="SeleniumLibrary">
<var>${Linktext}</var>
<arg>xpath:(//a)[${i}]</arg>
<doc>Returns the text value of the element identified by ``locator``.</doc>
<msg timestamp="20220119 17:47:22.589" level="INFO">${Linktext} = [5]</msg>
<status status="PASS" starttime="20220119 17:47:22.573" endtime="20220119 17:47:22.589"/>
</kw>
<kw name="Log To Console" library="BuiltIn">
<arg>${Linktext}</arg>
<doc>Logs the given message to the console.</doc>
<status status="PASS" starttime="20220119 17:47:22.589" endtime="20220119 17:47:22.589"/>
</kw>
<status status="PASS" starttime="20220119 17:47:22.573" endtime="20220119 17:47:22.589"/>
</iter>
<iter>
<var name="${i}">67</var>
<kw name="Get Text" library="SeleniumLibrary">
<var>${Linktext}</var>
<arg>xpath:(//a)[${i}]</arg>
<doc>Returns the text value of the element identified by ``locator``.</doc>
<msg timestamp="20220119 17:47:22.611" level="INFO">${Linktext} = Static web page</msg>
<status status="PASS" starttime="20220119 17:47:22.589" endtime="20220119 17:47:22.611"/>
</kw>
<kw name="Log To Console" library="BuiltIn">
<arg>${Linktext}</arg>
<doc>Logs the given message to the console.</doc>
<status status="PASS" starttime="20220119 17:47:22.611" endtime="20220119 17:47:22.611"/>
</kw>
<status status="PASS" starttime="20220119 17:47:22.589" endtime="20220119 17:47:22.611"/>
</iter>
<iter>
<var name="${i}">68</var>
<kw name="Get Text" library="SeleniumLibrary">
<var>${Linktext}</var>
<arg>xpath:(//a)[${i}]</arg>
<doc>Returns the text value of the element identified by ``locator``.</doc>
<msg timestamp="20220119 17:47:22.627" level="INFO">${Linktext} = Hypertext Markup Language</msg>
<status status="PASS" starttime="20220119 17:47:22.611" endtime="20220119 17:47:22.627"/>
</kw>
<kw name="Log To Console" library="BuiltIn">
<arg>${Linktext}</arg>
<doc>Logs the given message to the console.</doc>
<status status="PASS" starttime="20220119 17:47:22.627" endtime="20220119 17:47:22.627"/>
</kw>
<status status="PASS" starttime="20220119 17:47:22.611" endtime="20220119 17:47:22.627"/>
</iter>
<iter>
<var name="${i}">69</var>
<kw name="Get Text" library="SeleniumLibrary">
<var>${Linktext}</var>
<arg>xpath:(//a)[${i}]</arg>
<doc>Returns the text value of the element identified by ``locator``.</doc>
<msg timestamp="20220119 17:47:22.643" level="INFO">${Linktext} = Cascading Style Sheets</msg>
<status status="PASS" starttime="20220119 17:47:22.627" endtime="20220119 17:47:22.643"/>
</kw>
<kw name="Log To Console" library="BuiltIn">
<arg>${Linktext}</arg>
<doc>Logs the given message to the console.</doc>
<status status="PASS" starttime="20220119 17:47:22.643" endtime="20220119 17:47:22.643"/>
</kw>
<status status="PASS" starttime="20220119 17:47:22.627" endtime="20220119 17:47:22.643"/>
</iter>
<iter>
<var name="${i}">70</var>
<kw name="Get Text" library="SeleniumLibrary">
<var>${Linktext}</var>
<arg>xpath:(//a)[${i}]</arg>
<doc>Returns the text value of the element identified by ``locator``.</doc>
<msg timestamp="20220119 17:47:22.674" level="INFO">${Linktext} = server side includes</msg>
<status status="PASS" starttime="20220119 17:47:22.643" endtime="20220119 17:47:22.674"/>
</kw>
<kw name="Log To Console" library="BuiltIn">
<arg>${Linktext}</arg>
<doc>Logs the given message to the console.</doc>
<status status="PASS" starttime="20220119 17:47:22.674" endtime="20220119 17:47:22.674"/>
</kw>
<status status="PASS" starttime="20220119 17:47:22.643" endtime="20220119 17:47:22.674"/>
</iter>
<iter>
<var name="${i}">71</var>
<kw name="Get Text" library="SeleniumLibrary">
<var>${Linktext}</var>
<arg>xpath:(//a)[${i}]</arg>
<doc>Returns the text value of the element identified by ``locator``.</doc>
<msg timestamp="20220119 17:47:22.689" level="INFO">${Linktext} = </msg>
<status status="PASS" starttime="20220119 17:47:22.674" endtime="20220119 17:47:22.689"/>
</kw>
<kw name="Log To Console" library="BuiltIn">
<arg>${Linktext}</arg>
<doc>Logs the given message to the console.</doc>
<status status="PASS" starttime="20220119 17:47:22.689" endtime="20220119 17:47:22.689"/>
</kw>
<status status="PASS" starttime="20220119 17:47:22.674" endtime="20220119 17:47:22.689"/>
</iter>
<iter>
<var name="${i}">72</var>
<kw name="Get Text" library="SeleniumLibrary">
<var>${Linktext}</var>
<arg>xpath:(//a)[${i}]</arg>
<doc>Returns the text value of the element identified by ``locator``.</doc>
<msg timestamp="20220119 17:47:22.711" level="INFO">${Linktext} = </msg>
<status status="PASS" starttime="20220119 17:47:22.689" endtime="20220119 17:47:22.711"/>
</kw>
<kw name="Log To Console" library="BuiltIn">
<arg>${Linktext}</arg>
<doc>Logs the given message to the console.</doc>
<status status="PASS" starttime="20220119 17:47:22.711" endtime="20220119 17:47:22.711"/>
</kw>
<status status="PASS" starttime="20220119 17:47:22.689" endtime="20220119 17:47:22.711"/>
</iter>
<iter>
<var name="${i}">73</var>
<kw name="Get Text" library="SeleniumLibrary">
<var>${Linktext}</var>
<arg>xpath:(//a)[${i}]</arg>
<doc>Returns the text value of the element identified by ``locator``.</doc>
<msg timestamp="20220119 17:47:22.727" level="INFO">${Linktext} = Dynamic web page</msg>
<status status="PASS" starttime="20220119 17:47:22.711" endtime="20220119 17:47:22.727"/>
</kw>
<kw name="Log To Console" library="BuiltIn">
<arg>${Linktext}</arg>
<doc>Logs the given message to the console.</doc>
<status status="PASS" starttime="20220119 17:47:22.727" endtime="20220119 17:47:22.727"/>
</kw>
<status status="PASS" starttime="20220119 17:47:22.711" endtime="20220119 17:47:22.727"/>
</iter>
<iter>
<var name="${i}">74</var>
<kw name="Get Text" library="SeleniumLibrary">
<var>${Linktext}</var>
<arg>xpath:(//a)[${i}]</arg>
<doc>Returns the text value of the element identified by ``locator``.</doc>
<msg timestamp="20220119 17:47:22.743" level="INFO">${Linktext} = Web application</msg>
<status status="PASS" starttime="20220119 17:47:22.727" endtime="20220119 17:47:22.743"/>
</kw>
<kw name="Log To Console" library="BuiltIn">
<arg>${Linktext}</arg>
<doc>Logs the given message to the console.</doc>
<status status="PASS" starttime="20220119 17:47:22.743" endtime="20220119 17:47:22.743"/>
</kw>
<status status="PASS" starttime="20220119 17:47:22.727" endtime="20220119 17:47:22.743"/>
</iter>
<iter>
<var name="${i}">75</var>
<kw name="Get Text" library="SeleniumLibrary">
<var>${Linktext}</var>
<arg>xpath:(//a)[${i}]</arg>
<doc>Returns the text value of the element identified by ``locator``.</doc>
<msg timestamp="20220119 17:47:22.758" level="INFO">${Linktext} = Progressive web application</msg>
<status status="PASS" starttime="20220119 17:47:22.743" endtime="20220119 17:47:22.758"/>
</kw>
<kw name="Log To Console" library="BuiltIn">
<arg>${Linktext}</arg>
<doc>Logs the given message to the console.</doc>
<status status="PASS" starttime="20220119 17:47:22.758" endtime="20220119 17:47:22.758"/>
</kw>
<status status="PASS" starttime="20220119 17:47:22.743" endtime="20220119 17:47:22.758"/>
</iter>
<iter>
<var name="${i}">76</var>
<kw name="Get Text" library="SeleniumLibrary">
<var>${Linktext}</var>
<arg>xpath:(//a)[${i}]</arg>
<doc>Returns the text value of the element identified by ``locator``.</doc>
<msg timestamp="20220119 17:47:22.774" level="INFO">${Linktext} = CGI</msg>
<status status="PASS" starttime="20220119 17:47:22.758" endtime="20220119 17:47:22.774"/>
</kw>
<kw name="Log To Console" library="BuiltIn">
<arg>${Linktext}</arg>
<doc>Logs the given message to the console.</doc>
<status status="PASS" starttime="20220119 17:47:22.774" endtime="20220119 17:47:22.774"/>
</kw>
<status status="PASS" starttime="20220119 17:47:22.758" endtime="20220119 17:47:22.790"/>
</iter>
<iter>
<var name="${i}">77</var>
<kw name="Get Text" library="SeleniumLibrary">
<var>${Linktext}</var>
<arg>xpath:(//a)[${i}]</arg>
<doc>Returns the text value of the element identified by ``locator``.</doc>
<msg timestamp="20220119 17:47:22.805" level="INFO">${Linktext} = Java Servlets</msg>
<status status="PASS" starttime="20220119 17:47:22.790" endtime="20220119 17:47:22.805"/>
</kw>
<kw name="Log To Console" library="BuiltIn">
<arg>${Linktext}</arg>
<doc>Logs the given message to the console.</doc>
<status status="PASS" starttime="20220119 17:47:22.805" endtime="20220119 17:47:22.805"/>
</kw>
<status status="PASS" starttime="20220119 17:47:22.790" endtime="20220119 17:47:22.805"/>
</iter>
<iter>
<var name="${i}">78</var>
<kw name="Get Text" library="SeleniumLibrary">
<var>${Linktext}</var>
<arg>xpath:(//a)[${i}]</arg>
<doc>Returns the text value of the element identified by ``locator``.</doc>
<msg timestamp="20220119 17:47:22.827" level="INFO">${Linktext} = Java Server Pages</msg>
<status status="PASS" starttime="20220119 17:47:22.805" endtime="20220119 17:47:22.827"/>
</kw>
<kw name="Log To Console" library="BuiltIn">
<arg>${Linktext}</arg>
<doc>Logs the given message to the console.</doc>
<status status="PASS" starttime="20220119 17:47:22.827" endtime="20220119 17:47:22.827"/>
</kw>
<status status="PASS" starttime="20220119 17:47:22.805" endtime="20220119 17:47:22.827"/>
</iter>
<iter>
<var name="${i}">79</var>
<kw name="Get Text" library="SeleniumLibrary">
<var>${Linktext}</var>
<arg>xpath:(//a)[${i}]</arg>
<doc>Returns the text value of the element identified by ``locator``.</doc>
<msg timestamp="20220119 17:47:22.843" level="INFO">${Linktext} = Active Server Pages</msg>
<status status="PASS" starttime="20220119 17:47:22.827" endtime="20220119 17:47:22.843"/>
</kw>
<kw name="Log To Console" library="BuiltIn">
<arg>${Linktext}</arg>
<doc>Logs the given message to the console.</doc>
<status status="PASS" starttime="20220119 17:47:22.843" endtime="20220119 17:47:22.843"/>
</kw>
<status status="PASS" starttime="20220119 17:47:22.827" endtime="20220119 17:47:22.843"/>
</iter>
<iter>
<var name="${i}">80</var>
<kw name="Get Text" library="SeleniumLibrary">
<var>${Linktext}</var>
<arg>xpath:(//a)[${i}]</arg>
<doc>Returns the text value of the element identified by ``locator``.</doc>
<msg timestamp="20220119 17:47:22.859" level="INFO">${Linktext} = ColdFusion</msg>
<status status="PASS" starttime="20220119 17:47:22.843" endtime="20220119 17:47:22.859"/>
</kw>
<kw name="Log To Console" library="BuiltIn">
<arg>${Linktext}</arg>
<doc>Logs the given message to the console.</doc>
<status status="PASS" starttime="20220119 17:47:22.859" endtime="20220119 17:47:22.859"/>
</kw>
<status status="PASS" starttime="20220119 17:47:22.843" endtime="20220119 17:47:22.859"/>
</iter>
<iter>
<var name="${i}">81</var>
<kw name="Get Text" library="SeleniumLibrary">
<var>${Linktext}</var>
<arg>xpath:(//a)[${i}]</arg>
<doc>Returns the text value of the element identified by ``locator``.</doc>
<msg timestamp="20220119 17:47:22.874" level="INFO">${Linktext} = dynamic web systems and dynamic sites</msg>
<status status="PASS" starttime="20220119 17:47:22.859" endtime="20220119 17:47:22.874"/>
</kw>
<kw name="Log To Console" library="BuiltIn">
<arg>${Linktext}</arg>
<doc>Logs the given message to the console.</doc>
<status status="PASS" starttime="20220119 17:47:22.874" endtime="20220119 17:47:22.874"/>
</kw>
<status status="PASS" starttime="20220119 17:47:22.859" endtime="20220119 17:47:22.874"/>
</iter>
<iter>
<var name="${i}">82</var>
<kw name="Get Text" library="SeleniumLibrary">
<var>${Linktext}</var>
<arg>xpath:(//a)[${i}]</arg>
<doc>Returns the text value of the element identified by ``locator``.</doc>
<msg timestamp="20220119 17:47:22.907" level="INFO">${Linktext} = web application frameworks</msg>
<status status="PASS" starttime="20220119 17:47:22.874" endtime="20220119 17:47:22.907"/>
</kw>
<kw name="Log To Console" library="BuiltIn">
<arg>${Linktext}</arg>
<doc>Logs the given message to the console.</doc>
<status status="PASS" starttime="20220119 17:47:22.907" endtime="20220119 17:47:22.908"/>
</kw>
<status status="PASS" starttime="20220119 17:47:22.874" endtime="20220119 17:47:22.908"/>
</iter>
<iter>
<var name="${i}">83</var>
<kw name="Get Text" library="SeleniumLibrary">
<var>${Linktext}</var>
<arg>xpath:(//a)[${i}]</arg>
<doc>Returns the text value of the element identified by ``locator``.</doc>
<msg timestamp="20220119 17:47:22.923" level="INFO">${Linktext} = web template systems</msg>
<status status="PASS" starttime="20220119 17:47:22.908" endtime="20220119 17:47:22.923"/>
</kw>
<kw name="Log To Console" library="BuiltIn">
<arg>${Linktext}</arg>
<doc>Logs the given message to the console.</doc>
<status status="PASS" starttime="20220119 17:47:22.923" endtime="20220119 17:47:22.923"/>
</kw>
<status status="PASS" starttime="20220119 17:47:22.908" endtime="20220119 17:47:22.923"/>
</iter>
<iter>
<var name="${i}">84</var>
<kw name="Get Text" library="SeleniumLibrary">
<var>${Linktext}</var>
<arg>xpath:(//a)[${i}]</arg>
<doc>Returns the text value of the element identified by ``locator``.</doc>
<msg timestamp="20220119 17:47:22.939" level="INFO">${Linktext} = programming languages</msg>
<status status="PASS" starttime="20220119 17:47:22.923" endtime="20220119 17:47:22.939"/>
</kw>
<kw name="Log To Console" library="BuiltIn">
<arg>${Linktext}</arg>
<doc>Logs the given message to the console.</doc>
<status status="PASS" starttime="20220119 17:47:22.939" endtime="20220119 17:47:22.939"/>
</kw>
<status status="PASS" starttime="20220119 17:47:22.923" endtime="20220119 17:47:22.939"/>
</iter>
<iter>
<var name="${i}">85</var>
<kw name="Get Text" library="SeleniumLibrary">
<var>${Linktext}</var>
<arg>xpath:(//a)[${i}]</arg>
<doc>Returns the text value of the element identified by ``locator``.</doc>
<msg timestamp="20220119 17:47:22.954" level="INFO">${Linktext} = Perl</msg>
<status status="PASS" starttime="20220119 17:47:22.939" endtime="20220119 17:47:22.954"/>
</kw>
<kw name="Log To Console" library="BuiltIn">
<arg>${Linktext}</arg>
<doc>Logs the given message to the console.</doc>
<status status="PASS" starttime="20220119 17:47:22.954" endtime="20220119 17:47:22.954"/>
</kw>
<status status="PASS" starttime="20220119 17:47:22.939" endtime="20220119 17:47:22.954"/>
</iter>
<iter>
<var name="${i}">86</var>
<kw name="Get Text" library="SeleniumLibrary">
<var>${Linktext}</var>
<arg>xpath:(//a)[${i}]</arg>
<doc>Returns the text value of the element identified by ``locator``.</doc>
<msg timestamp="20220119 17:47:22.970" level="INFO">${Linktext} = PHP</msg>
<status status="PASS" starttime="20220119 17:47:22.954" endtime="20220119 17:47:22.970"/>
</kw>
<kw name="Log To Console" library="BuiltIn">
<arg>${Linktext}</arg>
<doc>Logs the given message to the console.</doc>
<status status="PASS" starttime="20220119 17:47:22.970" endtime="20220119 17:47:22.970"/>
</kw>
<status status="PASS" starttime="20220119 17:47:22.954" endtime="20220119 17:47:22.970"/>
</iter>
<iter>
<var name="${i}">87</var>
<kw name="Get Text" library="SeleniumLibrary">
<var>${Linktext}</var>
<arg>xpath:(//a)[${i}]</arg>
<doc>Returns the text value of the element identified by ``locator``.</doc>
<msg timestamp="20220119 17:47:23.001" level="INFO">${Linktext} = Python</msg>
<status status="PASS" starttime="20220119 17:47:22.970" endtime="20220119 17:47:23.001"/>
</kw>
<kw name="Log To Console" library="BuiltIn">
<arg>${Linktext}</arg>
<doc>Logs the given message to the console.</doc>
<status status="PASS" starttime="20220119 17:47:23.001" endtime="20220119 17:47:23.001"/>
</kw>
<status status="PASS" starttime="20220119 17:47:22.970" endtime="20220119 17:47:23.001"/>
</iter>
<iter>
<var name="${i}">88</var>
<kw name="Get Text" library="SeleniumLibrary">
<var>${Linktext}</var>
<arg>xpath:(//a)[${i}]</arg>
<doc>Returns the text value of the element identified by ``locator``.</doc>
<msg timestamp="20220119 17:47:23.012" level="INFO">${Linktext} = Ruby</msg>
<status status="PASS" starttime="20220119 17:47:23.001" endtime="20220119 17:47:23.012"/>
</kw>
<kw name="Log To Console" library="BuiltIn">
<arg>${Linktext}</arg>
<doc>Logs the given message to the console.</doc>
<status status="PASS" starttime="20220119 17:47:23.012" endtime="20220119 17:47:23.012"/>
</kw>
<status status="PASS" starttime="20220119 17:47:23.001" endtime="20220119 17:47:23.012"/>
</iter>
<iter>
<var name="${i}">89</var>
<kw name="Get Text" library="SeleniumLibrary">
<var>${Linktext}</var>
<arg>xpath:(//a)[${i}]</arg>
<doc>Returns the text value of the element identified by ``locator``.</doc>
<msg timestamp="20220119 17:47:23.030" level="INFO">${Linktext} = database</msg>
<status status="PASS" starttime="20220119 17:47:23.012" endtime="20220119 17:47:23.030"/>
</kw>
<kw name="Log To Console" library="BuiltIn">
<arg>${Linktext}</arg>
<doc>Logs the given message to the console.</doc>
<status status="PASS" starttime="20220119 17:47:23.030" endtime="20220119 17:47:23.030"/>
</kw>
<status status="PASS" starttime="20220119 17:47:23.012" endtime="20220119 17:47:23.030"/>
</iter>
<iter>
<var name="${i}">90</var>
<kw name="Get Text" library="SeleniumLibrary">
<var>${Linktext}</var>
<arg>xpath:(//a)[${i}]</arg>
<doc>Returns the text value of the element identified by ``locator``.</doc>
<msg timestamp="20220119 17:47:23.061" level="INFO">${Linktext} = RSS</msg>
<status status="PASS" starttime="20220119 17:47:23.030" endtime="20220119 17:47:23.061"/>
</kw>
<kw name="Log To Console" library="BuiltIn">
<arg>${Linktext}</arg>
<doc>Logs the given message to the console.</doc>
<status status="PASS" starttime="20220119 17:47:23.061" endtime="20220119 17:47:23.061"/>
</kw>
<status status="PASS" starttime="20220119 17:47:23.030" endtime="20220119 17:47:23.061"/>
</iter>
<iter>
<var name="${i}">91</var>
<kw name="Get Text" library="SeleniumLibrary">
<var>${Linktext}</var>
<arg>xpath:(//a)[${i}]</arg>
<doc>Returns the text value of the element identified by ``locator``.</doc>
<msg timestamp="20220119 17:47:23.077" level="INFO">${Linktext} = HTML forms</msg>
<status status="PASS" starttime="20220119 17:47:23.061" endtime="20220119 17:47:23.077"/>
</kw>
<kw name="Log To Console" library="BuiltIn">
<arg>${Linktext}</arg>
<doc>Logs the given message to the console.</doc>
<status status="PASS" starttime="20220119 17:47:23.077" endtime="20220119 17:47:23.077"/>
</kw>
<status status="PASS" starttime="20220119 17:47:23.061" endtime="20220119 17:47:23.077"/>
</iter>
<iter>
<var name="${i}">92</var>
<kw name="Get Text" library="SeleniumLibrary">
<var>${Linktext}</var>
<arg>xpath:(//a)[${i}]</arg>
<doc>Returns the text value of the element identified by ``locator``.</doc>
<msg timestamp="20220119 17:47:23.092" level="INFO">${Linktext} = browser cookies</msg>
<status status="PASS" starttime="20220119 17:47:23.077" endtime="20220119 17:47:23.092"/>
</kw>
<kw name="Log To Console" library="BuiltIn">
<arg>${Linktext}</arg>
<doc>Logs the given message to the console.</doc>
<status status="PASS" starttime="20220119 17:47:23.092" endtime="20220119 17:47:23.092"/>
</kw>
<status status="PASS" starttime="20220119 17:47:23.077" endtime="20220119 17:47:23.092"/>
</iter>
<iter>
<var name="${i}">93</var>
<kw name="Get Text" library="SeleniumLibrary">
<var>${Linktext}</var>
<arg>xpath:(//a)[${i}]</arg>
<doc>Returns the text value of the element identified by ``locator``.</doc>
<msg timestamp="20220119 17:47:23.112" level="INFO">${Linktext} = Beatles</msg>
<status status="PASS" starttime="20220119 17:47:23.092" endtime="20220119 17:47:23.112"/>
</kw>
<kw name="Log To Console" library="BuiltIn">
<arg>${Linktext}</arg>
<doc>Logs the given message to the console.</doc>
<status status="PASS" starttime="20220119 17:47:23.112" endtime="20220119 17:47:23.112"/>
</kw>
<status status="PASS" starttime="20220119 17:47:23.092" endtime="20220119 17:47:23.112"/>
</iter>
<iter>
<var name="${i}">94</var>
<kw name="Get Text" library="SeleniumLibrary">
<var>${Linktext}</var>
<arg>xpath:(//a)[${i}]</arg>
<doc>Returns the text value of the element identified by ``locator``.</doc>
<msg timestamp="20220119 17:47:23.127" level="INFO">${Linktext} = Dynamic HTML</msg>
<status status="PASS" starttime="20220119 17:47:23.112" endtime="20220119 17:47:23.127"/>
</kw>
<kw name="Log To Console" library="BuiltIn">
<arg>${Linktext}</arg>
<doc>Logs the given message to the console.</doc>
<status status="PASS" starttime="20220119 17:47:23.127" endtime="20220119 17:47:23.127"/>
</kw>
<status status="PASS" starttime="20220119 17:47:23.112" endtime="20220119 17:47:23.127"/>
</iter>
<iter>
<var name="${i}">95</var>
<kw name="Get Text" library="SeleniumLibrary">
<var>${Linktext}</var>
<arg>xpath:(//a)[${i}]</arg>
<doc>Returns the text value of the element identified by ``locator``.</doc>
<msg timestamp="20220119 17:47:23.159" level="INFO">${Linktext} = JavaScript</msg>
<status status="PASS" starttime="20220119 17:47:23.127" endtime="20220119 17:47:23.159"/>
</kw>
<kw name="Log To Console" library="BuiltIn">
<arg>${Linktext}</arg>
<doc>Logs the given message to the console.</doc>
<status status="PASS" starttime="20220119 17:47:23.159" endtime="20220119 17:47:23.159"/>
</kw>
<status status="PASS" starttime="20220119 17:47:23.127" endtime="20220119 17:47:23.159"/>
</iter>
<iter>
<var name="${i}">96</var>
<kw name="Get Text" library="SeleniumLibrary">
<var>${Linktext}</var>
<arg>xpath:(//a)[${i}]</arg>
<doc>Returns the text value of the element identified by ``locator``.</doc>
<msg timestamp="20220119 17:47:23.174" level="INFO">${Linktext} = plug ins</msg>
<status status="PASS" starttime="20220119 17:47:23.159" endtime="20220119 17:47:23.174"/>
</kw>
<kw name="Log To Console" library="BuiltIn">
<arg>${Linktext}</arg>
<doc>Logs the given message to the console.</doc>
<status status="PASS" starttime="20220119 17:47:23.174" endtime="20220119 17:47:23.174"/>
</kw>
<status status="PASS" starttime="20220119 17:47:23.159" endtime="20220119 17:47:23.174"/>
</iter>
<iter>
<var name="${i}">97</var>
<kw name="Get Text" library="SeleniumLibrary">
<var>${Linktext}</var>
<arg>xpath:(//a)[${i}]</arg>
<doc>Returns the text value of the element identified by ``locator``.</doc>
<msg timestamp="20220119 17:47:23.190" level="INFO">${Linktext} = rich web application</msg>
<status status="PASS" starttime="20220119 17:47:23.174" endtime="20220119 17:47:23.190"/>
</kw>
<kw name="Log To Console" library="BuiltIn">
<arg>${Linktext}</arg>
<doc>Logs the given message to the console.</doc>
<status status="PASS" starttime="20220119 17:47:23.190" endtime="20220119 17:47:23.190"/>
</kw>
<status status="PASS" starttime="20220119 17:47:23.174" endtime="20220119 17:47:23.190"/>
</iter>
<iter>
<var name="${i}">98</var>
<kw name="Get Text" library="SeleniumLibrary">
<var>${Linktext}</var>
<arg>xpath:(//a)[${i}]</arg>
<doc>Returns the text value of the element identified by ``locator``.</doc>
<msg timestamp="20220119 17:47:23.212" level="INFO">${Linktext} = word processor</msg>
<status status="PASS" starttime="20220119 17:47:23.190" endtime="20220119 17:47:23.212"/>
</kw>
<kw name="Log To Console" library="BuiltIn">
<arg>${Linktext}</arg>
<doc>Logs the given message to the console.</doc>
<status status="PASS" starttime="20220119 17:47:23.212" endtime="20220119 17:47:23.212"/>
</kw>
<status status="PASS" starttime="20220119 17:47:23.190" endtime="20220119 17:47:23.212"/>
</iter>
<iter>
<var name="${i}">99</var>
<kw name="Get Text" library="SeleniumLibrary">
<var>${Linktext}</var>
<arg>xpath:(//a)[${i}]</arg>
<doc>Returns the text value of the element identified by ``locator``.</doc>
<msg timestamp="20220119 17:47:23.228" level="INFO">${Linktext} = Microsoft Silverlight</msg>
<status status="PASS" starttime="20220119 17:47:23.212" endtime="20220119 17:47:23.228"/>
</kw>
<kw name="Log To Console" library="BuiltIn">
<arg>${Linktext}</arg>
<doc>Logs the given message to the console.</doc>
<status status="PASS" starttime="20220119 17:47:23.228" endtime="20220119 17:47:23.228"/>
</kw>
<status status="PASS" starttime="20220119 17:47:23.212" endtime="20220119 17:47:23.228"/>
</iter>
<iter>
<var name="${i}">100</var>
<kw name="Get Text" library="SeleniumLibrary">
<var>${Linktext}</var>
<arg>xpath:(//a)[${i}]</arg>
<doc>Returns the text value of the element identified by ``locator``.</doc>
<msg timestamp="20220119 17:47:23.243" level="INFO">${Linktext} = Adobe Flash Player</msg>
<status status="PASS" starttime="20220119 17:47:23.228" endtime="20220119 17:47:23.243"/>
</kw>
<kw name="Log To Console" library="BuiltIn">
<arg>${Linktext}</arg>
<doc>Logs the given message to the console.</doc>
<status status="PASS" starttime="20220119 17:47:23.243" endtime="20220119 17:47:23.243"/>
</kw>
<status status="PASS" starttime="20220119 17:47:23.228" endtime="20220119 17:47:23.243"/>
</iter>
<iter>
<var name="${i}">101</var>
<kw name="Get Text" library="SeleniumLibrary">
<var>${Linktext}</var>
<arg>xpath:(//a)[${i}]</arg>
<doc>Returns the text value of the element identified by ``locator``.</doc>
<msg timestamp="20220119 17:47:23.275" level="INFO">${Linktext} = Adobe Shockwave Player</msg>
<status status="PASS" starttime="20220119 17:47:23.243" endtime="20220119 17:47:23.275"/>
</kw>
<kw name="Log To Console" library="BuiltIn">
<arg>${Linktext}</arg>
<doc>Logs the given message to the console.</doc>
<status status="PASS" starttime="20220119 17:47:23.275" endtime="20220119 17:47:23.275"/>
</kw>
<status status="PASS" starttime="20220119 17:47:23.243" endtime="20220119 17:47:23.275"/>
</iter>
<iter>
<var name="${i}">102</var>
<kw name="Get Text" library="SeleniumLibrary">
<var>${Linktext}</var>
<arg>xpath:(//a)[${i}]</arg>
<doc>Returns the text value of the element identified by ``locator``.</doc>
<msg timestamp="20220119 17:47:23.292" level="INFO">${Linktext} = Java SE</msg>
<status status="PASS" starttime="20220119 17:47:23.275" endtime="20220119 17:47:23.292"/>
</kw>
<kw name="Log To Console" library="BuiltIn">
<arg>${Linktext}</arg>
<doc>Logs the given message to the console.</doc>
<status status="PASS" starttime="20220119 17:47:23.292" endtime="20220119 17:47:23.292"/>
</kw>
<status status="PASS" starttime="20220119 17:47:23.275" endtime="20220119 17:47:23.292"/>
</iter>
<iter>
<var name="${i}">103</var>
<kw name="Get Text" library="SeleniumLibrary">
<var>${Linktext}</var>
<arg>xpath:(//a)[${i}]</arg>
<doc>Returns the text value of the element identified by ``locator``.</doc>
<msg timestamp="20220119 17:47:23.312" level="INFO">${Linktext} = HTML 5</msg>
<status status="PASS" starttime="20220119 17:47:23.292" endtime="20220119 17:47:23.312"/>
</kw>
<kw name="Log To Console" library="BuiltIn">
<arg>${Linktext}</arg>
<doc>Logs the given message to the console.</doc>
<status status="PASS" starttime="20220119 17:47:23.312" endtime="20220119 17:47:23.312"/>
</kw>
<status status="PASS" starttime="20220119 17:47:23.292" endtime="20220119 17:47:23.312"/>
</iter>
<iter>
<var name="${i}">104</var>
<kw name="Get Text" library="SeleniumLibrary">
<var>${Linktext}</var>
<arg>xpath:(//a)[${i}]</arg>
<doc>Returns the text value of the element identified by ``locator``.</doc>
<msg timestamp="20220119 17:47:23.328" level="INFO">${Linktext} = JavaScript</msg>
<status status="PASS" starttime="20220119 17:47:23.312" endtime="20220119 17:47:23.328"/>
</kw>
<kw name="Log To Console" library="BuiltIn">
<arg>${Linktext}</arg>
<doc>Logs the given message to the console.</doc>
<status status="PASS" starttime="20220119 17:47:23.328" endtime="20220119 17:47:23.328"/>
</kw>
<status status="PASS" starttime="20220119 17:47:23.312" endtime="20220119 17:47:23.328"/>
</iter>
<iter>
<var name="${i}">105</var>
<kw name="Get Text" library="SeleniumLibrary">
<var>${Linktext}</var>
<arg>xpath:(//a)[${i}]</arg>
<doc>Returns the text value of the element identified by ``locator``.</doc>
<msg timestamp="20220119 17:47:23.343" level="INFO">${Linktext} = Document Object Model</msg>
<status status="PASS" starttime="20220119 17:47:23.328" endtime="20220119 17:47:23.343"/>
</kw>
<kw name="Log To Console" library="BuiltIn">
<arg>${Linktext}</arg>
<doc>Logs the given message to the console.</doc>
<status status="PASS" starttime="20220119 17:47:23.343" endtime="20220119 17:47:23.343"/>
</kw>
<status status="PASS" starttime="20220119 17:47:23.328" endtime="20220119 17:47:23.343"/>
</iter>
<iter>
<var name="${i}">106</var>
<kw name="Get Text" library="SeleniumLibrary">
<var>${Linktext}</var>
<arg>xpath:(//a)[${i}]</arg>
<doc>Returns the text value of the element identified by ``locator``.</doc>
<msg timestamp="20220119 17:47:23.359" level="INFO">${Linktext} = WebGL</msg>
<status status="PASS" starttime="20220119 17:47:23.343" endtime="20220119 17:47:23.359"/>
</kw>
<kw name="Log To Console" library="BuiltIn">
<arg>${Linktext}</arg>
<doc>Logs the given message to the console.</doc>
<status status="PASS" starttime="20220119 17:47:23.359" endtime="20220119 17:47:23.359"/>
</kw>
<status status="PASS" starttime="20220119 17:47:23.343" endtime="20220119 17:47:23.359"/>
</iter>
<iter>
<var name="${i}">107</var>
<kw name="Get Text" library="SeleniumLibrary">
<var>${Linktext}</var>
<arg>xpath:(//a)[${i}]</arg>
<doc>Returns the text value of the element identified by ``locator``.</doc>
<msg timestamp="20220119 17:47:23.375" level="INFO">${Linktext} = [6]</msg>
<status status="PASS" starttime="20220119 17:47:23.359" endtime="20220119 17:47:23.375"/>
</kw>
<kw name="Log To Console" library="BuiltIn">
<arg>${Linktext}</arg>
<doc>Logs the given message to the console.</doc>
<status status="PASS" starttime="20220119 17:47:23.375" endtime="20220119 17:47:23.375"/>
</kw>
<status status="PASS" starttime="20220119 17:47:23.359" endtime="20220119 17:47:23.375"/>
</iter>
<iter>
<var name="${i}">108</var>
<kw name="Get Text" library="SeleniumLibrary">
<var>${Linktext}</var>
<arg>xpath:(//a)[${i}]</arg>
<doc>Returns the text value of the element identified by ``locator``.</doc>
<msg timestamp="20220119 17:47:23.408" level="INFO">${Linktext} = [7]</msg>
<status status="PASS" starttime="20220119 17:47:23.375" endtime="20220119 17:47:23.408"/>
</kw>
<kw name="Log To Console" library="BuiltIn">
<arg>${Linktext}</arg>
<doc>Logs the given message to the console.</doc>
<status status="PASS" starttime="20220119 17:47:23.408" endtime="20220119 17:47:23.409"/>
</kw>
<status status="PASS" starttime="20220119 17:47:23.375" endtime="20220119 17:47:23.409"/>
</iter>
<iter>
<var name="${i}">109</var>
<kw name="Get Text" library="SeleniumLibrary">
<var>${Linktext}</var>
<arg>xpath:(//a)[${i}]</arg>
<doc>Returns the text value of the element identified by ``locator``.</doc>
<msg timestamp="20220119 17:47:23.428" level="INFO">${Linktext} = Web 2.0</msg>
<status status="PASS" starttime="20220119 17:47:23.409" endtime="20220119 17:47:23.428"/>
</kw>
<kw name="Log To Console" library="BuiltIn">
<arg>${Linktext}</arg>
<doc>Logs the given message to the console.</doc>
<status status="PASS" starttime="20220119 17:47:23.428" endtime="20220119 17:47:23.429"/>
</kw>
<status status="PASS" starttime="20220119 17:47:23.409" endtime="20220119 17:47:23.429"/>
</iter>
<iter>
<var name="${i}">110</var>
<kw name="Get Text" library="SeleniumLibrary">
<var>${Linktext}</var>
<arg>xpath:(//a)[${i}]</arg>
<doc>Returns the text value of the element identified by ``locator``.</doc>
<msg timestamp="20220119 17:47:23.440" level="INFO">${Linktext} = contextual advertising</msg>
<status status="PASS" starttime="20220119 17:47:23.429" endtime="20220119 17:47:23.440"/>
</kw>
<kw name="Log To Console" library="BuiltIn">
<arg>${Linktext}</arg>
<doc>Logs the given message to the console.</doc>
<status status="PASS" starttime="20220119 17:47:23.440" endtime="20220119 17:47:23.440"/>
</kw>
<status status="PASS" starttime="20220119 17:47:23.429" endtime="20220119 17:47:23.440"/>
</iter>
<iter>
<var name="${i}">111</var>
<kw name="Get Text" library="SeleniumLibrary">
<var>${Linktext}</var>
<arg>xpath:(//a)[${i}]</arg>
<doc>Returns the text value of the element identified by ``locator``.</doc>
<msg timestamp="20220119 17:47:23.456" level="INFO">${Linktext} = E-commerce</msg>
<status status="PASS" starttime="20220119 17:47:23.440" endtime="20220119 17:47:23.456"/>
</kw>
<kw name="Log To Console" library="BuiltIn">
<arg>${Linktext}</arg>
<doc>Logs the given message to the console.</doc>
<status status="PASS" starttime="20220119 17:47:23.456" endtime="20220119 17:47:23.456"/>
</kw>
<status status="PASS" starttime="20220119 17:47:23.440" endtime="20220119 17:47:23.456"/>
</iter>
<iter>
<var name="${i}">112</var>
<kw name="Get Text" library="SeleniumLibrary">
<var>${Linktext}</var>
<arg>xpath:(//a)[${i}]</arg>
<doc>Returns the text value of the element identified by ``locator``.</doc>
[...]
</kw>
<status status="PASS" starttime="20220119 17:47:33.821" endtime="20220119 17:47:33.841"/>
</iter>
<iter>
<var name="${i}">584</var>
<kw name="Get Text" library="SeleniumLibrary">
<var>${Linktext}</var>
<arg>xpath:(//a)[${i}]</arg>
<doc>Returns the text value of the element identified by ``locator``.</doc>
<msg timestamp="20220119 17:47:33.857" level="INFO">${Linktext} = </msg>
<status status="PASS" starttime="20220119 17:47:33.841" endtime="20220119 17:47:33.857"/>
</kw>
<kw name="Log To Console" library="BuiltIn">
<arg>${Linktext}</arg>
<doc>Logs the given message to the console.</doc>
<status status="PASS" starttime="20220119 17:47:33.872" endtime="20220119 17:47:33.872"/>
</kw>
<status status="PASS" starttime="20220119 17:47:33.841" endtime="20220119 17:47:33.872"/>
</iter>
<iter>
<var name="${i}">585</var>
<kw name="Get Text" library="SeleniumLibrary">
<var>${Linktext}</var>
<arg>xpath:(//a)[${i}]</arg>
<doc>Returns the text value of the element identified by ``locator``.</doc>
<msg timestamp="20220119 17:47:33.888" level="INFO">${Linktext} = </msg>
<status status="PASS" starttime="20220119 17:47:33.872" endtime="20220119 17:47:33.888"/>
</kw>
<kw name="Log To Console" library="BuiltIn">
<arg>${Linktext}</arg>
<doc>Logs the given message to the console.</doc>
<status status="PASS" starttime="20220119 17:47:33.888" endtime="20220119 17:47:33.888"/>
</kw>
<status status="PASS" starttime="20220119 17:47:33.872" endtime="20220119 17:47:33.888"/>
</iter>
<iter>
<var name="${i}">586</var>
<kw name="Get Text" library="SeleniumLibrary">
<var>${Linktext}</var>
<arg>xpath:(//a)[${i}]</arg>
<doc>Returns the text value of the element identified by ``locator``.</doc>
<msg timestamp="20220119 17:47:33.919" level="INFO">${Linktext} = </msg>
<status status="PASS" starttime="20220119 17:47:33.888" endtime="20220119 17:47:33.919"/>
</kw>
<kw name="Log To Console" library="BuiltIn">
<arg>${Linktext}</arg>
<doc>Logs the given message to the console.</doc>
<status status="PASS" starttime="20220119 17:47:33.919" endtime="20220119 17:47:33.919"/>
</kw>
<status status="PASS" starttime="20220119 17:47:33.888" endtime="20220119 17:47:33.919"/>
</iter>
<iter>
<var name="${i}">587</var>
<kw name="Get Text" library="SeleniumLibrary">
<var>${Linktext}</var>
<arg>xpath:(//a)[${i}]</arg>
<doc>Returns the text value of the element identified by ``locator``.</doc>
<msg timestamp="20220119 17:47:33.941" level="INFO">${Linktext} = </msg>
<status status="PASS" starttime="20220119 17:47:33.919" endtime="20220119 17:47:33.941"/>
</kw>
<kw name="Log To Console" library="BuiltIn">
<arg>${Linktext}</arg>
<doc>Logs the given message to the console.</doc>
<status status="PASS" starttime="20220119 17:47:33.941" endtime="20220119 17:47:33.941"/>
</kw>
<status status="PASS" starttime="20220119 17:47:33.919" endtime="20220119 17:47:33.941"/>
</iter>
<iter>
<var name="${i}">588</var>
<kw name="Get Text" library="SeleniumLibrary">
<var>${Linktext}</var>
<arg>xpath:(//a)[${i}]</arg>
<doc>Returns the text value of the element identified by ``locator``.</doc>
<msg timestamp="20220119 17:47:33.957" level="INFO">${Linktext} = </msg>
<status status="PASS" starttime="20220119 17:47:33.941" endtime="20220119 17:47:33.957"/>
</kw>
<kw name="Log To Console" library="BuiltIn">
<arg>${Linktext}</arg>
<doc>Logs the given message to the console.</doc>
<status status="PASS" starttime="20220119 17:47:33.957" endtime="20220119 17:47:33.957"/>
</kw>
<status status="PASS" starttime="20220119 17:47:33.941" endtime="20220119 17:47:33.957"/>
</iter>
<iter>
<var name="${i}">589</var>
<kw name="Get Text" library="SeleniumLibrary">
<var>${Linktext}</var>
<arg>xpath:(//a)[${i}]</arg>
<doc>Returns the text value of the element identified by ``locator``.</doc>
<msg timestamp="20220119 17:47:33.988" level="INFO">${Linktext} = </msg>
<status status="PASS" starttime="20220119 17:47:33.957" endtime="20220119 17:47:33.988"/>
</kw>
<kw name="Log To Console" library="BuiltIn">
<arg>${Linktext}</arg>
<doc>Logs the given message to the console.</doc>
<status status="PASS" starttime="20220119 17:47:33.988" endtime="20220119 17:47:33.988"/>
</kw>
<status status="PASS" starttime="20220119 17:47:33.957" endtime="20220119 17:47:33.988"/>
</iter>
<iter>
<var name="${i}">590</var>
<kw name="Get Text" library="SeleniumLibrary">
<var>${Linktext}</var>
<arg>xpath:(//a)[${i}]</arg>
<doc>Returns the text value of the element identified by ``locator``.</doc>
<msg timestamp="20220119 17:47:34.004" level="INFO">${Linktext} = </msg>
<status status="PASS" starttime="20220119 17:47:33.988" endtime="20220119 17:47:34.004"/>
</kw>
<kw name="Log To Console" library="BuiltIn">
<arg>${Linktext}</arg>
<doc>Logs the given message to the console.</doc>
<status status="PASS" starttime="20220119 17:47:34.004" endtime="20220119 17:47:34.020"/>
</kw>
<status status="PASS" starttime="20220119 17:47:33.988" endtime="20220119 17:47:34.020"/>
</iter>
<iter>
<var name="${i}">591</var>
<kw name="Get Text" library="SeleniumLibrary">
<var>${Linktext}</var>
<arg>xpath:(//a)[${i}]</arg>
<doc>Returns the text value of the element identified by ``locator``.</doc>
<msg timestamp="20220119 17:47:34.042" level="INFO">${Linktext} = Edit links</msg>
<status status="PASS" starttime="20220119 17:47:34.020" endtime="20220119 17:47:34.042"/>
</kw>
<kw name="Log To Console" library="BuiltIn">
<arg>${Linktext}</arg>
<doc>Logs the given message to the console.</doc>
<status status="PASS" starttime="20220119 17:47:34.042" endtime="20220119 17:47:34.042"/>
</kw>
<status status="PASS" starttime="20220119 17:47:34.020" endtime="20220119 17:47:34.042"/>
</iter>
<iter>
<var name="${i}">592</var>
<kw name="Get Text" library="SeleniumLibrary">
<var>${Linktext}</var>
<arg>xpath:(//a)[${i}]</arg>
<doc>Returns the text value of the element identified by ``locator``.</doc>
<msg timestamp="20220119 17:47:34.057" level="INFO">${Linktext} = Creative Commons Attribution-ShareAlike License</msg>
<status status="PASS" starttime="20220119 17:47:34.042" endtime="20220119 17:47:34.057"/>
</kw>
<kw name="Log To Console" library="BuiltIn">
<arg>${Linktext}</arg>
<doc>Logs the given message to the console.</doc>
<status status="PASS" starttime="20220119 17:47:34.057" endtime="20220119 17:47:34.057"/>
</kw>
<status status="PASS" starttime="20220119 17:47:34.042" endtime="20220119 17:47:34.057"/>
</iter>
<iter>
<var name="${i}">593</var>
<kw name="Get Text" library="SeleniumLibrary">
<var>${Linktext}</var>
<arg>xpath:(//a)[${i}]</arg>
<doc>Returns the text value of the element identified by ``locator``.</doc>
<msg timestamp="20220119 17:47:34.089" level="INFO">${Linktext} = </msg>
<status status="PASS" starttime="20220119 17:47:34.057" endtime="20220119 17:47:34.089"/>
</kw>
<kw name="Log To Console" library="BuiltIn">
<arg>${Linktext}</arg>
<doc>Logs the given message to the console.</doc>
<status status="PASS" starttime="20220119 17:47:34.089" endtime="20220119 17:47:34.089"/>
</kw>
<status status="PASS" starttime="20220119 17:47:34.057" endtime="20220119 17:47:34.089"/>
</iter>
<iter>
<var name="${i}">594</var>
<kw name="Get Text" library="SeleniumLibrary">
<var>${Linktext}</var>
<arg>xpath:(//a)[${i}]</arg>
<doc>Returns the text value of the element identified by ``locator``.</doc>
<msg timestamp="20220119 17:47:34.104" level="INFO">${Linktext} = Terms of Use</msg>
<status status="PASS" starttime="20220119 17:47:34.089" endtime="20220119 17:47:34.104"/>
</kw>
<kw name="Log To Console" library="BuiltIn">
<arg>${Linktext}</arg>
<doc>Logs the given message to the console.</doc>
<status status="PASS" starttime="20220119 17:47:34.104" endtime="20220119 17:47:34.104"/>
</kw>
<status status="PASS" starttime="20220119 17:47:34.089" endtime="20220119 17:47:34.104"/>
</iter>
<iter>
<var name="${i}">595</var>
<kw name="Get Text" library="SeleniumLibrary">
<var>${Linktext}</var>
<arg>xpath:(//a)[${i}]</arg>
<doc>Returns the text value of the element identified by ``locator``.</doc>
<msg timestamp="20220119 17:47:34.136" level="INFO">${Linktext} = Privacy Policy</msg>
<status status="PASS" starttime="20220119 17:47:34.104" endtime="20220119 17:47:34.136"/>
</kw>
<kw name="Log To Console" library="BuiltIn">
<arg>${Linktext}</arg>
<doc>Logs the given message to the console.</doc>
<status status="PASS" starttime="20220119 17:47:34.136" endtime="20220119 17:47:34.136"/>
</kw>
<status status="PASS" starttime="20220119 17:47:34.104" endtime="20220119 17:47:34.136"/>
</iter>
<iter>
<var name="${i}">596</var>
<kw name="Get Text" library="SeleniumLibrary">
<var>${Linktext}</var>
<arg>xpath:(//a)[${i}]</arg>
<doc>Returns the text value of the element identified by ``locator``.</doc>
<msg timestamp="20220119 17:47:34.158" level="INFO">${Linktext} = Wikimedia Foundation, Inc.</msg>
<status status="PASS" starttime="20220119 17:47:34.136" endtime="20220119 17:47:34.158"/>
</kw>
<kw name="Log To Console" library="BuiltIn">
<arg>${Linktext}</arg>
<doc>Logs the given message to the console.</doc>
<status status="PASS" starttime="20220119 17:47:34.158" endtime="20220119 17:47:34.158"/>
</kw>
<status status="PASS" starttime="20220119 17:47:34.136" endtime="20220119 17:47:34.158"/>
</iter>
<iter>
<var name="${i}">597</var>
<kw name="Get Text" library="SeleniumLibrary">
<var>${Linktext}</var>
<arg>xpath:(//a)[${i}]</arg>
<doc>Returns the text value of the element identified by ``locator``.</doc>
<msg timestamp="20220119 17:47:34.173" level="INFO">${Linktext} = Privacy policy</msg>
<status status="PASS" starttime="20220119 17:47:34.158" endtime="20220119 17:47:34.173"/>
</kw>
<kw name="Log To Console" library="BuiltIn">
<arg>${Linktext}</arg>
<doc>Logs the given message to the console.</doc>
<status status="PASS" starttime="20220119 17:47:34.173" endtime="20220119 17:47:34.173"/>
</kw>
<status status="PASS" starttime="20220119 17:47:34.158" endtime="20220119 17:47:34.173"/>
</iter>
<iter>
<var name="${i}">598</var>
<kw name="Get Text" library="SeleniumLibrary">
<var>${Linktext}</var>
<arg>xpath:(//a)[${i}]</arg>
<doc>Returns the text value of the element identified by ``locator``.</doc>
<msg timestamp="20220119 17:47:34.205" level="INFO">${Linktext} = About Wikipedia</msg>
<status status="PASS" starttime="20220119 17:47:34.173" endtime="20220119 17:47:34.205"/>
</kw>
<kw name="Log To Console" library="BuiltIn">
<arg>${Linktext}</arg>
<doc>Logs the given message to the console.</doc>
<status status="PASS" starttime="20220119 17:47:34.205" endtime="20220119 17:47:34.205"/>
</kw>
<status status="PASS" starttime="20220119 17:47:34.173" endtime="20220119 17:47:34.205"/>
</iter>
<iter>
<var name="${i}">599</var>
<kw name="Get Text" library="SeleniumLibrary">
<var>${Linktext}</var>
<arg>xpath:(//a)[${i}]</arg>
<doc>Returns the text value of the element identified by ``locator``.</doc>
<msg timestamp="20220119 17:47:34.220" level="INFO">${Linktext} = Disclaimers</msg>
<status status="PASS" starttime="20220119 17:47:34.205" endtime="20220119 17:47:34.220"/>
</kw>
<kw name="Log To Console" library="BuiltIn">
<arg>${Linktext}</arg>
<doc>Logs the given message to the console.</doc>
<status status="PASS" starttime="20220119 17:47:34.220" endtime="20220119 17:47:34.220"/>
</kw>
<status status="PASS" starttime="20220119 17:47:34.205" endtime="20220119 17:47:34.220"/>
</iter>
<iter>
<var name="${i}">600</var>
<kw name="Get Text" library="SeleniumLibrary">
<var>${Linktext}</var>
<arg>xpath:(//a)[${i}]</arg>
<doc>Returns the text value of the element identified by ``locator``.</doc>
<msg timestamp="20220119 17:47:34.242" level="INFO">${Linktext} = Contact Wikipedia</msg>
<status status="PASS" starttime="20220119 17:47:34.220" endtime="20220119 17:47:34.242"/>
</kw>
<kw name="Log To Console" library="BuiltIn">
<arg>${Linktext}</arg>
<doc>Logs the given message to the console.</doc>
<status status="PASS" starttime="20220119 17:47:34.242" endtime="20220119 17:47:34.242"/>
</kw>
<status status="PASS" starttime="20220119 17:47:34.220" endtime="20220119 17:47:34.242"/>
</iter>
<iter>
<var name="${i}">601</var>
<kw name="Get Text" library="SeleniumLibrary">
<var>${Linktext}</var>
<arg>xpath:(//a)[${i}]</arg>
<doc>Returns the text value of the element identified by ``locator``.</doc>
<msg timestamp="20220119 17:47:34.274" level="INFO">${Linktext} = Mobile view</msg>
<status status="PASS" starttime="20220119 17:47:34.242" endtime="20220119 17:47:34.274"/>
</kw>
<kw name="Log To Console" library="BuiltIn">
<arg>${Linktext}</arg>
<doc>Logs the given message to the console.</doc>
<status status="PASS" starttime="20220119 17:47:34.274" endtime="20220119 17:47:34.274"/>
</kw>
<status status="PASS" starttime="20220119 17:47:34.242" endtime="20220119 17:47:34.274"/>
</iter>
<iter>
<var name="${i}">602</var>
<kw name="Get Text" library="SeleniumLibrary">
<var>${Linktext}</var>
<arg>xpath:(//a)[${i}]</arg>
<doc>Returns the text value of the element identified by ``locator``.</doc>
<msg timestamp="20220119 17:47:34.289" level="INFO">${Linktext} = Developers</msg>
<status status="PASS" starttime="20220119 17:47:34.274" endtime="20220119 17:47:34.289"/>
</kw>
<kw name="Log To Console" library="BuiltIn">
<arg>${Linktext}</arg>
<doc>Logs the given message to the console.</doc>
<status status="PASS" starttime="20220119 17:47:34.289" endtime="20220119 17:47:34.289"/>
</kw>
<status status="PASS" starttime="20220119 17:47:34.274" endtime="20220119 17:47:34.289"/>
</iter>
<iter>
<var name="${i}">603</var>
<kw name="Get Text" library="SeleniumLibrary">
<var>${Linktext}</var>
<arg>xpath:(//a)[${i}]</arg>
<doc>Returns the text value of the element identified by ``locator``.</doc>
<msg timestamp="20220119 17:47:34.320" level="INFO">${Linktext} = Statistics</msg>
<status status="PASS" starttime="20220119 17:47:34.289" endtime="20220119 17:47:34.320"/>
</kw>
<kw name="Log To Console" library="BuiltIn">
<arg>${Linktext}</arg>
<doc>Logs the given message to the console.</doc>
<status status="PASS" starttime="20220119 17:47:34.320" endtime="20220119 17:47:34.320"/>
</kw>
<status status="PASS" starttime="20220119 17:47:34.289" endtime="20220119 17:47:34.320"/>
</iter>
<iter>
<var name="${i}">604</var>
<kw name="Get Text" library="SeleniumLibrary">
<var>${Linktext}</var>
<arg>xpath:(//a)[${i}]</arg>
<doc>Returns the text value of the element identified by ``locator``.</doc>
<msg timestamp="20220119 17:47:34.343" level="INFO">${Linktext} = Cookie statement</msg>
<status status="PASS" starttime="20220119 17:47:34.320" endtime="20220119 17:47:34.343"/>
</kw>
<kw name="Log To Console" library="BuiltIn">
<arg>${Linktext}</arg>
<doc>Logs the given message to the console.</doc>
<status status="PASS" starttime="20220119 17:47:34.343" endtime="20220119 17:47:34.343"/>
</kw>
<status status="PASS" starttime="20220119 17:47:34.320" endtime="20220119 17:47:34.343"/>
</iter>
<iter>
<var name="${i}">605</var>
<kw name="Get Text" library="SeleniumLibrary">
<var>${Linktext}</var>
<arg>xpath:(//a)[${i}]</arg>
<doc>Returns the text value of the element identified by ``locator``.</doc>
<msg timestamp="20220119 17:47:34.358" level="INFO">${Linktext} = </msg>
<status status="PASS" starttime="20220119 17:47:34.343" endtime="20220119 17:47:34.358"/>
</kw>
<kw name="Log To Console" library="BuiltIn">
<arg>${Linktext}</arg>
<doc>Logs the given message to the console.</doc>
<status status="PASS" starttime="20220119 17:47:34.358" endtime="20220119 17:47:34.358"/>
</kw>
<status status="PASS" starttime="20220119 17:47:34.343" endtime="20220119 17:47:34.358"/>
</iter>
<iter>
<var name="${i}">606</var>
<kw name="Get Text" library="SeleniumLibrary">
<var>${Linktext}</var>
<arg>xpath:(//a)[${i}]</arg>
<doc>Returns the text value of the element identified by ``locator``.</doc>
<msg timestamp="20220119 17:47:34.389" level="INFO">${Linktext} = </msg>
<status status="PASS" starttime="20220119 17:47:34.358" endtime="20220119 17:47:34.389"/>
</kw>
<kw name="Log To Console" library="BuiltIn">
<arg>${Linktext}</arg>
<doc>Logs the given message to the console.</doc>
<status status="PASS" starttime="20220119 17:47:34.389" endtime="20220119 17:47:34.389"/>
</kw>
<status status="PASS" starttime="20220119 17:47:34.358" endtime="20220119 17:47:34.389"/>
</iter>
<iter>
<var name="${i}">607</var>
<kw name="Get Text" library="SeleniumLibrary">
<var>${Linktext}</var>
<arg>xpath:(//a)[${i}]</arg>
<doc>Returns the text value of the element identified by ``locator``.</doc>
<msg timestamp="20220119 17:47:34.405" level="INFO">${Linktext} = </msg>
<status status="PASS" starttime="20220119 17:47:34.389" endtime="20220119 17:47:34.405"/>
</kw>
<kw name="Log To Console" library="BuiltIn">
<arg>${Linktext}</arg>
<doc>Logs the given message to the console.</doc>
<status status="PASS" starttime="20220119 17:47:34.405" endtime="20220119 17:47:34.405"/>
</kw>
<status status="PASS" starttime="20220119 17:47:34.389" endtime="20220119 17:47:34.405"/>
</iter>
<iter>
<var name="${i}">608</var>
<kw name="Get Text" library="SeleniumLibrary">
<var>${Linktext}</var>
<arg>xpath:(//a)[${i}]</arg>
<doc>Returns the text value of the element identified by ``locator``.</doc>
<msg timestamp="20220119 17:47:34.436" level="INFO">${Linktext} = </msg>
<status status="PASS" starttime="20220119 17:47:34.405" endtime="20220119 17:47:34.436"/>
</kw>
<kw name="Log To Console" library="BuiltIn">
<arg>${Linktext}</arg>
<doc>Logs the given message to the console.</doc>
<status status="PASS" starttime="20220119 17:47:34.436" endtime="20220119 17:47:34.436"/>
</kw>
<status status="PASS" starttime="20220119 17:47:34.405" endtime="20220119 17:47:34.436"/>
</iter>
<status status="PASS" starttime="20220119 17:47:21.307" endtime="20220119 17:47:34.436"/>
</for>
<kw name="Get Length" library="BuiltIn">
<var>${list_leng}</var>
<arg>${sam_list}</arg>
<doc>Returns and logs the length of the given item as an integer.</doc>
<msg timestamp="20220119 17:47:34.443" level="INFO">Length is 3</msg>
<msg timestamp="20220119 17:47:34.443" level="INFO">${list_leng} = 3</msg>
<status status="PASS" starttime="20220119 17:47:34.443" endtime="20220119 17:47:34.443"/>
</kw>
<kw name="Log To Console" library="BuiltIn">
<arg>${list_leng}</arg>
<doc>Logs the given message to the console.</doc>
<status status="PASS" starttime="20220119 17:47:34.443" endtime="20220119 17:47:34.443"/>
</kw>
<for flavor="IN RANGE">
<var>${index}</var>
<value>${list_leng}</value>
<iter>
<var name="${index}">0</var>
<kw name="Log To Console" library="BuiltIn">
<arg>${sam_list}[${index}]</arg>
<doc>Logs the given message to the console.</doc>
<status status="PASS" starttime="20220119 17:47:34.443" endtime="20220119 17:47:34.443"/>
</kw>
<status status="PASS" starttime="20220119 17:47:34.443" endtime="20220119 17:47:34.443"/>
</iter>
<iter>
<var name="${index}">1</var>
<kw name="Log To Console" library="BuiltIn">
<arg>${sam_list}[${index}]</arg>
<doc>Logs the given message to the console.</doc>
<status status="PASS" starttime="20220119 17:47:34.443" endtime="20220119 17:47:34.443"/>
</kw>
<status status="PASS" starttime="20220119 17:47:34.443" endtime="20220119 17:47:34.443"/>
</iter>
<iter>
<var name="${index}">2</var>
<kw name="Log To Console" library="BuiltIn">
<arg>${sam_list}[${index}]</arg>
<doc>Logs the given message to the console.</doc>
<status status="PASS" starttime="20220119 17:47:34.443" endtime="20220119 17:47:34.443"/>
</kw>
<status status="PASS" starttime="20220119 17:47:34.443" endtime="20220119 17:47:34.443"/>
</iter>
<status status="PASS" starttime="20220119 17:47:34.443" endtime="20220119 17:47:34.443"/>
</for>
<status status="PASS" starttime="20220119 17:47:16.967" endtime="20220119 17:47:34.443"/>
</test>
<status status="PASS" starttime="20220119 17:47:16.798" endtime="20220119 17:47:34.443"/>
</suite>
<statistics>
<total>
<stat pass="1" fail="0" skip="0">All Tests</stat>
</total>
<tag>
</tag>
<suite>
<stat pass="1" fail="0" skip="0" id="s1" name="getAllLinks">getAllLinks</stat>
</suite>
</statistics>
<errors>
</errors>
</robot>
