<?xml version="1.0" encoding="UTF-8"?>
<robot generator="Robot 4.1.3 (Python 3.7.4 on win32)" generated="20220118 22:32:59.846" rpa="false" schemaversion="2">
<suite id="s1" name="NavigationalKeywords" source="D:\Skill_development\Robotframework_sample\TestCases\NavigationalKeywords.robot">
<test id="s1-t1" name="NavigationTest">
<kw name="Open Browser" library="SeleniumLibrary">
<arg>https://www.google.com/</arg>
<arg>chrome</arg>
<doc>Opens a new browser instance to the optional ``url``.</doc>
<msg timestamp="20220118 22:33:00.126" level="INFO">Opening browser 'chrome' to base url 'https://www.google.com/'.</msg>
<status status="PASS" starttime="20220118 22:33:00.125" endtime="20220118 22:33:02.261"/>
</kw>
<kw name="Get Location" library="SeleniumLibrary">
<var>${loc}</var>
<doc>Returns the current browser window URL.</doc>
<msg timestamp="20220118 22:33:02.273" level="INFO">${loc} = https://www.google.com/</msg>
<status status="PASS" starttime="20220118 22:33:02.261" endtime="20220118 22:33:02.274"/>
</kw>
<kw name="Log To Console" library="BuiltIn">
<arg>${loc}</arg>
<doc>Logs the given message to the console.</doc>
<status status="PASS" starttime="20220118 22:33:02.274" endtime="20220118 22:33:02.275"/>
</kw>
<kw name="Sleep" library="BuiltIn">
<arg>2</arg>
<doc>Pauses the test executed for the given time.</doc>
<msg timestamp="20220118 22:33:04.295" level="INFO">Slept 2 seconds</msg>
<status status="PASS" starttime="20220118 22:33:02.276" endtime="20220118 22:33:04.296"/>
</kw>
<kw name="Go To" library="SeleniumLibrary">
<arg>https://www.bing.com</arg>
<doc>Navigates the current browser window to the provided ``url``.</doc>
<msg timestamp="20220118 22:33:04.299" level="INFO">Opening url 'https://www.bing.com'</msg>
<status status="PASS" starttime="20220118 22:33:04.298" endtime="20220118 22:33:04.907"/>
</kw>
<kw name="Get Location" library="SeleniumLibrary">
<var>${loc}</var>
<doc>Returns the current browser window URL.</doc>
<msg timestamp="20220118 22:33:04.913" level="INFO">${loc} = https://www.bing.com/</msg>
<status status="PASS" starttime="20220118 22:33:04.907" endtime="20220118 22:33:04.913"/>
</kw>
<kw name="Log To Console" library="BuiltIn">
<arg>${loc}</arg>
<doc>Logs the given message to the console.</doc>
<status status="PASS" starttime="20220118 22:33:04.913" endtime="20220118 22:33:04.914"/>
</kw>
<kw name="Sleep" library="BuiltIn">
<arg>2</arg>
<doc>Pauses the test executed for the given time.</doc>
<msg timestamp="20220118 22:33:06.930" level="INFO">Slept 2 seconds</msg>
<status status="PASS" starttime="20220118 22:33:04.914" endtime="20220118 22:33:06.930"/>
</kw>
<kw name="Go Back" library="SeleniumLibrary">
<doc>Simulates the user clicking the back button on their browser.</doc>
<status status="PASS" starttime="20220118 22:33:06.931" endtime="20220118 22:33:07.335"/>
</kw>
<kw name="Get Location" library="SeleniumLibrary">
<var>${loc}</var>
<doc>Returns the current browser window URL.</doc>
<msg timestamp="20220118 22:33:07.343" level="INFO">${loc} = https://www.google.com/</msg>
<status status="PASS" starttime="20220118 22:33:07.337" endtime="20220118 22:33:07.343"/>
</kw>
<kw name="Log To Console" library="BuiltIn">
<arg>${loc}</arg>
<doc>Logs the given message to the console.</doc>
<status status="PASS" starttime="20220118 22:33:07.343" endtime="20220118 22:33:07.343"/>
</kw>
<kw name="Close Browser" library="SeleniumLibrary">
<doc>Closes the current browser.</doc>
<status status="PASS" starttime="20220118 22:33:07.344" endtime="20220118 22:33:09.543"/>
</kw>
<status status="PASS" starttime="20220118 22:33:00.124" endtime="20220118 22:33:09.545"/>
</test>
<status status="PASS" starttime="20220118 22:32:59.850" endtime="20220118 22:33:09.553"/>
</suite>
<statistics>
<total>
<stat pass="1" fail="0" skip="0">All Tests</stat>
</total>
<tag>
</tag>
<suite>
<stat pass="1" fail="0" skip="0" id="s1" name="NavigationalKeywords">NavigationalKeywords</stat>
</suite>
</statistics>
<errors>
</errors>
</robot>
