<?xml version="1.0" encoding="UTF-8"?>
<robot generator="Robot 4.1.3 (Python 3.7.4 on win32)" generated="20220127 22:01:04.195" rpa="false" schemaversion="2">
<suite id="s1" name="DBTesting" source="D:\Skill_development\Robotframework_sample\TestCases\DBTesting.robot">
<kw name="Connect To Database" library="DatabaseLibrary" type="SETUP">
<arg>psycopg2</arg>
<arg>${DBName}</arg>
<arg>${DBUser}</arg>
<arg>${DBPass}</arg>
<arg>${DBHost}</arg>
<arg>${DBPort}</arg>
<doc>Loads the DB API 2.0 module given `dbapiModuleName` then uses it to
connect to the database using `dbName`, `dbUsername`, and `dbPassword`.</doc>
<msg timestamp="20220127 22:01:04.261" level="INFO">Connecting using : psycopg2.connect(database=robot_sample, user=postgres, password=54321, host=127.0.0.1, port=5432) </msg>
<status status="PASS" starttime="20220127 22:01:04.242" endtime="20220127 22:01:04.296"/>
</kw>
<test id="s1-t1" name="Retrieve Records from newtable Table">
<kw name="Query" library="DatabaseLibrary">
<var>@{queryResults}</var>
<arg>select * from sample_db.newtable;</arg>
<doc>Uses the input `selectStatement` to query for the values that will be returned as a list of tuples. Set optional
input `sansTran` to True to run command without an explicit transaction commit or rollback.
Set optional input `returnAsDict` to True to return values as a list of dictionaries.</doc>
<msg timestamp="20220127 22:01:04.297" level="INFO">Executing : Query  |  select * from sample_db.newtable; </msg>
<msg timestamp="20220127 22:01:04.298" level="INFO">@{queryResults} = [ ('100', 'Haran', 'coimbatore') | ('105', 'Ananth', 'salem') | ('103', 'Karthik', 'erode') | ('104', 'Nadesan', 'bhavani') | ('101', 'Chandru', 'chennai') | ('102', 'Surya', 'tgode') ]</msg>
<status status="PASS" starttime="20220127 22:01:04.296" endtime="20220127 22:01:04.298"/>
</kw>
<kw name="Log To Console" library="BuiltIn">
<arg>many @{queryResults}</arg>
<doc>Logs the given message to the console.</doc>
<status status="PASS" starttime="20220127 22:01:04.299" endtime="20220127 22:01:04.299"/>
</kw>
<status status="PASS" starttime="20220127 22:01:04.296" endtime="20220127 22:01:04.300"/>
</test>
<test id="s1-t2" name="Retrieve Records from person Table">
<kw name="Query" library="DatabaseLibrary">
<var>@{queryResults}</var>
<arg>select * from sample_db.person;</arg>
<doc>Uses the input `selectStatement` to query for the values that will be returned as a list of tuples. Set optional
input `sansTran` to True to run command without an explicit transaction commit or rollback.
Set optional input `returnAsDict` to True to return values as a list of dictionaries.</doc>
<msg timestamp="20220127 22:01:04.302" level="INFO">Executing : Query  |  select * from sample_db.person; </msg>
<msg timestamp="20220127 22:01:04.302" level="INFO">@{queryResults} = [ (101, 'John', 'Canady') | (101, 'John', 'Canady') | (102, 'David', 'Canady') | (103, 'Smith', 'Canady') | (104, 'Marry', 'Canady') | (105, 'Tye', 'Canady') ]</msg>
<status status="PASS" starttime="20220127 22:01:04.302" endtime="20220127 22:01:04.302"/>
</kw>
<kw name="Log To Console" library="BuiltIn">
<arg>many @{queryResults}</arg>
<doc>Logs the given message to the console.</doc>
<status status="PASS" starttime="20220127 22:01:04.303" endtime="20220127 22:01:04.304"/>
</kw>
<status status="PASS" starttime="20220127 22:01:04.301" endtime="20220127 22:01:04.304"/>
</test>
<kw name="Disconnect From Database" library="DatabaseLibrary" type="TEARDOWN">
<doc>Disconnects from the database.</doc>
<msg timestamp="20220127 22:01:04.306" level="INFO">Executing : Disconnect From Database</msg>
<status status="PASS" starttime="20220127 22:01:04.306" endtime="20220127 22:01:04.306"/>
</kw>
<status status="PASS" starttime="20220127 22:01:04.197" endtime="20220127 22:01:04.306"/>
</suite>
<statistics>
<total>
<stat pass="2" fail="0" skip="0">All Tests</stat>
</total>
<tag>
</tag>
<suite>
<stat pass="2" fail="0" skip="0" id="s1" name="DBTesting">DBTesting</stat>
</suite>
</statistics>
<errors>
</errors>
</robot>
