<?xml version="1.0" encoding="UTF-8"?>
<robot generator="Robot 4.1.3 (Python 3.7.4 on win32)" generated="20220124 18:18:43.782" rpa="false" schemaversion="2">
<suite id="s1" name="Scrollingpage" source="D:\Skill_development\Robotframework_sample\TestCases\Scrollingpage.robot">
<test id="s1-t1" name="ScrollingTest">
<kw name="Open Browser" library="SeleniumLibrary">
<arg>https://www.countries-ofthe-world.com/flags-of-the-world.html</arg>
<arg>chrome</arg>
<doc>Opens a new browser instance to the optional ``url``.</doc>
<msg timestamp="20220124 18:18:43.990" level="INFO">Opening browser 'chrome' to base url 'https://www.countries-ofthe-world.com/flags-of-the-world.html'.</msg>
<status status="PASS" starttime="20220124 18:18:43.989" endtime="20220124 18:18:47.527"/>
</kw>
<kw name="Maximize Browser Window" library="SeleniumLibrary">
<doc>Maximizes current browser window.</doc>
<status status="PASS" starttime="20220124 18:18:47.528" endtime="20220124 18:18:47.673"/>
</kw>
<kw name="Scroll Element Into View" library="SeleniumLibrary">
<arg>xpath://td[contains(text(),'India')]</arg>
<doc>Scrolls the element identified by ``locator`` into view.</doc>
<status status="PASS" starttime="20220124 18:18:47.674" endtime="20220124 18:18:47.981"/>
</kw>
<kw name="Sleep" library="BuiltIn">
<arg>2</arg>
<doc>Pauses the test executed for the given time.</doc>
<msg timestamp="20220124 18:18:49.998" level="INFO">Slept 2 seconds</msg>
<status status="PASS" starttime="20220124 18:18:47.982" endtime="20220124 18:18:49.998"/>
</kw>
<kw name="Execute Javascript" library="SeleniumLibrary">
<arg>window.scrollTo(0, document.body.scrollHeight)</arg>
<doc>Executes the given JavaScript code with possible arguments.</doc>
<msg timestamp="20220124 18:18:50.000" level="INFO">Executing JavaScript:
window.scrollTo(0, document.body.scrollHeight)
Without any arguments.</msg>
<status status="PASS" starttime="20220124 18:18:49.999" endtime="20220124 18:18:50.028"/>
</kw>
<kw name="Sleep" library="BuiltIn">
<arg>2</arg>
<doc>Pauses the test executed for the given time.</doc>
<msg timestamp="20220124 18:18:52.047" level="INFO">Slept 2 seconds</msg>
<status status="PASS" starttime="20220124 18:18:50.029" endtime="20220124 18:18:52.047"/>
</kw>
<kw name="Execute Javascript" library="SeleniumLibrary">
<arg>window.scrollTo(0,-document.body.scrollHeight)</arg>
<doc>Executes the given JavaScript code with possible arguments.</doc>
<msg timestamp="20220124 18:18:52.048" level="INFO">Executing JavaScript:
window.scrollTo(0,-document.body.scrollHeight)
Without any arguments.</msg>
<status status="PASS" starttime="20220124 18:18:52.048" endtime="20220124 18:18:52.055"/>
</kw>
<status status="PASS" starttime="20220124 18:18:43.988" endtime="20220124 18:18:52.056"/>
</test>
<status status="PASS" starttime="20220124 18:18:43.786" endtime="20220124 18:18:52.058"/>
</suite>
<statistics>
<total>
<stat pass="1" fail="0" skip="0">All Tests</stat>
</total>
<tag>
</tag>
<suite>
<stat pass="1" fail="0" skip="0" id="s1" name="Scrollingpage">Scrollingpage</stat>
</suite>
</statistics>
<errors>
</errors>
</robot>
