<?xml version="1.0" encoding="UTF-8"?>
<robot generator="Robot 4.1.3 (Python 3.7.4 on win32)" generated="20220209 09:33:44.143" rpa="false" schemaversion="2">
<suite id="s1" name="LoginTest" source="D:\Skill_development\Robotframework_sample\TestCases\LoginTest.robot">
<test id="s1-t1" name="LginTest">
<kw name="open my Browser" library="LoginKeywords">
<arg>${url}</arg>
<arg>${browser}</arg>
<kw name="Open Browser" library="SeleniumLibrary">
<arg>${url}</arg>
<arg>${browser}</arg>
<doc>Opens a new browser instance to the optional ``url``.</doc>
<msg timestamp="20220209 09:33:44.741" level="INFO">Opening browser 'chrome' to base url 'https://admin-demo.nopcommerce.com'.</msg>
<status status="PASS" starttime="20220209 09:33:44.741" endtime="20220209 09:34:05.078"/>
</kw>
<kw name="Maximize Browser Window" library="SeleniumLibrary">
<doc>Maximizes current browser window.</doc>
<status status="PASS" starttime="20220209 09:34:05.079" endtime="20220209 09:34:05.197"/>
</kw>
<status status="PASS" starttime="20220209 09:33:44.740" endtime="20220209 09:34:05.198"/>
</kw>
<kw name="Enter UserName" library="LoginKeywords">
<arg>${username}</arg>
<kw name="Input Text" library="SeleniumLibrary">
<arg>${txt_loginUserName}</arg>
<arg>${username}</arg>
<doc>Types the given ``text`` into the text field identified by ``locator``.</doc>
<msg timestamp="20220209 09:34:05.205" level="INFO">Typing text 'admin@yourstore.com' into text field 'id:Email'.</msg>
<status status="PASS" starttime="20220209 09:34:05.203" endtime="20220209 09:34:05.434"/>
</kw>
<status status="PASS" starttime="20220209 09:34:05.202" endtime="20220209 09:34:05.435"/>
</kw>
<kw name="Enter Password" library="LoginKeywords">
<arg>${password}</arg>
<kw name="Input Text" library="SeleniumLibrary">
<arg>${txt_loginPassword}</arg>
<arg>${password}</arg>
<doc>Types the given ``text`` into the text field identified by ``locator``.</doc>
<msg timestamp="20220209 09:34:05.438" level="INFO">Typing text 'admin' into text field 'id:Password'.</msg>
<status status="PASS" starttime="20220209 09:34:05.437" endtime="20220209 09:34:05.612"/>
</kw>
<status status="PASS" starttime="20220209 09:34:05.436" endtime="20220209 09:34:05.613"/>
</kw>
<kw name="Click SignIn" library="LoginKeywords">
<kw name="Click Button" library="SeleniumLibrary">
<arg>${btn_signin}</arg>
<doc>Clicks the button identified by ``locator``.</doc>
<msg timestamp="20220209 09:34:05.615" level="INFO">Clicking button 'xpath://button[@type='submit']'.</msg>
<status status="PASS" starttime="20220209 09:34:05.615" endtime="20220209 09:34:08.916"/>
</kw>
<status status="PASS" starttime="20220209 09:34:05.614" endtime="20220209 09:34:08.916"/>
</kw>
<kw name="Verify successful Login" library="LoginKeywords">
<kw name="Page Should Contain" library="SeleniumLibrary">
<arg>Dashboard</arg>
<doc>Verifies that current page contains ``text``.</doc>
<msg timestamp="20220209 09:34:08.941" level="INFO">Current page contains text 'Dashboard'.</msg>
<status status="PASS" starttime="20220209 09:34:08.918" endtime="20220209 09:34:08.942"/>
</kw>
<status status="PASS" starttime="20220209 09:34:08.917" endtime="20220209 09:34:08.942"/>
</kw>
<kw name="Close my browsers" library="LoginKeywords">
<kw name="Close All Browsers" library="SeleniumLibrary">
<doc>Closes all open browsers and resets the browser cache.</doc>
<status status="PASS" starttime="20220209 09:34:08.942" endtime="20220209 09:34:11.137"/>
</kw>
<status status="PASS" starttime="20220209 09:34:08.942" endtime="20220209 09:34:11.139"/>
</kw>
<status status="PASS" starttime="20220209 09:33:44.740" endtime="20220209 09:34:11.143"/>
</test>
<status status="PASS" starttime="20220209 09:33:44.147" endtime="20220209 09:34:11.149"/>
</suite>
<statistics>
<total>
<stat pass="1" fail="0" skip="0">All Tests</stat>
</total>
<tag>
</tag>
<suite>
<stat pass="1" fail="0" skip="0" id="s1" name="LoginTest">LoginTest</stat>
</suite>
</statistics>
<errors>
</errors>
</robot>
