<?xml version="1.0" encoding="UTF-8"?>
<robot generator="Robot 4.1.3 (Python 3.7.4 on win32)" generated="20220212 08:39:04.876" rpa="false" schemaversion="2">
<suite id="s1" name="LoginTest" source="D:\Skill_development\Robotframework_sample\TestCases\LoginTest.robot">
<test id="s1-t1" name="LginTest">
<kw name="open my Browser" library="LoginKeywords">
<arg>${url}</arg>
<arg>${browser}</arg>
<kw name="Open Browser" library="SeleniumLibrary">
<arg>${url}</arg>
<arg>${browser}</arg>
<doc>Opens a new browser instance to the optional ``url``.</doc>
<msg timestamp="20220212 08:39:05.160" level="INFO">Opening browser 'headlessfirefox' to base url 'https://admin-demo.nopcommerce.com'.</msg>
<msg timestamp="20220212 08:39:05.161" level="INFO">Firefox driver log is always forced to to: D:\Skill_development\Robotframework_sample\geckodriver-4.log</msg>
<status status="PASS" starttime="20220212 08:39:05.160" endtime="20220212 08:39:27.094"/>
</kw>
<kw name="Maximize Browser Window" library="SeleniumLibrary">
<doc>Maximizes current browser window.</doc>
<status status="PASS" starttime="20220212 08:39:27.094" endtime="20220212 08:39:27.098"/>
</kw>
<status status="PASS" starttime="20220212 08:39:05.159" endtime="20220212 08:39:27.099"/>
</kw>
<kw name="Enter UserName" library="LoginKeywords">
<arg>${username}</arg>
<kw name="Input Text" library="SeleniumLibrary">
<arg>${txt_loginUserName}</arg>
<arg>${username}</arg>
<doc>Types the given ``text`` into the text field identified by ``locator``.</doc>
<msg timestamp="20220212 08:39:27.101" level="INFO">Typing text 'admin@yourstore.com' into text field 'id:Email'.</msg>
<status status="PASS" starttime="20220212 08:39:27.100" endtime="20220212 08:39:27.182"/>
</kw>
<status status="PASS" starttime="20220212 08:39:27.099" endtime="20220212 08:39:27.182"/>
</kw>
<kw name="Enter Password" library="LoginKeywords">
<arg>${password}</arg>
<kw name="Input Text" library="SeleniumLibrary">
<arg>${txt_loginPassword}</arg>
<arg>${password}</arg>
<doc>Types the given ``text`` into the text field identified by ``locator``.</doc>
<msg timestamp="20220212 08:39:27.184" level="INFO">Typing text 'admin' into text field 'id:Password'.</msg>
<status status="PASS" starttime="20220212 08:39:27.183" endtime="20220212 08:39:27.224"/>
</kw>
<status status="PASS" starttime="20220212 08:39:27.182" endtime="20220212 08:39:27.224"/>
</kw>
<kw name="Click SignIn" library="LoginKeywords">
<kw name="Click Button" library="SeleniumLibrary">
<arg>${btn_signin}</arg>
<doc>Clicks the button identified by ``locator``.</doc>
<msg timestamp="20220212 08:39:27.226" level="INFO">Clicking button 'xpath://button[@type='submit']'.</msg>
<status status="PASS" starttime="20220212 08:39:27.225" endtime="20220212 08:39:29.118"/>
</kw>
<status status="PASS" starttime="20220212 08:39:27.225" endtime="20220212 08:39:29.118"/>
</kw>
<kw name="Verify successful Login" library="LoginKeywords">
<kw name="Page Should Contain" library="SeleniumLibrary">
<arg>Dashboard</arg>
<doc>Verifies that current page contains ``text``.</doc>
<msg timestamp="20220212 08:39:29.296" level="INFO">Current page contains text 'Dashboard'.</msg>
<status status="PASS" starttime="20220212 08:39:29.120" endtime="20220212 08:39:29.296"/>
</kw>
<status status="PASS" starttime="20220212 08:39:29.119" endtime="20220212 08:39:29.296"/>
</kw>
<kw name="Close my browsers" library="LoginKeywords">
<kw name="Close All Browsers" library="SeleniumLibrary">
<doc>Closes all open browsers and resets the browser cache.</doc>
<status status="PASS" starttime="20220212 08:39:29.297" endtime="20220212 08:39:31.412"/>
</kw>
<status status="PASS" starttime="20220212 08:39:29.297" endtime="20220212 08:39:31.412"/>
</kw>
<status status="PASS" starttime="20220212 08:39:05.158" endtime="20220212 08:39:31.413"/>
</test>
<status status="PASS" starttime="20220212 08:39:04.879" endtime="20220212 08:39:31.416"/>
</suite>
<statistics>
<total>
<stat pass="1" fail="0" skip="0">All Tests</stat>
</total>
<tag>
</tag>
<suite>
<stat pass="1" fail="0" skip="0" id="s1" name="LoginTest">LoginTest</stat>
</suite>
</statistics>
<errors>
</errors>
</robot>
