<?xml version="1.0" encoding="UTF-8"?>
<robot generator="Robot 4.1.3 (Python 3.7.4 on win32)" generated="20220119 16:19:11.064" rpa="false" schemaversion="2">
<suite id="s1" name="getAllLinks" source="D:\Skill_development\Robotframework_sample\TestCases\getAllLinks.robot">
<test id="s1-t1" name="GetAllLinks">
<kw name="Open Browser" library="SeleniumLibrary">
<arg>https://en.wikipedia.org/wiki/Website</arg>
<arg>chrome</arg>
<doc>Opens a new browser instance to the optional ``url``.</doc>
<msg timestamp="20220119 16:19:11.291" level="INFO">Opening browser 'chrome' to base url 'https://en.wikipedia.org/wiki/Website'.</msg>
<status status="PASS" starttime="20220119 16:19:11.291" endtime="20220119 16:19:15.677"/>
</kw>
<kw name="Maximize Browser Window" library="SeleniumLibrary">
<doc>Maximizes current browser window.</doc>
<status status="PASS" starttime="20220119 16:19:15.679" endtime="20220119 16:19:15.854"/>
</kw>
<kw name="Get Element Count" library="SeleniumLibrary">
<var>${Alllinkscount}</var>
<arg>xpath://a</arg>
<doc>Returns the number of elements matching ``locator``.</doc>
<msg timestamp="20220119 16:19:15.913" level="INFO">${Alllinkscount} = 608</msg>
<status status="PASS" starttime="20220119 16:19:15.854" endtime="20220119 16:19:15.913"/>
</kw>
<kw name="Log To Console" library="BuiltIn">
<arg>${Alllinkscount}</arg>
<doc>Logs the given message to the console.</doc>
<status status="PASS" starttime="20220119 16:19:15.913" endtime="20220119 16:19:15.913"/>
</kw>
<kw name="Create List" library="BuiltIn">
<var>@{LinkItems}</var>
<doc>Returns a list containing given items.</doc>
<msg timestamp="20220119 16:19:15.918" level="INFO">@{LinkItems} = [ ]</msg>
<status status="PASS" starttime="20220119 16:19:15.913" endtime="20220119 16:19:15.918"/>
</kw>
<for flavor="IN RANGE">
<var>${i}</var>
<value>1</value>
<value>${Alllinkscount}+1</value>
<iter>
<var name="${i}">1</var>
<kw name="Get Text" library="SeleniumLibrary">
<var>${Linktext}</var>
<arg>xpath:(//a)[${i}]</arg>
<doc>Returns the text value of the element identified by ``locator``.</doc>
<msg timestamp="20220119 16:19:15.963" level="INFO">${Linktext} = </msg>
<status status="PASS" starttime="20220119 16:19:15.919" endtime="20220119 16:19:15.963"/>
</kw>
<kw name="Log To Console" library="BuiltIn">
<arg>${Linktext}</arg>
<doc>Logs the given message to the console.</doc>
<status status="PASS" starttime="20220119 16:19:15.963" endtime="20220119 16:19:15.965"/>
</kw>
<status status="PASS" starttime="20220119 16:19:15.919" endtime="20220119 16:19:15.965"/>
</iter>
<iter>
<var name="${i}">2</var>
<kw name="Get Text" library="SeleniumLibrary">
<var>${Linktext}</var>
<arg>xpath:(//a)[${i}]</arg>
<doc>Returns the text value of the element identified by ``locator``.</doc>
<msg timestamp="20220119 16:19:16.014" level="INFO">${Linktext} = </msg>
<status status="PASS" starttime="20220119 16:19:15.966" endtime="20220119 16:19:16.014"/>
</kw>
<kw name="Log To Console" library="BuiltIn">
<arg>${Linktext}</arg>
<doc>Logs the given message to the console.</doc>
<status status="PASS" starttime="20220119 16:19:16.014" endtime="20220119 16:19:16.016"/>
</kw>
<status status="PASS" starttime="20220119 16:19:15.965" endtime="20220119 16:19:16.016"/>
</iter>
<iter>
<var name="${i}">3</var>
<kw name="Get Text" library="SeleniumLibrary">
<var>${Linktext}</var>
<arg>xpath:(//a)[${i}]</arg>
<doc>Returns the text value of the element identified by ``locator``.</doc>
<msg timestamp="20220119 16:19:16.068" level="INFO">${Linktext} = Jump to navigation</msg>
<status status="PASS" starttime="20220119 16:19:16.016" endtime="20220119 16:19:16.068"/>
</kw>
<kw name="Log To Console" library="BuiltIn">
<arg>${Linktext}</arg>
<doc>Logs the given message to the console.</doc>
<status status="PASS" starttime="20220119 16:19:16.068" endtime="20220119 16:19:16.068"/>
</kw>
<status status="PASS" starttime="20220119 16:19:16.016" endtime="20220119 16:19:16.068"/>
</iter>
<iter>
<var name="${i}">4</var>
<kw name="Get Text" library="SeleniumLibrary">
<var>${Linktext}</var>
<arg>xpath:(//a)[${i}]</arg>
<doc>Returns the text value of the element identified by ``locator``.</doc>
<msg timestamp="20220119 16:19:16.121" level="INFO">${Linktext} = Jump to search</msg>
<status status="PASS" starttime="20220119 16:19:16.068" endtime="20220119 16:19:16.121"/>
</kw>
<kw name="Log To Console" library="BuiltIn">
<arg>${Linktext}</arg>
<doc>Logs the given message to the console.</doc>
<status status="PASS" starttime="20220119 16:19:16.121" endtime="20220119 16:19:16.121"/>
</kw>
<status status="PASS" starttime="20220119 16:19:16.068" endtime="20220119 16:19:16.121"/>
</iter>
<iter>
<var name="${i}">5</var>
<kw name="Get Text" library="SeleniumLibrary">
<var>${Linktext}</var>
<arg>xpath:(//a)[${i}]</arg>
<doc>Returns the text value of the element identified by ``locator``.</doc>
<msg timestamp="20220119 16:19:16.173" level="INFO">${Linktext} = List of Internet top-level domains</msg>
<status status="PASS" starttime="20220119 16:19:16.121" endtime="20220119 16:19:16.173"/>
</kw>
<kw name="Log To Console" library="BuiltIn">
<arg>${Linktext}</arg>
<doc>Logs the given message to the console.</doc>
<status status="PASS" starttime="20220119 16:19:16.173" endtime="20220119 16:19:16.173"/>
</kw>
<status status="PASS" starttime="20220119 16:19:16.121" endtime="20220119 16:19:16.173"/>
</iter>
<iter>
<var name="${i}">6</var>
<kw name="Get Text" library="SeleniumLibrary">
<var>${Linktext}</var>
<arg>xpath:(//a)[${i}]</arg>
<doc>Returns the text value of the element identified by ``locator``.</doc>
<msg timestamp="20220119 16:19:16.223" level="INFO">${Linktext} = WebCite</msg>
<status status="PASS" starttime="20220119 16:19:16.173" endtime="20220119 16:19:16.223"/>
</kw>
<kw name="Log To Console" library="BuiltIn">
<arg>${Linktext}</arg>
<doc>Logs the given message to the console.</doc>
<status status="PASS" starttime="20220119 16:19:16.224" endtime="20220119 16:19:16.224"/>
</kw>
<status status="PASS" starttime="20220119 16:19:16.173" endtime="20220119 16:19:16.226"/>
</iter>
<iter>
<var name="${i}">7</var>
<kw name="Get Text" library="SeleniumLibrary">
<var>${Linktext}</var>
<arg>xpath:(//a)[${i}]</arg>
<doc>Returns the text value of the element identified by ``locator``.</doc>
<msg timestamp="20220119 16:19:16.250" level="INFO">${Linktext} = </msg>
<status status="PASS" starttime="20220119 16:19:16.226" endtime="20220119 16:19:16.250"/>
</kw>
<kw name="Log To Console" library="BuiltIn">
<arg>${Linktext}</arg>
<doc>Logs the given message to the console.</doc>
<status status="PASS" starttime="20220119 16:19:16.250" endtime="20220119 16:19:16.250"/>
</kw>
<status status="PASS" starttime="20220119 16:19:16.226" endtime="20220119 16:19:16.251"/>
</iter>
<iter>
<var name="${i}">8</var>
<kw name="Get Text" library="SeleniumLibrary">
<var>${Linktext}</var>
<arg>xpath:(//a)[${i}]</arg>
<doc>Returns the text value of the element identified by ``locator``.</doc>
<msg timestamp="20220119 16:19:16.276" level="INFO">${Linktext} = </msg>
<status status="PASS" starttime="20220119 16:19:16.251" endtime="20220119 16:19:16.276"/>
</kw>
<kw name="Log To Console" library="BuiltIn">
<arg>${Linktext}</arg>
<doc>Logs the given message to the console.</doc>
<status status="PASS" starttime="20220119 16:19:16.276" endtime="20220119 16:19:16.276"/>
</kw>
<status status="PASS" starttime="20220119 16:19:16.251" endtime="20220119 16:19:16.276"/>
</iter>
<iter>
<var name="${i}">9</var>
<kw name="Get Text" library="SeleniumLibrary">
<var>${Linktext}</var>
<arg>xpath:(//a)[${i}]</arg>
<doc>Returns the text value of the element identified by ``locator``.</doc>
<msg timestamp="20220119 16:19:16.306" level="INFO">${Linktext} = usap.gov</msg>
<status status="PASS" starttime="20220119 16:19:16.278" endtime="20220119 16:19:16.306"/>
</kw>
<kw name="Log To Console" library="BuiltIn">
<arg>${Linktext}</arg>
<doc>Logs the given message to the console.</doc>
<status status="PASS" starttime="20220119 16:19:16.306" endtime="20220119 16:19:16.306"/>
</kw>
<status status="PASS" starttime="20220119 16:19:16.278" endtime="20220119 16:19:16.306"/>
</iter>
<iter>
<var name="${i}">10</var>
<kw name="Get Text" library="SeleniumLibrary">
<var>${Linktext}</var>
<arg>xpath:(//a)[${i}]</arg>
<doc>Returns the text value of the element identified by ``locator``.</doc>
<msg timestamp="20220119 16:19:16.329" level="INFO">${Linktext} = web pages</msg>
<status status="PASS" starttime="20220119 16:19:16.307" endtime="20220119 16:19:16.329"/>
</kw>
<kw name="Log To Console" library="BuiltIn">
<arg>${Linktext}</arg>
<doc>Logs the given message to the console.</doc>
<status status="PASS" starttime="20220119 16:19:16.329" endtime="20220119 16:19:16.330"/>
</kw>
<status status="PASS" starttime="20220119 16:19:16.306" endtime="20220119 16:19:16.330"/>
</iter>
<iter>
<var name="${i}">11</var>
<kw name="Get Text" library="SeleniumLibrary">
<var>${Linktext}</var>
<arg>xpath:(//a)[${i}]</arg>
<doc>Returns the text value of the element identified by ``locator``.</doc>
<msg timestamp="20220119 16:19:16.350" level="INFO">${Linktext} = domain name</msg>
<status status="PASS" starttime="20220119 16:19:16.330" endtime="20220119 16:19:16.350"/>
</kw>
<kw name="Log To Console" library="BuiltIn">
<arg>${Linktext}</arg>
<doc>Logs the given message to the console.</doc>
<status status="PASS" starttime="20220119 16:19:16.350" endtime="20220119 16:19:16.350"/>
</kw>
<status status="PASS" starttime="20220119 16:19:16.330" endtime="20220119 16:19:16.351"/>
</iter>
<iter>
<var name="${i}">12</var>
<kw name="Get Text" library="SeleniumLibrary">
<var>${Linktext}</var>
<arg>xpath:(//a)[${i}]</arg>
<doc>Returns the text value of the element identified by ``locator``.</doc>
<msg timestamp="20220119 16:19:16.389" level="INFO">${Linktext} = web server</msg>
<status status="PASS" starttime="20220119 16:19:16.351" endtime="20220119 16:19:16.389"/>
</kw>
<kw name="Log To Console" library="BuiltIn">
<arg>${Linktext}</arg>
<doc>Logs the given message to the console.</doc>
<status status="PASS" starttime="20220119 16:19:16.389" endtime="20220119 16:19:16.389"/>
</kw>
<status status="PASS" starttime="20220119 16:19:16.351" endtime="20220119 16:19:16.389"/>
</iter>
<iter>
<var name="${i}">13</var>
<kw name="Get Text" library="SeleniumLibrary">
<var>${Linktext}</var>
<arg>xpath:(//a)[${i}]</arg>
<doc>Returns the text value of the element identified by ``locator``.</doc>
<msg timestamp="20220119 16:19:16.421" level="INFO">${Linktext} = wikipedia.org</msg>
<status status="PASS" starttime="20220119 16:19:16.389" endtime="20220119 16:19:16.421"/>
</kw>
<kw name="Log To Console" library="BuiltIn">
<arg>${Linktext}</arg>
<doc>Logs the given message to the console.</doc>
<status status="PASS" starttime="20220119 16:19:16.421" endtime="20220119 16:19:16.421"/>
</kw>
<status status="PASS" starttime="20220119 16:19:16.389" endtime="20220119 16:19:16.421"/>
</iter>
<iter>
<var name="${i}">14</var>
<kw name="Get Text" library="SeleniumLibrary">
<var>${Linktext}</var>
<arg>xpath:(//a)[${i}]</arg>
<doc>Returns the text value of the element identified by ``locator``.</doc>
<msg timestamp="20220119 16:19:16.458" level="INFO">${Linktext} = google.com</msg>
<status status="PASS" starttime="20220119 16:19:16.421" endtime="20220119 16:19:16.458"/>
</kw>
<kw name="Log To Console" library="BuiltIn">
<arg>${Linktext}</arg>
<doc>Logs the given message to the console.</doc>
<status status="PASS" starttime="20220119 16:19:16.458" endtime="20220119 16:19:16.460"/>
</kw>
<status status="PASS" starttime="20220119 16:19:16.421" endtime="20220119 16:19:16.460"/>
</iter>
<iter>
<var name="${i}">15</var>
<kw name="Get Text" library="SeleniumLibrary">
<var>${Linktext}</var>
<arg>xpath:(//a)[${i}]</arg>
<doc>Returns the text value of the element identified by ``locator``.</doc>
<msg timestamp="20220119 16:19:16.490" level="INFO">${Linktext} = amazon.com</msg>
<status status="PASS" starttime="20220119 16:19:16.460" endtime="20220119 16:19:16.490"/>
</kw>
<kw name="Log To Console" library="BuiltIn">
<arg>${Linktext}</arg>
<doc>Logs the given message to the console.</doc>
<status status="PASS" starttime="20220119 16:19:16.490" endtime="20220119 16:19:16.490"/>
</kw>
<status status="PASS" starttime="20220119 16:19:16.460" endtime="20220119 16:19:16.490"/>
</iter>
<iter>
<var name="${i}">16</var>
<kw name="Get Text" library="SeleniumLibrary">
<var>${Linktext}</var>
<arg>xpath:(//a)[${i}]</arg>
<doc>Returns the text value of the element identified by ``locator``.</doc>
<msg timestamp="20220119 16:19:16.520" level="INFO">${Linktext} = World Wide Web</msg>
<status status="PASS" starttime="20220119 16:19:16.490" endtime="20220119 16:19:16.520"/>
</kw>
<kw name="Log To Console" library="BuiltIn">
<arg>${Linktext}</arg>
<doc>Logs the given message to the console.</doc>
<status status="PASS" starttime="20220119 16:19:16.520" endtime="20220119 16:19:16.520"/>
</kw>
<status status="PASS" starttime="20220119 16:19:16.490" endtime="20220119 16:19:16.523"/>
</iter>
<iter>
<var name="${i}">17</var>
<kw name="Get Text" library="SeleniumLibrary">
<var>${Linktext}</var>
<arg>xpath:(//a)[${i}]</arg>
<doc>Returns the text value of the element identified by ``locator``.</doc>
<msg timestamp="20220119 16:19:16.551" level="INFO">${Linktext} = private network</msg>
<status status="PASS" starttime="20220119 16:19:16.523" endtime="20220119 16:19:16.551"/>
</kw>
<kw name="Log To Console" library="BuiltIn">
<arg>${Linktext}</arg>
<doc>Logs the given message to the console.</doc>
<status status="PASS" starttime="20220119 16:19:16.551" endtime="20220119 16:19:16.551"/>
</kw>
<status status="PASS" starttime="20220119 16:19:16.523" endtime="20220119 16:19:16.553"/>
</iter>
<iter>
<var name="${i}">18</var>
<kw name="Get Text" library="SeleniumLibrary">
<var>${Linktext}</var>
<arg>xpath:(//a)[${i}]</arg>
<doc>Returns the text value of the element identified by ``locator``.</doc>
<msg timestamp="20220119 16:19:16.591" level="INFO">${Linktext} = social networking</msg>
<status status="PASS" starttime="20220119 16:19:16.553" endtime="20220119 16:19:16.591"/>
</kw>
<kw name="Log To Console" library="BuiltIn">
<arg>${Linktext}</arg>
<doc>Logs the given message to the console.</doc>
<status status="PASS" starttime="20220119 16:19:16.591" endtime="20220119 16:19:16.592"/>
</kw>
<status status="PASS" starttime="20220119 16:19:16.553" endtime="20220119 16:19:16.592"/>
</iter>
<iter>
<var name="${i}">19</var>
<kw name="Get Text" library="SeleniumLibrary">
<var>${Linktext}</var>
<arg>xpath:(//a)[${i}]</arg>
<doc>Returns the text value of the element identified by ``locator``.</doc>
<msg timestamp="20220119 16:19:16.613" level="INFO">${Linktext} = Hyperlinking</msg>
<status status="PASS" starttime="20220119 16:19:16.592" endtime="20220119 16:19:16.613"/>
</kw>
<kw name="Log To Console" library="BuiltIn">
<arg>${Linktext}</arg>
<doc>Logs the given message to the console.</doc>
<status status="PASS" starttime="20220119 16:19:16.613" endtime="20220119 16:19:16.614"/>
</kw>
<status status="PASS" starttime="20220119 16:19:16.592" endtime="20220119 16:19:16.614"/>
</iter>
<iter>
<var name="${i}">20</var>
<kw name="Get Text" library="SeleniumLibrary">
<var>${Linktext}</var>
<arg>xpath:(//a)[${i}]</arg>
<doc>Returns the text value of the element identified by ``locator``.</doc>
<msg timestamp="20220119 16:19:16.636" level="INFO">${Linktext} = home page</msg>
<status status="PASS" starttime="20220119 16:19:16.614" endtime="20220119 16:19:16.636"/>
</kw>
<kw name="Log To Console" library="BuiltIn">
<arg>${Linktext}</arg>
<doc>Logs the given message to the console.</doc>
<status status="PASS" starttime="20220119 16:19:16.636" endtime="20220119 16:19:16.636"/>
</kw>
<status status="PASS" starttime="20220119 16:19:16.614" endtime="20220119 16:19:16.636"/>
</iter>
<iter>
<var name="${i}">21</var>
<kw name="Get Text" library="SeleniumLibrary">
<var>${Linktext}</var>
<arg>xpath:(//a)[${i}]</arg>
<doc>Returns the text value of the element identified by ``locator``.</doc>
<msg timestamp="20220119 16:19:16.683" level="INFO">${Linktext} = Users</msg>
<status status="PASS" starttime="20220119 16:19:16.636" endtime="20220119 16:19:16.683"/>
</kw>
<kw name="Log To Console" library="BuiltIn">
<arg>${Linktext}</arg>
<doc>Logs the given message to the console.</doc>
<status status="PASS" starttime="20220119 16:19:16.684" endtime="20220119 16:19:16.684"/>
</kw>
<status status="PASS" starttime="20220119 16:19:16.636" endtime="20220119 16:19:16.684"/>
</iter>
<iter>
<var name="${i}">22</var>
<kw name="Get Text" library="SeleniumLibrary">
<var>${Linktext}</var>
<arg>xpath:(//a)[${i}]</arg>
<doc>Returns the text value of the element identified by ``locator``.</doc>
<msg timestamp="20220119 16:19:16.728" level="INFO">${Linktext} = desktops</msg>
<status status="PASS" starttime="20220119 16:19:16.684" endtime="20220119 16:19:16.728"/>
</kw>
<kw name="Log To Console" library="BuiltIn">
<arg>${Linktext}</arg>
<doc>Logs the given message to the console.</doc>
<status status="PASS" starttime="20220119 16:19:16.729" endtime="20220119 16:19:16.729"/>
</kw>
<status status="PASS" starttime="20220119 16:19:16.684" endtime="20220119 16:19:16.729"/>
</iter>
<iter>
<var name="${i}">23</var>
<kw name="Get Text" library="SeleniumLibrary">
<var>${Linktext}</var>
<arg>xpath:(//a)[${i}]</arg>
<doc>Returns the text value of the element identified by ``locator``.</doc>
<msg timestamp="20220119 16:19:16.787" level="INFO">${Linktext} = laptops</msg>
<status status="PASS" starttime="20220119 16:19:16.730" endtime="20220119 16:19:16.787"/>
</kw>
<kw name="Log To Console" library="BuiltIn">
<arg>${Linktext}</arg>
<doc>Logs the given message to the console.</doc>
<status status="PASS" starttime="20220119 16:19:16.787" endtime="20220119 16:19:16.787"/>
</kw>
<status status="PASS" starttime="20220119 16:19:16.730" endtime="20220119 16:19:16.787"/>
</iter>
<iter>
<var name="${i}">24</var>
<kw name="Get Text" library="SeleniumLibrary">
<var>${Linktext}</var>
<arg>xpath:(//a)[${i}]</arg>
<doc>Returns the text value of the element identified by ``locator``.</doc>
<msg timestamp="20220119 16:19:16.840" level="INFO">${Linktext} = tablets</msg>
<status status="PASS" starttime="20220119 16:19:16.787" endtime="20220119 16:19:16.840"/>
</kw>
<kw name="Log To Console" library="BuiltIn">
<arg>${Linktext}</arg>
<doc>Logs the given message to the console.</doc>
<status status="PASS" starttime="20220119 16:19:16.840" endtime="20220119 16:19:16.841"/>
</kw>
<status status="PASS" starttime="20220119 16:19:16.787" endtime="20220119 16:19:16.842"/>
</iter>
<iter>
<var name="${i}">25</var>
<kw name="Get Text" library="SeleniumLibrary">
<var>${Linktext}</var>
<arg>xpath:(//a)[${i}]</arg>
<doc>Returns the text value of the element identified by ``locator``.</doc>
<msg timestamp="20220119 16:19:16.889" level="INFO">${Linktext} = smartphones</msg>
<status status="PASS" starttime="20220119 16:19:16.842" endtime="20220119 16:19:16.889"/>
</kw>
<kw name="Log To Console" library="BuiltIn">
<arg>${Linktext}</arg>
<doc>Logs the given message to the console.</doc>
<status status="PASS" starttime="20220119 16:19:16.889" endtime="20220119 16:19:16.889"/>
</kw>
<status status="PASS" starttime="20220119 16:19:16.842" endtime="20220119 16:19:16.889"/>
</iter>
<iter>
<var name="${i}">26</var>
<kw name="Get Text" library="SeleniumLibrary">
<var>${Linktext}</var>
<arg>xpath:(//a)[${i}]</arg>
<doc>Returns the text value of the element identified by ``locator``.</doc>
<msg timestamp="20220119 16:19:16.942" level="INFO">${Linktext} = app</msg>
<status status="PASS" starttime="20220119 16:19:16.889" endtime="20220119 16:19:16.942"/>
</kw>
<kw name="Log To Console" library="BuiltIn">
<arg>${Linktext}</arg>
<doc>Logs the given message to the console.</doc>
<status status="PASS" starttime="20220119 16:19:16.942" endtime="20220119 16:19:16.942"/>
</kw>
<status status="PASS" starttime="20220119 16:19:16.889" endtime="20220119 16:19:16.942"/>
</iter>
<iter>
<var name="${i}">27</var>
<kw name="Get Text" library="SeleniumLibrary">
<var>${Linktext}</var>
<arg>xpath:(//a)[${i}]</arg>
<doc>Returns the text value of the element identified by ``locator``.</doc>
<msg timestamp="20220119 16:19:16.988" level="INFO">${Linktext} = web browser</msg>
<status status="PASS" starttime="20220119 16:19:16.942" endtime="20220119 16:19:16.988"/>
</kw>
<kw name="Log To Console" library="BuiltIn">
<arg>${Linktext}</arg>
<doc>Logs the given message to the console.</doc>
<status status="PASS" starttime="20220119 16:19:16.989" endtime="20220119 16:19:16.989"/>
</kw>
<status status="PASS" starttime="20220119 16:19:16.942" endtime="20220119 16:19:16.989"/>
</iter>
<iter>
<var name="${i}">28</var>
<kw name="Get Text" library="SeleniumLibrary">
<var>${Linktext}</var>
<arg>xpath:(//a)[${i}]</arg>
<doc>Returns the text value of the element identified by ``locator``.</doc>
<msg timestamp="20220119 16:19:17.044" level="INFO">${Linktext} = 1 History</msg>
<status status="PASS" starttime="20220119 16:19:16.989" endtime="20220119 16:19:17.044"/>
</kw>
<kw name="Log To Console" library="BuiltIn">
<arg>${Linktext}</arg>
<doc>Logs the given message to the console.</doc>
<status status="PASS" starttime="20220119 16:19:17.044" endtime="20220119 16:19:17.044"/>
</kw>
<status status="PASS" starttime="20220119 16:19:16.989" endtime="20220119 16:19:17.044"/>
</iter>
<iter>
<var name="${i}">29</var>
<kw name="Get Text" library="SeleniumLibrary">
<var>${Linktext}</var>
<arg>xpath:(//a)[${i}]</arg>
<doc>Returns the text value of the element identified by ``locator``.</doc>
<msg timestamp="20220119 16:19:17.095" level="INFO">${Linktext} = 2 Overview</msg>
<status status="PASS" starttime="20220119 16:19:17.045" endtime="20220119 16:19:17.095"/>
</kw>
<kw name="Log To Console" library="BuiltIn">
<arg>${Linktext}</arg>
<doc>Logs the given message to the console.</doc>
<status status="PASS" starttime="20220119 16:19:17.095" endtime="20220119 16:19:17.097"/>
</kw>
<status status="PASS" starttime="20220119 16:19:17.045" endtime="20220119 16:19:17.097"/>
</iter>
<iter>
<var name="${i}">30</var>
<kw name="Get Text" library="SeleniumLibrary">
<var>${Linktext}</var>
<arg>xpath:(//a)[${i}]</arg>
<doc>Returns the text value of the element identified by ``locator``.</doc>
<msg timestamp="20220119 16:19:17.148" level="INFO">${Linktext} = 3 Static website</msg>
<status status="PASS" starttime="20220119 16:19:17.097" endtime="20220119 16:19:17.148"/>
</kw>
<kw name="Log To Console" library="BuiltIn">
<arg>${Linktext}</arg>
<doc>Logs the given message to the console.</doc>
<status status="PASS" starttime="20220119 16:19:17.148" endtime="20220119 16:19:17.148"/>
</kw>
<status status="PASS" starttime="20220119 16:19:17.097" endtime="20220119 16:19:17.148"/>
</iter>
<iter>
<var name="${i}">31</var>
<kw name="Get Text" library="SeleniumLibrary">
<var>${Linktext}</var>
<arg>xpath:(//a)[${i}]</arg>
<doc>Returns the text value of the element identified by ``locator``.</doc>
<msg timestamp="20220119 16:19:17.201" level="INFO">${Linktext} = 4 Dynamic website</msg>
<status status="PASS" starttime="20220119 16:19:17.148" endtime="20220119 16:19:17.202"/>
</kw>
<kw name="Log To Console" library="BuiltIn">
<arg>${Linktext}</arg>
<doc>Logs the given message to the console.</doc>
<status status="PASS" starttime="20220119 16:19:17.202" endtime="20220119 16:19:17.202"/>
</kw>
<status status="PASS" starttime="20220119 16:19:17.148" endtime="20220119 16:19:17.202"/>
</iter>
<iter>
<var name="${i}">32</var>
<kw name="Get Text" library="SeleniumLibrary">
<var>${Linktext}</var>
<arg>xpath:(//a)[${i}]</arg>
<doc>Returns the text value of the element identified by ``locator``.</doc>
<msg timestamp="20220119 16:19:17.250" level="INFO">${Linktext} = 5 Multimedia and interactive content</msg>
<status status="PASS" starttime="20220119 16:19:17.202" endtime="20220119 16:19:17.250"/>
</kw>
<kw name="Log To Console" library="BuiltIn">
<arg>${Linktext}</arg>
<doc>Logs the given message to the console.</doc>
<status status="PASS" starttime="20220119 16:19:17.250" endtime="20220119 16:19:17.252"/>
</kw>
<status status="PASS" starttime="20220119 16:19:17.202" endtime="20220119 16:19:17.252"/>
</iter>
<iter>
<var name="${i}">33</var>
<kw name="Get Text" library="SeleniumLibrary">
<var>${Linktext}</var>
<arg>xpath:(//a)[${i}]</arg>
<doc>Returns the text value of the element identified by ``locator``.</doc>
<msg timestamp="20220119 16:19:17.288" level="INFO">${Linktext} = 6 Types</msg>
<status status="PASS" starttime="20220119 16:19:17.252" endtime="20220119 16:19:17.288"/>
</kw>
<kw name="Log To Console" library="BuiltIn">
<arg>${Linktext}</arg>
<doc>Logs the given message to the console.</doc>
<status status="PASS" starttime="20220119 16:19:17.288" endtime="20220119 16:19:17.289"/>
</kw>
<status status="PASS" starttime="20220119 16:19:17.252" endtime="20220119 16:19:17.289"/>
</iter>
<iter>
<var name="${i}">34</var>
<kw name="Get Text" library="SeleniumLibrary">
<var>${Linktext}</var>
<arg>xpath:(//a)[${i}]</arg>
<doc>Returns the text value of the element identified by ``locator``.</doc>
<msg timestamp="20220119 16:19:17.318" level="INFO">${Linktext} = 7 Internet Users</msg>
<status status="PASS" starttime="20220119 16:19:17.289" endtime="20220119 16:19:17.318"/>
</kw>
<kw name="Log To Console" library="BuiltIn">
<arg>${Linktext}</arg>
<doc>Logs the given message to the console.</doc>
<status status="PASS" starttime="20220119 16:19:17.318" endtime="20220119 16:19:17.318"/>
</kw>
<status status="PASS" starttime="20220119 16:19:17.289" endtime="20220119 16:19:17.318"/>
</iter>
<iter>
<var name="${i}">35</var>
<kw name="Get Text" library="SeleniumLibrary">
<var>${Linktext}</var>
<arg>xpath:(//a)[${i}]</arg>
<doc>Returns the text value of the element identified by ``locator``.</doc>
<msg timestamp="20220119 16:19:17.351" level="INFO">${Linktext} = 8 See also</msg>
<status status="PASS" starttime="20220119 16:19:17.318" endtime="20220119 16:19:17.351"/>
</kw>
<kw name="Log To Console" library="BuiltIn">
<arg>${Linktext}</arg>
<doc>Logs the given message to the console.</doc>
<status status="PASS" starttime="20220119 16:19:17.351" endtime="20220119 16:19:17.352"/>
</kw>
<status status="PASS" starttime="20220119 16:19:17.318" endtime="20220119 16:19:17.353"/>
</iter>
<iter>
<var name="${i}">36</var>
<kw name="Get Text" library="SeleniumLibrary">
<var>${Linktext}</var>
<arg>xpath:(//a)[${i}]</arg>
<doc>Returns the text value of the element identified by ``locator``.</doc>
<msg timestamp="20220119 16:19:17.384" level="INFO">${Linktext} = 9 References</msg>
<status status="PASS" starttime="20220119 16:19:17.353" endtime="20220119 16:19:17.384"/>
</kw>
<kw name="Log To Console" library="BuiltIn">
<arg>${Linktext}</arg>
<doc>Logs the given message to the console.</doc>
<status status="PASS" starttime="20220119 16:19:17.384" endtime="20220119 16:19:17.384"/>
</kw>
<status status="PASS" starttime="20220119 16:19:17.353" endtime="20220119 16:19:17.387"/>
</iter>
<iter>
<var name="${i}">37</var>
<kw name="Get Text" library="SeleniumLibrary">
<var>${Linktext}</var>
<arg>xpath:(//a)[${i}]</arg>
<doc>Returns the text value of the element identified by ``locator``.</doc>
<msg timestamp="20220119 16:19:17.417" level="INFO">${Linktext} = 10 External links</msg>
<status status="PASS" starttime="20220119 16:19:17.387" endtime="20220119 16:19:17.417"/>
</kw>
<kw name="Log To Console" library="BuiltIn">
<arg>${Linktext}</arg>
<doc>Logs the given message to the console.</doc>
<status status="PASS" starttime="20220119 16:19:17.417" endtime="20220119 16:19:17.417"/>
</kw>
<status status="PASS" starttime="20220119 16:19:17.387" endtime="20220119 16:19:17.420"/>
</iter>
<iter>
<var name="${i}">38</var>
<kw name="Get Text" library="SeleniumLibrary">
<var>${Linktext}</var>
<arg>xpath:(//a)[${i}]</arg>
<doc>Returns the text value of the element identified by ``locator``.</doc>
<msg timestamp="20220119 16:19:17.441" level="INFO">${Linktext} = History of the World Wide Web</msg>
<status status="PASS" starttime="20220119 16:19:17.420" endtime="20220119 16:19:17.441"/>
</kw>
<kw name="Log To Console" library="BuiltIn">
<arg>${Linktext}</arg>
<doc>Logs the given message to the console.</doc>
<status status="PASS" starttime="20220119 16:19:17.442" endtime="20220119 16:19:17.442"/>
</kw>
<status status="PASS" starttime="20220119 16:19:17.420" endtime="20220119 16:19:17.442"/>
</iter>
<iter>
<var name="${i}">39</var>
<kw name="Get Text" library="SeleniumLibrary">
<var>${Linktext}</var>
<arg>xpath:(//a)[${i}]</arg>
<doc>Returns the text value of the element identified by ``locator``.</doc>
<msg timestamp="20220119 16:19:17.463" level="INFO">${Linktext} = </msg>
<status status="PASS" starttime="20220119 16:19:17.442" endtime="20220119 16:19:17.463"/>
</kw>
<kw name="Log To Console" library="BuiltIn">
<arg>${Linktext}</arg>
<doc>Logs the given message to the console.</doc>
<status status="PASS" starttime="20220119 16:19:17.463" endtime="20220119 16:19:17.464"/>
</kw>
<status status="PASS" starttime="20220119 16:19:17.442" endtime="20220119 16:19:17.464"/>
</iter>
<iter>
<var name="${i}">40</var>
<kw name="Get Text" library="SeleniumLibrary">
<var>${Linktext}</var>
<arg>xpath:(//a)[${i}]</arg>
<doc>Returns the text value of the element identified by ``locator``.</doc>
<msg timestamp="20220119 16:19:17.514" level="INFO">${Linktext} = </msg>
<status status="PASS" starttime="20220119 16:19:17.464" endtime="20220119 16:19:17.514"/>
</kw>
<kw name="Log To Console" library="BuiltIn">
<arg>${Linktext}</arg>
<doc>Logs the given message to the console.</doc>
<status status="PASS" starttime="20220119 16:19:17.514" endtime="20220119 16:19:17.514"/>
</kw>
<status status="PASS" starttime="20220119 16:19:17.464" endtime="20220119 16:19:17.514"/>
</iter>
<iter>
<var name="${i}">41</var>
<kw name="Get Text" library="SeleniumLibrary">
<var>${Linktext}</var>
<arg>xpath:(//a)[${i}]</arg>
<doc>Returns the text value of the element identified by ``locator``.</doc>
<msg timestamp="20220119 16:19:17.565" level="INFO">${Linktext} = nasa.gov</msg>
<status status="PASS" starttime="20220119 16:19:17.514" endtime="20220119 16:19:17.565"/>
</kw>
<kw name="Log To Console" library="BuiltIn">
<arg>${Linktext}</arg>
<doc>Logs the given message to the console.</doc>
<status status="PASS" starttime="20220119 16:19:17.565" endtime="20220119 16:19:17.566"/>
</kw>
<status status="PASS" starttime="20220119 16:19:17.514" endtime="20220119 16:19:17.566"/>
</iter>
<iter>
<var name="${i}">42</var>
<kw name="Get Text" library="SeleniumLibrary">
<var>${Linktext}</var>
<arg>xpath:(//a)[${i}]</arg>
<doc>Returns the text value of the element identified by ``locator``.</doc>
<msg timestamp="20220119 16:19:17.617" level="INFO">${Linktext} = home page</msg>
<status status="PASS" starttime="20220119 16:19:17.566" endtime="20220119 16:19:17.617"/>
</kw>
<kw name="Log To Console" library="BuiltIn">
<arg>${Linktext}</arg>
<doc>Logs the given message to the console.</doc>
<status status="PASS" starttime="20220119 16:19:17.617" endtime="20220119 16:19:17.617"/>
</kw>
<status status="PASS" starttime="20220119 16:19:17.566" endtime="20220119 16:19:17.617"/>
</iter>
<iter>
<var name="${i}">43</var>
<kw name="Get Text" library="SeleniumLibrary">
<var>${Linktext}</var>
<arg>xpath:(//a)[${i}]</arg>
<doc>Returns the text value of the element identified by ``locator``.</doc>
<msg timestamp="20220119 16:19:17.670" level="INFO">${Linktext} = World Wide Web</msg>
<status status="PASS" starttime="20220119 16:19:17.617" endtime="20220119 16:19:17.670"/>
</kw>
<kw name="Log To Console" library="BuiltIn">
<arg>${Linktext}</arg>
<doc>Logs the given message to the console.</doc>
<status status="PASS" starttime="20220119 16:19:17.671" endtime="20220119 16:19:17.671"/>
</kw>
<status status="PASS" starttime="20220119 16:19:17.617" endtime="20220119 16:19:17.671"/>
</iter>
<iter>
<var name="${i}">44</var>
<kw name="Get Text" library="SeleniumLibrary">
<var>${Linktext}</var>
<arg>xpath:(//a)[${i}]</arg>
<doc>Returns the text value of the element identified by ``locator``.</doc>
<msg timestamp="20220119 16:19:17.722" level="INFO">${Linktext} = Tim Berners-Lee</msg>
<status status="PASS" starttime="20220119 16:19:17.671" endtime="20220119 16:19:17.722"/>
</kw>
<kw name="Log To Console" library="BuiltIn">
<arg>${Linktext}</arg>
<doc>Logs the given message to the console.</doc>
<status status="PASS" starttime="20220119 16:19:17.722" endtime="20220119 16:19:17.722"/>
</kw>
<status status="PASS" starttime="20220119 16:19:17.671" endtime="20220119 16:19:17.722"/>
</iter>
<iter>
<var name="${i}">45</var>
<kw name="Get Text" library="SeleniumLibrary">
<var>${Linktext}</var>
<arg>xpath:(//a)[${i}]</arg>
<doc>Returns the text value of the element identified by ``locator``.</doc>
<msg timestamp="20220119 16:19:17.769" level="INFO">${Linktext} = [1]</msg>
<status status="PASS" starttime="20220119 16:19:17.722" endtime="20220119 16:19:17.769"/>
</kw>
<kw name="Log To Console" library="BuiltIn">
<arg>${Linktext}</arg>
<doc>Logs the given message to the console.</doc>
<status status="PASS" starttime="20220119 16:19:17.769" endtime="20220119 16:19:17.769"/>
</kw>
<status status="PASS" starttime="20220119 16:19:17.722" endtime="20220119 16:19:17.769"/>
</iter>
<iter>
<var name="${i}">46</var>
<kw name="Get Text" library="SeleniumLibrary">
<var>${Linktext}</var>
<arg>xpath:(//a)[${i}]</arg>
<doc>Returns the text value of the element identified by ``locator``.</doc>
<msg timestamp="20220119 16:19:17.822" level="INFO">${Linktext} = [2]</msg>
<status status="PASS" starttime="20220119 16:19:17.769" endtime="20220119 16:19:17.822"/>
</kw>
<kw name="Log To Console" library="BuiltIn">
<arg>${Linktext}</arg>
<doc>Logs the given message to the console.</doc>
<status status="PASS" starttime="20220119 16:19:17.822" endtime="20220119 16:19:17.822"/>
</kw>
<status status="PASS" starttime="20220119 16:19:17.769" endtime="20220119 16:19:17.822"/>
</iter>
<iter>
<var name="${i}">47</var>
<kw name="Get Text" library="SeleniumLibrary">
<var>${Linktext}</var>
<arg>xpath:(//a)[${i}]</arg>
<doc>Returns the text value of the element identified by ``locator``.</doc>
<msg timestamp="20220119 16:19:17.864" level="INFO">${Linktext} = CERN</msg>
<status status="PASS" starttime="20220119 16:19:17.822" endtime="20220119 16:19:17.864"/>
</kw>
<kw name="Log To Console" library="BuiltIn">
<arg>${Linktext}</arg>
<doc>Logs the given message to the console.</doc>
<status status="PASS" starttime="20220119 16:19:17.864" endtime="20220119 16:19:17.864"/>
</kw>
<status status="PASS" starttime="20220119 16:19:17.822" endtime="20220119 16:19:17.864"/>
</iter>
<iter>
<var name="${i}">48</var>
<kw name="Get Text" library="SeleniumLibrary">
<var>${Linktext}</var>
<arg>xpath:(//a)[${i}]</arg>
<doc>Returns the text value of the element identified by ``locator``.</doc>
<msg timestamp="20220119 16:19:17.908" level="INFO">${Linktext} = [3]</msg>
<status status="PASS" starttime="20220119 16:19:17.864" endtime="20220119 16:19:17.908"/>
</kw>
<kw name="Log To Console" library="BuiltIn">
<arg>${Linktext}</arg>
<doc>Logs the given message to the console.</doc>
<status status="PASS" starttime="20220119 16:19:17.908" endtime="20220119 16:19:17.908"/>
</kw>
<status status="PASS" starttime="20220119 16:19:17.864" endtime="20220119 16:19:17.908"/>
</iter>
<iter>
<var name="${i}">49</var>
<kw name="Get Text" library="SeleniumLibrary">
<var>${Linktext}</var>
<arg>xpath:(//a)[${i}]</arg>
<doc>Returns the text value of the element identified by ``locator``.</doc>
<msg timestamp="20220119 16:19:17.956" level="INFO">${Linktext} = Hypertext Transfer Protocol</msg>
<status status="PASS" starttime="20220119 16:19:17.908" endtime="20220119 16:19:17.956"/>
</kw>
<kw name="Log To Console" library="BuiltIn">
<arg>${Linktext}</arg>
<doc>Logs the given message to the console.</doc>
<status status="PASS" starttime="20220119 16:19:17.956" endtime="20220119 16:19:17.956"/>
</kw>
<status status="PASS" starttime="20220119 16:19:17.908" endtime="20220119 16:19:17.956"/>
</iter>
<iter>
<var name="${i}">50</var>
<kw name="Get Text" library="SeleniumLibrary">
<var>${Linktext}</var>
<arg>xpath:(//a)[${i}]</arg>
<doc>Returns the text value of the element identified by ``locator``.</doc>
<msg timestamp="20220119 16:19:18.004" level="INFO">${Linktext} = File Transfer Protocol</msg>
<status status="PASS" starttime="20220119 16:19:17.956" endtime="20220119 16:19:18.004"/>
</kw>
<kw name="Log To Console" library="BuiltIn">
<arg>${Linktext}</arg>
<doc>Logs the given message to the console.</doc>
<status status="PASS" starttime="20220119 16:19:18.004" endtime="20220119 16:19:18.004"/>
</kw>
<status status="PASS" starttime="20220119 16:19:17.956" endtime="20220119 16:19:18.004"/>
</iter>
<iter>
<var name="${i}">51</var>
<kw name="Get Text" library="SeleniumLibrary">
<var>${Linktext}</var>
<arg>xpath:(//a)[${i}]</arg>
<doc>Returns the text value of the element identified by ``locator``.</doc>
<msg timestamp="20220119 16:19:18.055" level="INFO">${Linktext} = gopher protocol</msg>
<status status="PASS" starttime="20220119 16:19:18.005" endtime="20220119 16:19:18.055"/>
</kw>
<kw name="Log To Console" library="BuiltIn">
<arg>${Linktext}</arg>
<doc>Logs the given message to the console.</doc>
<status status="PASS" starttime="20220119 16:19:18.055" endtime="20220119 16:19:18.055"/>
</kw>
<status status="PASS" starttime="20220119 16:19:18.005" endtime="20220119 16:19:18.055"/>
</iter>
<iter>
<var name="${i}">52</var>
<kw name="Get Text" library="SeleniumLibrary">
<var>${Linktext}</var>
<arg>xpath:(//a)[${i}]</arg>
<doc>Returns the text value of the element identified by ``locator``.</doc>
<msg timestamp="20220119 16:19:18.094" level="INFO">${Linktext} = directory structure</msg>
<status status="PASS" starttime="20220119 16:19:18.055" endtime="20220119 16:19:18.094"/>
</kw>
<kw name="Log To Console" library="BuiltIn">
<arg>${Linktext}</arg>
<doc>Logs the given message to the console.</doc>
<status status="PASS" starttime="20220119 16:19:18.094" endtime="20220119 16:19:18.095"/>
</kw>
<status status="PASS" starttime="20220119 16:19:18.055" endtime="20220119 16:19:18.095"/>
</iter>
<iter>
<var name="${i}">53</var>
<kw name="Get Text" library="SeleniumLibrary">
<var>${Linktext}</var>
<arg>xpath:(//a)[${i}]</arg>
<doc>Returns the text value of the element identified by ``locator``.</doc>
<msg timestamp="20220119 16:19:18.146" level="INFO">${Linktext} = word processor</msg>
<status status="PASS" starttime="20220119 16:19:18.096" endtime="20220119 16:19:18.146"/>
</kw>
<kw name="Log To Console" library="BuiltIn">
<arg>${Linktext}</arg>
<doc>Logs the given message to the console.</doc>
<status status="PASS" starttime="20220119 16:19:18.147" endtime="20220119 16:19:18.147"/>
</kw>
<status status="PASS" starttime="20220119 16:19:18.095" endtime="20220119 16:19:18.148"/>
</iter>
<iter>
<var name="${i}">54</var>
<kw name="Get Text" library="SeleniumLibrary">
<var>${Linktext}</var>
<arg>xpath:(//a)[${i}]</arg>
<doc>Returns the text value of the element identified by ``locator``.</doc>
<msg timestamp="20220119 16:19:18.198" level="INFO">${Linktext} = hyperlink</msg>
<status status="PASS" starttime="20220119 16:19:18.148" endtime="20220119 16:19:18.198"/>
</kw>
<kw name="Log To Console" library="BuiltIn">
<arg>${Linktext}</arg>
<doc>Logs the given message to the console.</doc>
<status status="PASS" starttime="20220119 16:19:18.198" endtime="20220119 16:19:18.198"/>
</kw>
<status status="PASS" starttime="20220119 16:19:18.148" endtime="20220119 16:19:18.198"/>
</iter>
<iter>
<var name="${i}">55</var>
<kw name="Get Text" library="SeleniumLibrary">
<var>${Linktext}</var>
<arg>xpath:(//a)[${i}]</arg>
<doc>Returns the text value of the element identified by ``locator``.</doc>
<msg timestamp="20220119 16:19:18.251" level="INFO">${Linktext} = subscription</msg>
<status status="PASS" starttime="20220119 16:19:18.198" endtime="20220119 16:19:18.252"/>
</kw>
<kw name="Log To Console" library="BuiltIn">
<arg>${Linktext}</arg>
<doc>Logs the given message to the console.</doc>
<status status="PASS" starttime="20220119 16:19:18.252" endtime="20220119 16:19:18.252"/>
</kw>
<status status="PASS" starttime="20220119 16:19:18.198" endtime="20220119 16:19:18.252"/>
</iter>
<iter>
<var name="${i}">56</var>
<kw name="Get Text" library="SeleniumLibrary">
<var>${Linktext}</var>
<arg>xpath:(//a)[${i}]</arg>
<doc>Returns the text value of the element identified by ``locator``.</doc>
<msg timestamp="20220119 16:19:18.303" level="INFO">${Linktext} = subscription websites</msg>
<status status="PASS" starttime="20220119 16:19:18.254" endtime="20220119 16:19:18.303"/>
</kw>
<kw name="Log To Console" library="BuiltIn">
<arg>${Linktext}</arg>
<doc>Logs the given message to the console.</doc>
<status status="PASS" starttime="20220119 16:19:18.303" endtime="20220119 16:19:18.303"/>
</kw>
<status status="PASS" starttime="20220119 16:19:18.254" endtime="20220119 16:19:18.303"/>
</iter>
<iter>
<var name="${i}">57</var>
<kw name="Get Text" library="SeleniumLibrary">
<var>${Linktext}</var>
<arg>xpath:(//a)[${i}]</arg>
<doc>Returns the text value of the element identified by ``locator``.</doc>
<msg timestamp="20220119 16:19:18.356" level="INFO">${Linktext} = academic journal</msg>
<status status="PASS" starttime="20220119 16:19:18.303" endtime="20220119 16:19:18.356"/>
</kw>
<kw name="Log To Console" library="BuiltIn">
<arg>${Linktext}</arg>
<doc>Logs the given message to the console.</doc>
<status status="PASS" starttime="20220119 16:19:18.356" endtime="20220119 16:19:18.356"/>
</kw>
<status status="PASS" starttime="20220119 16:19:18.303" endtime="20220119 16:19:18.356"/>
</iter>
<iter>
<var name="${i}">58</var>
<kw name="Get Text" library="SeleniumLibrary">
<var>${Linktext}</var>
<arg>xpath:(//a)[${i}]</arg>
<doc>Returns the text value of the element identified by ``locator``.</doc>
<msg timestamp="20220119 16:19:18.408" level="INFO">${Linktext} = message boards</msg>
<status status="PASS" starttime="20220119 16:19:18.356" endtime="20220119 16:19:18.408"/>
</kw>
<kw name="Log To Console" library="BuiltIn">
<arg>${Linktext}</arg>
<doc>Logs the given message to the console.</doc>
<status status="PASS" starttime="20220119 16:19:18.408" endtime="20220119 16:19:18.408"/>
</kw>
<status status="PASS" starttime="20220119 16:19:18.356" endtime="20220119 16:19:18.408"/>
</iter>
<iter>
<var name="${i}">59</var>
<kw name="Get Text" library="SeleniumLibrary">
<var>${Linktext}</var>
<arg>xpath:(//a)[${i}]</arg>
<doc>Returns the text value of the element identified by ``locator``.</doc>
<msg timestamp="20220119 16:19:18.451" level="INFO">${Linktext} = email</msg>
<status status="PASS" starttime="20220119 16:19:18.408" endtime="20220119 16:19:18.451"/>
</kw>
<kw name="Log To Console" library="BuiltIn">
<arg>${Linktext}</arg>
<doc>Logs the given message to the console.</doc>
<status status="PASS" starttime="20220119 16:19:18.451" endtime="20220119 16:19:18.451"/>
</kw>
<status status="PASS" starttime="20220119 16:19:18.408" endtime="20220119 16:19:18.451"/>
</iter>
<iter>
<var name="${i}">60</var>
<kw name="Get Text" library="SeleniumLibrary">
<var>${Linktext}</var>
<arg>xpath:(//a)[${i}]</arg>
<doc>Returns the text value of the element identified by ``locator``.</doc>
<msg timestamp="20220119 16:19:18.502" level="INFO">${Linktext} = social networking</msg>
<status status="PASS" starttime="20220119 16:19:18.451" endtime="20220119 16:19:18.502"/>
</kw>
<kw name="Log To Console" library="BuiltIn">
<arg>${Linktext}</arg>
<doc>Logs the given message to the console.</doc>
<status status="PASS" starttime="20220119 16:19:18.502" endtime="20220119 16:19:18.502"/>
</kw>
<status status="PASS" starttime="20220119 16:19:18.451" endtime="20220119 16:19:18.502"/>
</iter>
<iter>
<var name="${i}">61</var>
<kw name="Get Text" library="SeleniumLibrary">
<var>${Linktext}</var>
<arg>xpath:(//a)[${i}]</arg>
<doc>Returns the text value of the element identified by ``locator``.</doc>
<msg timestamp="20220119 16:19:18.548" level="INFO">${Linktext} = stock market</msg>
<status status="PASS" starttime="20220119 16:19:18.502" endtime="20220119 16:19:18.548"/>
</kw>
<kw name="Log To Console" library="BuiltIn">
<arg>${Linktext}</arg>
<doc>Logs the given message to the console.</doc>
<status status="PASS" starttime="20220119 16:19:18.548" endtime="20220119 16:19:18.548"/>
</kw>
<status status="PASS" starttime="20220119 16:19:18.502" endtime="20220119 16:19:18.548"/>
</iter>
<iter>
<var name="${i}">62</var>
<kw name="Get Text" library="SeleniumLibrary">
<var>${Linktext}</var>
<arg>xpath:(//a)[${i}]</arg>
<doc>Returns the text value of the element identified by ``locator``.</doc>
<msg timestamp="20220119 16:19:18.600" level="INFO">${Linktext} = World Wide Web</msg>
<status status="PASS" starttime="20220119 16:19:18.548" endtime="20220119 16:19:18.600"/>
</kw>
<kw name="Log To Console" library="BuiltIn">
<arg>${Linktext}</arg>
<doc>Logs the given message to the console.</doc>
<status status="PASS" starttime="20220119 16:19:18.600" endtime="20220119 16:19:18.600"/>
</kw>
<status status="PASS" starttime="20220119 16:19:18.548" endtime="20220119 16:19:18.600"/>
</iter>
<iter>
<var name="${i}">63</var>
<kw name="Get Text" library="SeleniumLibrary">
<var>${Linktext}</var>
<arg>xpath:(//a)[${i}]</arg>
<doc>Returns the text value of the element identified by ``locator``.</doc>
<msg timestamp="20220119 16:19:18.648" level="INFO">${Linktext} = The Chicago Manual of Style</msg>
<status status="PASS" starttime="20220119 16:19:18.600" endtime="20220119 16:19:18.648"/>
</kw>
<kw name="Log To Console" library="BuiltIn">
<arg>${Linktext}</arg>
<doc>Logs the given message to the console.</doc>
<status status="PASS" starttime="20220119 16:19:18.648" endtime="20220119 16:19:18.648"/>
</kw>
<status status="PASS" starttime="20220119 16:19:18.600" endtime="20220119 16:19:18.648"/>
</iter>
<iter>
<var name="${i}">64</var>
<kw name="Get Text" library="SeleniumLibrary">
<var>${Linktext}</var>
<arg>xpath:(//a)[${i}]</arg>
<doc>Returns the text value of the element identified by ``locator``.</doc>
<msg timestamp="20220119 16:19:18.690" level="INFO">${Linktext} = [4]</msg>
<status status="PASS" starttime="20220119 16:19:18.648" endtime="20220119 16:19:18.690"/>
</kw>
<kw name="Log To Console" library="BuiltIn">
<arg>${Linktext}</arg>
<doc>Logs the given message to the console.</doc>
<status status="PASS" starttime="20220119 16:19:18.690" endtime="20220119 16:19:18.690"/>
</kw>
<status status="PASS" starttime="20220119 16:19:18.648" endtime="20220119 16:19:18.690"/>
</iter>
<iter>
<var name="${i}">65</var>
<kw name="Get Text" library="SeleniumLibrary">
<var>${Linktext}</var>
<arg>xpath:(//a)[${i}]</arg>
<doc>Returns the text value of the element identified by ``locator``.</doc>
<msg timestamp="20220119 16:19:18.732" level="INFO">${Linktext} = AP Stylebook</msg>
<status status="PASS" starttime="20220119 16:19:18.690" endtime="20220119 16:19:18.732"/>
</kw>
<kw name="Log To Console" library="BuiltIn">
<arg>${Linktext}</arg>
<doc>Logs the given message to the console.</doc>
<status status="PASS" starttime="20220119 16:19:18.733" endtime="20220119 16:19:18.733"/>
</kw>
<status status="PASS" starttime="20220119 16:19:18.690" endtime="20220119 16:19:18.733"/>
</iter>
<iter>
<var name="${i}">66</var>
<kw name="Get Text" library="SeleniumLibrary">
<var>${Linktext}</var>
<arg>xpath:(//a)[${i}]</arg>
<doc>Returns the text value of the element identified by ``locator``.</doc>
<msg timestamp="20220119 16:19:18.772" level="INFO">${Linktext} = [5]</msg>
<status status="PASS" starttime="20220119 16:19:18.733" endtime="20220119 16:19:18.772"/>
</kw>
<kw name="Log To Console" library="BuiltIn">
<arg>${Linktext}</arg>
<doc>Logs the given message to the console.</doc>
<status status="PASS" starttime="20220119 16:19:18.772" endtime="20220119 16:19:18.772"/>
</kw>
<status status="PASS" starttime="20220119 16:19:18.733" endtime="20220119 16:19:18.772"/>
</iter>
<iter>
<var name="${i}">67</var>
<kw name="Get Text" library="SeleniumLibrary">
<var>${Linktext}</var>
<arg>xpath:(//a)[${i}]</arg>
<doc>Returns the text value of the element identified by ``locator``.</doc>
<msg timestamp="20220119 16:19:18.825" level="INFO">${Linktext} = Static web page</msg>
<status status="PASS" starttime="20220119 16:19:18.772" endtime="20220119 16:19:18.825"/>
</kw>
<kw name="Log To Console" library="BuiltIn">
<arg>${Linktext}</arg>
<doc>Logs the given message to the console.</doc>
<status status="PASS" starttime="20220119 16:19:18.825" endtime="20220119 16:19:18.825"/>
</kw>
<status status="PASS" starttime="20220119 16:19:18.772" endtime="20220119 16:19:18.825"/>
</iter>
<iter>
<var name="${i}">68</var>
<kw name="Get Text" library="SeleniumLibrary">
<var>${Linktext}</var>
<arg>xpath:(//a)[${i}]</arg>
<doc>Returns the text value of the element identified by ``locator``.</doc>
<msg timestamp="20220119 16:19:18.870" level="INFO">${Linktext} = Hypertext Markup Language</msg>
<status status="PASS" starttime="20220119 16:19:18.825" endtime="20220119 16:19:18.870"/>
</kw>
<kw name="Log To Console" library="BuiltIn">
<arg>${Linktext}</arg>
<doc>Logs the given message to the console.</doc>
<status status="PASS" starttime="20220119 16:19:18.870" endtime="20220119 16:19:18.870"/>
</kw>
<status status="PASS" starttime="20220119 16:19:18.825" endtime="20220119 16:19:18.870"/>
</iter>
<iter>
<var name="${i}">69</var>
<kw name="Get Text" library="SeleniumLibrary">
<var>${Linktext}</var>
<arg>xpath:(//a)[${i}]</arg>
<doc>Returns the text value of the element identified by ``locator``.</doc>
<msg timestamp="20220119 16:19:18.915" level="INFO">${Linktext} = Cascading Style Sheets</msg>
<status status="PASS" starttime="20220119 16:19:18.870" endtime="20220119 16:19:18.915"/>
</kw>
<kw name="Log To Console" library="BuiltIn">
<arg>${Linktext}</arg>
<doc>Logs the given message to the console.</doc>
<status status="PASS" starttime="20220119 16:19:18.915" endtime="20220119 16:19:18.916"/>
</kw>
<status status="PASS" starttime="20220119 16:19:18.870" endtime="20220119 16:19:18.916"/>
</iter>
<iter>
<var name="${i}">70</var>
<kw name="Get Text" library="SeleniumLibrary">
<var>${Linktext}</var>
<arg>xpath:(//a)[${i}]</arg>
<doc>Returns the text value of the element identified by ``locator``.</doc>
<msg timestamp="20220119 16:19:18.957" level="INFO">${Linktext} = server side includes</msg>
<status status="PASS" starttime="20220119 16:19:18.916" endtime="20220119 16:19:18.957"/>
</kw>
<kw name="Log To Console" library="BuiltIn">
<arg>${Linktext}</arg>
<doc>Logs the given message to the console.</doc>
<status status="PASS" starttime="20220119 16:19:18.957" endtime="20220119 16:19:18.957"/>
</kw>
<status status="PASS" starttime="20220119 16:19:18.916" endtime="20220119 16:19:18.957"/>
</iter>
<iter>
<var name="${i}">71</var>
<kw name="Get Text" library="SeleniumLibrary">
<var>${Linktext}</var>
<arg>xpath:(//a)[${i}]</arg>
<doc>Returns the text value of the element identified by ``locator``.</doc>
<msg timestamp="20220119 16:19:19.003" level="INFO">${Linktext} = </msg>
<status status="PASS" starttime="20220119 16:19:18.957" endtime="20220119 16:19:19.004"/>
</kw>
<kw name="Log To Console" library="BuiltIn">
<arg>${Linktext}</arg>
<doc>Logs the given message to the console.</doc>
<status status="PASS" starttime="20220119 16:19:19.004" endtime="20220119 16:19:19.004"/>
</kw>
<status status="PASS" starttime="20220119 16:19:18.957" endtime="20220119 16:19:19.005"/>
</iter>
<iter>
<var name="${i}">72</var>
<kw name="Get Text" library="SeleniumLibrary">
<var>${Linktext}</var>
<arg>xpath:(//a)[${i}]</arg>
<doc>Returns the text value of the element identified by ``locator``.</doc>
<msg timestamp="20220119 16:19:19.044" level="INFO">${Linktext} = </msg>
<status status="PASS" starttime="20220119 16:19:19.005" endtime="20220119 16:19:19.044"/>
</kw>
<kw name="Log To Console" library="BuiltIn">
<arg>${Linktext}</arg>
<doc>Logs the given message to the console.</doc>
<status status="PASS" starttime="20220119 16:19:19.044" endtime="20220119 16:19:19.045"/>
</kw>
<status status="PASS" starttime="20220119 16:19:19.005" endtime="20220119 16:19:19.046"/>
</iter>
<iter>
<var name="${i}">73</var>
<kw name="Get Text" library="SeleniumLibrary">
<var>${Linktext}</var>
<arg>xpath:(//a)[${i}]</arg>
<doc>Returns the text value of the element identified by ``locator``.</doc>
<msg timestamp="20220119 16:19:19.087" level="INFO">${Linktext} = Dynamic web page</msg>
<status status="PASS" starttime="20220119 16:19:19.046" endtime="20220119 16:19:19.087"/>
</kw>
<kw name="Log To Console" library="BuiltIn">
<arg>${Linktext}</arg>
<doc>Logs the given message to the console.</doc>
<status status="PASS" starttime="20220119 16:19:19.088" endtime="20220119 16:19:19.088"/>
</kw>
<status status="PASS" starttime="20220119 16:19:19.046" endtime="20220119 16:19:19.088"/>
</iter>
<iter>
<var name="${i}">74</var>
<kw name="Get Text" library="SeleniumLibrary">
<var>${Linktext}</var>
<arg>xpath:(//a)[${i}]</arg>
<doc>Returns the text value of the element identified by ``locator``.</doc>
<msg timestamp="20220119 16:19:19.141" level="INFO">${Linktext} = Web application</msg>
<status status="PASS" starttime="20220119 16:19:19.088" endtime="20220119 16:19:19.141"/>
</kw>
<kw name="Log To Console" library="BuiltIn">
<arg>${Linktext}</arg>
<doc>Logs the given message to the console.</doc>
<status status="PASS" starttime="20220119 16:19:19.141" endtime="20220119 16:19:19.143"/>
</kw>
<status status="PASS" starttime="20220119 16:19:19.088" endtime="20220119 16:19:19.143"/>
</iter>
<iter>
<var name="${i}">75</var>
<kw name="Get Text" library="SeleniumLibrary">
<var>${Linktext}</var>
<arg>xpath:(//a)[${i}]</arg>
<doc>Returns the text value of the element identified by ``locator``.</doc>
<msg timestamp="20220119 16:19:19.194" level="INFO">${Linktext} = Progressive web application</msg>
<status status="PASS" starttime="20220119 16:19:19.144" endtime="20220119 16:19:19.194"/>
</kw>
<kw name="Log To Console" library="BuiltIn">
<arg>${Linktext}</arg>
<doc>Logs the given message to the console.</doc>
<status status="PASS" starttime="20220119 16:19:19.194" endtime="20220119 16:19:19.195"/>
</kw>
<status status="PASS" starttime="20220119 16:19:19.144" endtime="20220119 16:19:19.196"/>
</iter>
<iter>
<var name="${i}">76</var>
<kw name="Get Text" library="SeleniumLibrary">
<var>${Linktext}</var>
<arg>xpath:(//a)[${i}]</arg>
<doc>Returns the text value of the element identified by ``locator``.</doc>
<msg timestamp="20220119 16:19:19.243" level="INFO">${Linktext} = CGI</msg>
<status status="PASS" starttime="20220119 16:19:19.196" endtime="20220119 16:19:19.243"/>
</kw>
<kw name="Log To Console" library="BuiltIn">
<arg>${Linktext}</arg>
<doc>Logs the given message to the console.</doc>
<status status="PASS" starttime="20220119 16:19:19.243" endtime="20220119 16:19:19.244"/>
</kw>
<status status="PASS" starttime="20220119 16:19:19.196" endtime="20220119 16:19:19.244"/>
</iter>
<iter>
<var name="${i}">77</var>
<kw name="Get Text" library="SeleniumLibrary">
<var>${Linktext}</var>
<arg>xpath:(//a)[${i}]</arg>
<doc>Returns the text value of the element identified by ``locator``.</doc>
<msg timestamp="20220119 16:19:19.287" level="INFO">${Linktext} = Java Servlets</msg>
<status status="PASS" starttime="20220119 16:19:19.246" endtime="20220119 16:19:19.287"/>
</kw>
<kw name="Log To Console" library="BuiltIn">
<arg>${Linktext}</arg>
<doc>Logs the given message to the console.</doc>
<status status="PASS" starttime="20220119 16:19:19.287" endtime="20220119 16:19:19.287"/>
</kw>
<status status="PASS" starttime="20220119 16:19:19.245" endtime="20220119 16:19:19.287"/>
</iter>
<iter>
<var name="${i}">78</var>
<kw name="Get Text" library="SeleniumLibrary">
<var>${Linktext}</var>
<arg>xpath:(//a)[${i}]</arg>
<doc>Returns the text value of the element identified by ``locator``.</doc>
<msg timestamp="20220119 16:19:19.344" level="INFO">${Linktext} = Java Server Pages</msg>
<status status="PASS" starttime="20220119 16:19:19.287" endtime="20220119 16:19:19.344"/>
</kw>
<kw name="Log To Console" library="BuiltIn">
<arg>${Linktext}</arg>
<doc>Logs the given message to the console.</doc>
<status status="PASS" starttime="20220119 16:19:19.345" endtime="20220119 16:19:19.346"/>
</kw>
<status status="PASS" starttime="20220119 16:19:19.287" endtime="20220119 16:19:19.347"/>
</iter>
<iter>
<var name="${i}">79</var>
<kw name="Get Text" library="SeleniumLibrary">
<var>${Linktext}</var>
<arg>xpath:(//a)[${i}]</arg>
<doc>Returns the text value of the element identified by ``locator``.</doc>
<msg timestamp="20220119 16:19:19.392" level="INFO">${Linktext} = Active Server Pages</msg>
<status status="PASS" starttime="20220119 16:19:19.347" endtime="20220119 16:19:19.392"/>
</kw>
<kw name="Log To Console" library="BuiltIn">
<arg>${Linktext}</arg>
<doc>Logs the given message to the console.</doc>
<status status="PASS" starttime="20220119 16:19:19.392" endtime="20220119 16:19:19.392"/>
</kw>
<status status="PASS" starttime="20220119 16:19:19.347" endtime="20220119 16:19:19.392"/>
</iter>
<iter>
<var name="${i}">80</var>
<kw name="Get Text" library="SeleniumLibrary">
<var>${Linktext}</var>
<arg>xpath:(//a)[${i}]</arg>
<doc>Returns the text value of the element identified by ``locator``.</doc>
<msg timestamp="20220119 16:19:19.436" level="INFO">${Linktext} = ColdFusion</msg>
<status status="PASS" starttime="20220119 16:19:19.392" endtime="20220119 16:19:19.436"/>
</kw>
<kw name="Log To Console" library="BuiltIn">
<arg>${Linktext}</arg>
<doc>Logs the given message to the console.</doc>
<status status="PASS" starttime="20220119 16:19:19.436" endtime="20220119 16:19:19.436"/>
</kw>
<status status="PASS" starttime="20220119 16:19:19.392" endtime="20220119 16:19:19.436"/>
</iter>
<iter>
<var name="${i}">81</var>
<kw name="Get Text" library="SeleniumLibrary">
<var>${Linktext}</var>
<arg>xpath:(//a)[${i}]</arg>
<doc>Returns the text value of the element identified by ``locator``.</doc>
<msg timestamp="20220119 16:19:19.488" level="INFO">${Linktext} = dynamic web systems and dynamic sites</msg>
<status status="PASS" starttime="20220119 16:19:19.436" endtime="20220119 16:19:19.488"/>
</kw>
<kw name="Log To Console" library="BuiltIn">
<arg>${Linktext}</arg>
<doc>Logs the given message to the console.</doc>
<status status="PASS" starttime="20220119 16:19:19.488" endtime="20220119 16:19:19.488"/>
</kw>
<status status="PASS" starttime="20220119 16:19:19.436" endtime="20220119 16:19:19.488"/>
</iter>
<iter>
<var name="${i}">82</var>
<kw name="Get Text" library="SeleniumLibrary">
<var>${Linktext}</var>
<arg>xpath:(//a)[${i}]</arg>
<doc>Returns the text value of the element identified by ``locator``.</doc>
<msg timestamp="20220119 16:19:19.541" level="INFO">${Linktext} = web application frameworks</msg>
<status status="PASS" starttime="20220119 16:19:19.488" endtime="20220119 16:19:19.541"/>
</kw>
<kw name="Log To Console" library="BuiltIn">
<arg>${Linktext}</arg>
<doc>Logs the given message to the console.</doc>
<status status="PASS" starttime="20220119 16:19:19.541" endtime="20220119 16:19:19.542"/>
</kw>
<status status="PASS" starttime="20220119 16:19:19.488" endtime="20220119 16:19:19.542"/>
</iter>
<iter>
<var name="${i}">83</var>
<kw name="Get Text" library="SeleniumLibrary">
<var>${Linktext}</var>
<arg>xpath:(//a)[${i}]</arg>
<doc>Returns the text value of the element identified by ``locator``.</doc>
<msg timestamp="20220119 16:19:19.588" level="INFO">${Linktext} = web template systems</msg>
<status status="PASS" starttime="20220119 16:19:19.542" endtime="20220119 16:19:19.588"/>
</kw>
<kw name="Log To Console" library="BuiltIn">
<arg>${Linktext}</arg>
<doc>Logs the given message to the console.</doc>
<status status="PASS" starttime="20220119 16:19:19.588" endtime="20220119 16:19:19.589"/>
</kw>
<status status="PASS" starttime="20220119 16:19:19.542" endtime="20220119 16:19:19.589"/>
</iter>
<iter>
<var name="${i}">84</var>
<kw name="Get Text" library="SeleniumLibrary">
<var>${Linktext}</var>
<arg>xpath:(//a)[${i}]</arg>
<doc>Returns the text value of the element identified by ``locator``.</doc>
<msg timestamp="20220119 16:19:19.641" level="INFO">${Linktext} = programming languages</msg>
<status status="PASS" starttime="20220119 16:19:19.589" endtime="20220119 16:19:19.641"/>
</kw>
<kw name="Log To Console" library="BuiltIn">
<arg>${Linktext}</arg>
<doc>Logs the given message to the console.</doc>
<status status="PASS" starttime="20220119 16:19:19.641" endtime="20220119 16:19:19.641"/>
</kw>
<status status="PASS" starttime="20220119 16:19:19.589" endtime="20220119 16:19:19.641"/>
</iter>
<iter>
<var name="${i}">85</var>
<kw name="Get Text" library="SeleniumLibrary">
<var>${Linktext}</var>
<arg>xpath:(//a)[${i}]</arg>
<doc>Returns the text value of the element identified by ``locator``.</doc>
<msg timestamp="20220119 16:19:19.694" level="INFO">${Linktext} = Perl</msg>
<status status="PASS" starttime="20220119 16:19:19.643" endtime="20220119 16:19:19.694"/>
</kw>
<kw name="Log To Console" library="BuiltIn">
<arg>${Linktext}</arg>
<doc>Logs the given message to the console.</doc>
<status status="PASS" starttime="20220119 16:19:19.694" endtime="20220119 16:19:19.695"/>
</kw>
<status status="PASS" starttime="20220119 16:19:19.643" endtime="20220119 16:19:19.695"/>
</iter>
<iter>
<var name="${i}">86</var>
<kw name="Get Text" library="SeleniumLibrary">
<var>${Linktext}</var>
<arg>xpath:(//a)[${i}]</arg>
<doc>Returns the text value of the element identified by ``locator``.</doc>
<msg timestamp="20220119 16:19:19.739" level="INFO">${Linktext} = PHP</msg>
<status status="PASS" starttime="20220119 16:19:19.695" endtime="20220119 16:19:19.739"/>
</kw>
<kw name="Log To Console" library="BuiltIn">
<arg>${Linktext}</arg>
<doc>Logs the given message to the console.</doc>
<status status="PASS" starttime="20220119 16:19:19.740" endtime="20220119 16:19:19.741"/>
</kw>
<status status="PASS" starttime="20220119 16:19:19.695" endtime="20220119 16:19:19.741"/>
</iter>
<iter>
<var name="${i}">87</var>
<kw name="Get Text" library="SeleniumLibrary">
<var>${Linktext}</var>
<arg>xpath:(//a)[${i}]</arg>
<doc>Returns the text value of the element identified by ``locator``.</doc>
<msg timestamp="20220119 16:19:19.771" level="INFO">${Linktext} = Python</msg>
<status status="PASS" starttime="20220119 16:19:19.741" endtime="20220119 16:19:19.771"/>
</kw>
<kw name="Log To Console" library="BuiltIn">
<arg>${Linktext}</arg>
<doc>Logs the given message to the console.</doc>
<status status="PASS" starttime="20220119 16:19:19.772" endtime="20220119 16:19:19.772"/>
</kw>
<status status="PASS" starttime="20220119 16:19:19.741" endtime="20220119 16:19:19.772"/>
</iter>
<iter>
<var name="${i}">88</var>
<kw name="Get Text" library="SeleniumLibrary">
<var>${Linktext}</var>
<arg>xpath:(//a)[${i}]</arg>
<doc>Returns the text value of the element identified by ``locator``.</doc>
<msg timestamp="20220119 16:19:19.797" level="INFO">${Linktext} = Ruby</msg>
<status status="PASS" starttime="20220119 16:19:19.772" endtime="20220119 16:19:19.797"/>
</kw>
<kw name="Log To Console" library="BuiltIn">
<arg>${Linktext}</arg>
<doc>Logs the given message to the console.</doc>
<status status="PASS" starttime="20220119 16:19:19.797" endtime="20220119 16:19:19.797"/>
</kw>
<status status="PASS" starttime="20220119 16:19:19.772" endtime="20220119 16:19:19.797"/>
</iter>
<iter>
<var name="${i}">89</var>
<kw name="Get Text" library="SeleniumLibrary">
<var>${Linktext}</var>
<arg>xpath:(//a)[${i}]</arg>
<doc>Returns the text value of the element identified by ``locator``.</doc>
<msg timestamp="20220119 16:19:19.820" level="INFO">${Linktext} = database</msg>
<status status="PASS" starttime="20220119 16:19:19.798" endtime="20220119 16:19:19.821"/>
</kw>
<kw name="Log To Console" library="BuiltIn">
<arg>${Linktext}</arg>
<doc>Logs the given message to the console.</doc>
<status status="PASS" starttime="20220119 16:19:19.821" endtime="20220119 16:19:19.821"/>
</kw>
<status status="PASS" starttime="20220119 16:19:19.798" endtime="20220119 16:19:19.821"/>
</iter>
<iter>
<var name="${i}">90</var>
<kw name="Get Text" library="SeleniumLibrary">
<var>${Linktext}</var>
<arg>xpath:(//a)[${i}]</arg>
<doc>Returns the text value of the element identified by ``locator``.</doc>
<msg timestamp="20220119 16:19:19.850" level="INFO">${Linktext} = RSS</msg>
<status status="PASS" starttime="20220119 16:19:19.822" endtime="20220119 16:19:19.850"/>
</kw>
<kw name="Log To Console" library="BuiltIn">
<arg>${Linktext}</arg>
<doc>Logs the given message to the console.</doc>
<status status="PASS" starttime="20220119 16:19:19.850" endtime="20220119 16:19:19.851"/>
</kw>
<status status="PASS" starttime="20220119 16:19:19.821" endtime="20220119 16:19:19.851"/>
</iter>
<iter>
<var name="${i}">91</var>
<kw name="Get Text" library="SeleniumLibrary">
<var>${Linktext}</var>
<arg>xpath:(//a)[${i}]</arg>
<doc>Returns the text value of the element identified by ``locator``.</doc>
<msg timestamp="20220119 16:19:19.874" level="INFO">${Linktext} = HTML forms</msg>
<status status="PASS" starttime="20220119 16:19:19.851" endtime="20220119 16:19:19.874"/>
</kw>
<kw name="Log To Console" library="BuiltIn">
<arg>${Linktext}</arg>
<doc>Logs the given message to the console.</doc>
<status status="PASS" starttime="20220119 16:19:19.874" endtime="20220119 16:19:19.874"/>
</kw>
<status status="PASS" starttime="20220119 16:19:19.851" endtime="20220119 16:19:19.874"/>
</iter>
<iter>
<var name="${i}">92</var>
<kw name="Get Text" library="SeleniumLibrary">
<var>${Linktext}</var>
<arg>xpath:(//a)[${i}]</arg>
<doc>Returns the text value of the element identified by ``locator``.</doc>
<msg timestamp="20220119 16:19:19.896" level="INFO">${Linktext} = browser cookies</msg>
<status status="PASS" starttime="20220119 16:19:19.874" endtime="20220119 16:19:19.896"/>
</kw>
<kw name="Log To Console" library="BuiltIn">
<arg>${Linktext}</arg>
<doc>Logs the given message to the console.</doc>
<status status="PASS" starttime="20220119 16:19:19.897" endtime="20220119 16:19:19.897"/>
</kw>
<status status="PASS" starttime="20220119 16:19:19.874" endtime="20220119 16:19:19.897"/>
</iter>
<iter>
<var name="${i}">93</var>
<kw name="Get Text" library="SeleniumLibrary">
<var>${Linktext}</var>
<arg>xpath:(//a)[${i}]</arg>
<doc>Returns the text value of the element identified by ``locator``.</doc>
<msg timestamp="20220119 16:19:19.919" level="INFO">${Linktext} = Beatles</msg>
<status status="PASS" starttime="20220119 16:19:19.897" endtime="20220119 16:19:19.919"/>
</kw>
<kw name="Log To Console" library="BuiltIn">
<arg>${Linktext}</arg>
<doc>Logs the given message to the console.</doc>
<status status="PASS" starttime="20220119 16:19:19.919" endtime="20220119 16:19:19.920"/>
</kw>
<status status="PASS" starttime="20220119 16:19:19.897" endtime="20220119 16:19:19.920"/>
</iter>
<iter>
<var name="${i}">94</var>
<kw name="Get Text" library="SeleniumLibrary">
<var>${Linktext}</var>
<arg>xpath:(//a)[${i}]</arg>
<doc>Returns the text value of the element identified by ``locator``.</doc>
<msg timestamp="20220119 16:19:19.944" level="INFO">${Linktext} = Dynamic HTML</msg>
<status status="PASS" starttime="20220119 16:19:19.920" endtime="20220119 16:19:19.944"/>
</kw>
<kw name="Log To Console" library="BuiltIn">
<arg>${Linktext}</arg>
<doc>Logs the given message to the console.</doc>
<status status="PASS" starttime="20220119 16:19:19.944" endtime="20220119 16:19:19.944"/>
</kw>
<status status="PASS" starttime="20220119 16:19:19.920" endtime="20220119 16:19:19.944"/>
</iter>
<iter>
<var name="${i}">95</var>
<kw name="Get Text" library="SeleniumLibrary">
<var>${Linktext}</var>
<arg>xpath:(//a)[${i}]</arg>
<doc>Returns the text value of the element identified by ``locator``.</doc>
<msg timestamp="20220119 16:19:19.967" level="INFO">${Linktext} = JavaScript</msg>
<status status="PASS" starttime="20220119 16:19:19.945" endtime="20220119 16:19:19.967"/>
</kw>
<kw name="Log To Console" library="BuiltIn">
<arg>${Linktext}</arg>
<doc>Logs the given message to the console.</doc>
<status status="PASS" starttime="20220119 16:19:19.967" endtime="20220119 16:19:19.968"/>
</kw>
<status status="PASS" starttime="20220119 16:19:19.944" endtime="20220119 16:19:19.968"/>
</iter>
<iter>
<var name="${i}">96</var>
<kw name="Get Text" library="SeleniumLibrary">
<var>${Linktext}</var>
<arg>xpath:(//a)[${i}]</arg>
<doc>Returns the text value of the element identified by ``locator``.</doc>
<msg timestamp="20220119 16:19:20.002" level="INFO">${Linktext} = plug ins</msg>
<status status="PASS" starttime="20220119 16:19:19.968" endtime="20220119 16:19:20.002"/>
</kw>
<kw name="Log To Console" library="BuiltIn">
<arg>${Linktext}</arg>
<doc>Logs the given message to the console.</doc>
<status status="PASS" starttime="20220119 16:19:20.002" endtime="20220119 16:19:20.003"/>
</kw>
<status status="PASS" starttime="20220119 16:19:19.968" endtime="20220119 16:19:20.003"/>
</iter>
<iter>
<var name="${i}">97</var>
<kw name="Get Text" library="SeleniumLibrary">
<var>${Linktext}</var>
<arg>xpath:(//a)[${i}]</arg>
<doc>Returns the text value of the element identified by ``locator``.</doc>
<msg timestamp="20220119 16:19:20.030" level="INFO">${Linktext} = rich web application</msg>
<status status="PASS" starttime="20220119 16:19:20.004" endtime="20220119 16:19:20.030"/>
</kw>
<kw name="Log To Console" library="BuiltIn">
<arg>${Linktext}</arg>
<doc>Logs the given message to the console.</doc>
<status status="PASS" starttime="20220119 16:19:20.030" endtime="20220119 16:19:20.030"/>
</kw>
<status status="PASS" starttime="20220119 16:19:20.004" endtime="20220119 16:19:20.032"/>
</iter>
<iter>
<var name="${i}">98</var>
<kw name="Get Text" library="SeleniumLibrary">
<var>${Linktext}</var>
<arg>xpath:(//a)[${i}]</arg>
<doc>Returns the text value of the element identified by ``locator``.</doc>
<msg timestamp="20220119 16:19:20.084" level="INFO">${Linktext} = word processor</msg>
<status status="PASS" starttime="20220119 16:19:20.032" endtime="20220119 16:19:20.084"/>
</kw>
<kw name="Log To Console" library="BuiltIn">
<arg>${Linktext}</arg>
<doc>Logs the given message to the console.</doc>
<status status="PASS" starttime="20220119 16:19:20.084" endtime="20220119 16:19:20.085"/>
</kw>
<status status="PASS" starttime="20220119 16:19:20.032" endtime="20220119 16:19:20.085"/>
</iter>
<iter>
<var name="${i}">99</var>
<kw name="Get Text" library="SeleniumLibrary">
<var>${Linktext}</var>
<arg>xpath:(//a)[${i}]</arg>
<doc>Returns the text value of the element identified by ``locator``.</doc>
<msg timestamp="20220119 16:19:20.128" level="INFO">${Linktext} = Microsoft Silverlight</msg>
<status status="PASS" starttime="20220119 16:19:20.085" endtime="20220119 16:19:20.128"/>
</kw>
<kw name="Log To Console" library="BuiltIn">
<arg>${Linktext}</arg>
<doc>Logs the given message to the console.</doc>
<status status="PASS" starttime="20220119 16:19:20.128" endtime="20220119 16:19:20.128"/>
</kw>
<status status="PASS" starttime="20220119 16:19:20.085" endtime="20220119 16:19:20.129"/>
</iter>
<iter>
<var name="${i}">100</var>
<kw name="Get Text" library="SeleniumLibrary">
<var>${Linktext}</var>
<arg>xpath:(//a)[${i}]</arg>
<doc>Returns the text value of the element identified by ``locator``.</doc>
<msg timestamp="20220119 16:19:20.155" level="INFO">${Linktext} = Adobe Flash Player</msg>
<status status="PASS" starttime="20220119 16:19:20.129" endtime="20220119 16:19:20.155"/>
</kw>
<kw name="Log To Console" library="BuiltIn">
<arg>${Linktext}</arg>
<doc>Logs the given message to the console.</doc>
<status status="PASS" starttime="20220119 16:19:20.155" endtime="20220119 16:19:20.155"/>
</kw>
<status status="PASS" starttime="20220119 16:19:20.129" endtime="20220119 16:19:20.155"/>
</iter>
<iter>
<var name="${i}">101</var>
<kw name="Get Text" library="SeleniumLibrary">
<var>${Linktext}</var>
<arg>xpath:(//a)[${i}]</arg>
<doc>Returns the text value of the element identified by ``locator``.</doc>
<msg timestamp="20220119 16:19:20.195" level="INFO">${Linktext} = Adobe Shockwave Player</msg>
<status status="PASS" starttime="20220119 16:19:20.155" endtime="20220119 16:19:20.196"/>
</kw>
<kw name="Log To Console" library="BuiltIn">
<arg>${Linktext}</arg>
<doc>Logs the given message to the console.</doc>
<status status="PASS" starttime="20220119 16:19:20.196" endtime="20220119 16:19:20.196"/>
</kw>
<status status="PASS" starttime="20220119 16:19:20.155" endtime="20220119 16:19:20.196"/>
</iter>
<iter>
<var name="${i}">102</var>
<kw name="Get Text" library="SeleniumLibrary">
<var>${Linktext}</var>
<arg>xpath:(//a)[${i}]</arg>
<doc>Returns the text value of the element identified by ``locator``.</doc>
<msg timestamp="20220119 16:19:20.225" level="INFO">${Linktext} = Java SE</msg>
<status status="PASS" starttime="20220119 16:19:20.196" endtime="20220119 16:19:20.225"/>
</kw>
<kw name="Log To Console" library="BuiltIn">
<arg>${Linktext}</arg>
<doc>Logs the given message to the console.</doc>
<status status="PASS" starttime="20220119 16:19:20.226" endtime="20220119 16:19:20.226"/>
</kw>
<status status="PASS" starttime="20220119 16:19:20.196" endtime="20220119 16:19:20.226"/>
</iter>
<iter>
<var name="${i}">103</var>
<kw name="Get Text" library="SeleniumLibrary">
<var>${Linktext}</var>
<arg>xpath:(//a)[${i}]</arg>
<doc>Returns the text value of the element identified by ``locator``.</doc>
<msg timestamp="20220119 16:19:20.255" level="INFO">${Linktext} = HTML 5</msg>
<status status="PASS" starttime="20220119 16:19:20.228" endtime="20220119 16:19:20.255"/>
</kw>
<kw name="Log To Console" library="BuiltIn">
<arg>${Linktext}</arg>
<doc>Logs the given message to the console.</doc>
<status status="PASS" starttime="20220119 16:19:20.255" endtime="20220119 16:19:20.256"/>
</kw>
<status status="PASS" starttime="20220119 16:19:20.226" endtime="20220119 16:19:20.256"/>
</iter>
<iter>
<var name="${i}">104</var>
<kw name="Get Text" library="SeleniumLibrary">
<var>${Linktext}</var>
<arg>xpath:(//a)[${i}]</arg>
<doc>Returns the text value of the element identified by ``locator``.</doc>
<msg timestamp="20220119 16:19:20.296" level="INFO">${Linktext} = JavaScript</msg>
<status status="PASS" starttime="20220119 16:19:20.256" endtime="20220119 16:19:20.296"/>
</kw>
<kw name="Log To Console" library="BuiltIn">
<arg>${Linktext}</arg>
<doc>Logs the given message to the console.</doc>
<status status="PASS" starttime="20220119 16:19:20.296" endtime="20220119 16:19:20.297"/>
</kw>
<status status="PASS" starttime="20220119 16:19:20.256" endtime="20220119 16:19:20.297"/>
</iter>
<iter>
<var name="${i}">105</var>
<kw name="Get Text" library="SeleniumLibrary">
<var>${Linktext}</var>
<arg>xpath:(//a)[${i}]</arg>
<doc>Returns the text value of the element identified by ``locator``.</doc>
<msg timestamp="20220119 16:19:20.347" level="INFO">${Linktext} = Document Object Model</msg>
<status status="PASS" starttime="20220119 16:19:20.297" endtime="20220119 16:19:20.347"/>
</kw>
<kw name="Log To Console" library="BuiltIn">
<arg>${Linktext}</arg>
<doc>Logs the given message to the console.</doc>
<status status="PASS" starttime="20220119 16:19:20.347" endtime="20220119 16:19:20.348"/>
</kw>
<status status="PASS" starttime="20220119 16:19:20.297" endtime="20220119 16:19:20.348"/>
</iter>
<iter>
<var name="${i}">106</var>
<kw name="Get Text" library="SeleniumLibrary">
<var>${Linktext}</var>
<arg>xpath:(//a)[${i}]</arg>
<doc>Returns the text value of the element identified by ``locator``.</doc>
<msg timestamp="20220119 16:19:20.372" level="INFO">${Linktext} = WebGL</msg>
<status status="PASS" starttime="20220119 16:19:20.348" endtime="20220119 16:19:20.372"/>
</kw>
<kw name="Log To Console" library="BuiltIn">
<arg>${Linktext}</arg>
<doc>Logs the given message to the console.</doc>
<status status="PASS" starttime="20220119 16:19:20.372" endtime="20220119 16:19:20.373"/>
</kw>
<status status="PASS" starttime="20220119 16:19:20.348" endtime="20220119 16:19:20.374"/>
</iter>
<iter>
<var name="${i}">107</var>
<kw name="Get Text" library="SeleniumLibrary">
<var>${Linktext}</var>
<arg>xpath:(//a)[${i}]</arg>
<doc>Returns the text value of the element identified by ``locator``.</doc>
<msg timestamp="20220119 16:19:20.398" level="INFO">${Linktext} = [6]</msg>
<status status="PASS" starttime="20220119 16:19:20.374" endtime="20220119 16:19:20.398"/>
</kw>
<kw name="Log To Console" library="BuiltIn">
<arg>${Linktext}</arg>
<doc>Logs the given message to the console.</doc>
<status status="PASS" starttime="20220119 16:19:20.398" endtime="20220119 16:19:20.398"/>
</kw>
<status status="PASS" starttime="20220119 16:19:20.374" endtime="20220119 16:19:20.398"/>
</iter>
<iter>
<var name="${i}">108</var>
<kw name="Get Text" library="SeleniumLibrary">
<var>${Linktext}</var>
<arg>xpath:(//a)[${i}]</arg>
<doc>Returns the text value of the element identified by ``locator``.</doc>
<msg timestamp="20220119 16:19:20.450" level="INFO">${Linktext} = [7]</msg>
<status status="PASS" starttime="20220119 16:19:20.399" endtime="20220119 16:19:20.450"/>
</kw>
<kw name="Log To Console" library="BuiltIn">
<arg>${Linktext}</arg>
<doc>Logs the given message to the console.</doc>
<status status="PASS" starttime="20220119 16:19:20.451" endtime="20220119 16:19:20.451"/>
</kw>
<status status="PASS" starttime="20220119 16:19:20.398" endtime="20220119 16:19:20.452"/>
</iter>
<iter>
<var name="${i}">109</var>
<kw name="Get Text" library="SeleniumLibrary">
<var>${Linktext}</var>
<arg>xpath:(//a)[${i}]</arg>
<doc>Returns the text value of the element identified by ``locator``.</doc>
<msg timestamp="20220119 16:19:20.509" level="INFO">${Linktext} = Web 2.0</msg>
<status status="PASS" starttime="20220119 16:19:20.452" endtime="20220119 16:19:20.509"/>
</kw>
<kw name="Log To Console" library="BuiltIn">
<arg>${Linktext}</arg>
<doc>Logs the given message to the console.</doc>
<status status="PASS" starttime="20220119 16:19:20.509" endtime="20220119 16:19:20.510"/>
</kw>
<status status="PASS" starttime="20220119 16:19:20.452" endtime="20220119 16:19:20.510"/>
</iter>
<iter>
<var name="${i}">110</var>
<kw name="Get Text" library="SeleniumLibrary">
<var>${Linktext}</var>
<arg>xpath:(//a)[${i}]</arg>
<doc>Returns the text value of the element identified by ``locator``.</doc>
<msg timestamp="20220119 16:19:20.533" level="INFO">${Linktext} = contextual advertising</msg>
<status status="PASS" starttime="20220119 16:19:20.510" endtime="20220119 16:19:20.533"/>
</kw>
<kw name="Log To Console" library="BuiltIn">
<arg>${Linktext}</arg>
<doc>Logs the given message to the console.</doc>
<status status="PASS" starttime="20220119 16:19:20.533" endtime="20220119 16:19:20.533"/>
</kw>
<status status="PASS" starttime="20220119 16:19:20.510" endtime="20220119 16:19:20.533"/>
</iter>
<iter>
<var name="${i}">111</var>
<kw name="Get Text" library="SeleniumLibrary">
<var>${Linktext}</var>
<arg>xpath:(//a)[${i}]</arg>
<doc>Returns the text value of the element identified by ``locator``.</doc>
<msg timestamp="20220119 16:19:20.586" level="INFO">${Linktext} = E-commerce</msg>
<status status="PASS" starttime="20220119 16:19:20.534" endtime="20220119 16:19:20.586"/>
</kw>
<kw name="Log To Console" library="BuiltIn">
<arg>${Linktext}</arg>
<doc>Logs the given message to the console.</doc>
<status status="PASS" starttime="20220119 16:19:20.586" endtime="20220119 16:19:20.587"/>
</kw>
<status status="PASS" starttime="20220119 16:19:20.533" endtime="20220119 16:19:20.587"/>
</iter>
<iter>
<var name="${i}">112</var>
<kw name="Get Text" library="SeleniumLibrary">
<var>${Linktext}</var>
<arg>xpath:(//a)[${i}]</arg>
<doc>Returns the text value of the element identified by ``locator``.</doc>
[...]
<var>${Linktext}</var>
<arg>xpath:(//a)[${i}]</arg>
<doc>Returns the text value of the element identified by ``locator``.</doc>
<msg timestamp="20220119 16:19:44.317" level="INFO">${Linktext} = </msg>
<status status="PASS" starttime="20220119 16:19:44.262" endtime="20220119 16:19:44.317"/>
</kw>
<kw name="Log To Console" library="BuiltIn">
<arg>${Linktext}</arg>
<doc>Logs the given message to the console.</doc>
<status status="PASS" starttime="20220119 16:19:44.317" endtime="20220119 16:19:44.318"/>
</kw>
<status status="PASS" starttime="20220119 16:19:44.262" endtime="20220119 16:19:44.318"/>
</iter>
<iter>
<var name="${i}">582</var>
<kw name="Get Text" library="SeleniumLibrary">
<var>${Linktext}</var>
<arg>xpath:(//a)[${i}]</arg>
<doc>Returns the text value of the element identified by ``locator``.</doc>
<msg timestamp="20220119 16:19:44.371" level="INFO">${Linktext} = </msg>
<status status="PASS" starttime="20220119 16:19:44.318" endtime="20220119 16:19:44.371"/>
</kw>
<kw name="Log To Console" library="BuiltIn">
<arg>${Linktext}</arg>
<doc>Logs the given message to the console.</doc>
<status status="PASS" starttime="20220119 16:19:44.371" endtime="20220119 16:19:44.373"/>
</kw>
<status status="PASS" starttime="20220119 16:19:44.318" endtime="20220119 16:19:44.373"/>
</iter>
<iter>
<var name="${i}">583</var>
<kw name="Get Text" library="SeleniumLibrary">
<var>${Linktext}</var>
<arg>xpath:(//a)[${i}]</arg>
<doc>Returns the text value of the element identified by ``locator``.</doc>
<msg timestamp="20220119 16:19:44.421" level="INFO">${Linktext} = </msg>
<status status="PASS" starttime="20220119 16:19:44.373" endtime="20220119 16:19:44.421"/>
</kw>
<kw name="Log To Console" library="BuiltIn">
<arg>${Linktext}</arg>
<doc>Logs the given message to the console.</doc>
<status status="PASS" starttime="20220119 16:19:44.421" endtime="20220119 16:19:44.422"/>
</kw>
<status status="PASS" starttime="20220119 16:19:44.373" endtime="20220119 16:19:44.422"/>
</iter>
<iter>
<var name="${i}">584</var>
<kw name="Get Text" library="SeleniumLibrary">
<var>${Linktext}</var>
<arg>xpath:(//a)[${i}]</arg>
<doc>Returns the text value of the element identified by ``locator``.</doc>
<msg timestamp="20220119 16:19:44.469" level="INFO">${Linktext} = </msg>
<status status="PASS" starttime="20220119 16:19:44.422" endtime="20220119 16:19:44.469"/>
</kw>
<kw name="Log To Console" library="BuiltIn">
<arg>${Linktext}</arg>
<doc>Logs the given message to the console.</doc>
<status status="PASS" starttime="20220119 16:19:44.469" endtime="20220119 16:19:44.471"/>
</kw>
<status status="PASS" starttime="20220119 16:19:44.422" endtime="20220119 16:19:44.471"/>
</iter>
<iter>
<var name="${i}">585</var>
<kw name="Get Text" library="SeleniumLibrary">
<var>${Linktext}</var>
<arg>xpath:(//a)[${i}]</arg>
<doc>Returns the text value of the element identified by ``locator``.</doc>
<msg timestamp="20220119 16:19:44.520" level="INFO">${Linktext} = </msg>
<status status="PASS" starttime="20220119 16:19:44.471" endtime="20220119 16:19:44.520"/>
</kw>
<kw name="Log To Console" library="BuiltIn">
<arg>${Linktext}</arg>
<doc>Logs the given message to the console.</doc>
<status status="PASS" starttime="20220119 16:19:44.520" endtime="20220119 16:19:44.521"/>
</kw>
<status status="PASS" starttime="20220119 16:19:44.471" endtime="20220119 16:19:44.521"/>
</iter>
<iter>
<var name="${i}">586</var>
<kw name="Get Text" library="SeleniumLibrary">
<var>${Linktext}</var>
<arg>xpath:(//a)[${i}]</arg>
<doc>Returns the text value of the element identified by ``locator``.</doc>
<msg timestamp="20220119 16:19:44.577" level="INFO">${Linktext} = </msg>
<status status="PASS" starttime="20220119 16:19:44.521" endtime="20220119 16:19:44.577"/>
</kw>
<kw name="Log To Console" library="BuiltIn">
<arg>${Linktext}</arg>
<doc>Logs the given message to the console.</doc>
<status status="PASS" starttime="20220119 16:19:44.577" endtime="20220119 16:19:44.578"/>
</kw>
<status status="PASS" starttime="20220119 16:19:44.521" endtime="20220119 16:19:44.578"/>
</iter>
<iter>
<var name="${i}">587</var>
<kw name="Get Text" library="SeleniumLibrary">
<var>${Linktext}</var>
<arg>xpath:(//a)[${i}]</arg>
<doc>Returns the text value of the element identified by ``locator``.</doc>
<msg timestamp="20220119 16:19:44.629" level="INFO">${Linktext} = </msg>
<status status="PASS" starttime="20220119 16:19:44.579" endtime="20220119 16:19:44.629"/>
</kw>
<kw name="Log To Console" library="BuiltIn">
<arg>${Linktext}</arg>
<doc>Logs the given message to the console.</doc>
<status status="PASS" starttime="20220119 16:19:44.629" endtime="20220119 16:19:44.630"/>
</kw>
<status status="PASS" starttime="20220119 16:19:44.579" endtime="20220119 16:19:44.630"/>
</iter>
<iter>
<var name="${i}">588</var>
<kw name="Get Text" library="SeleniumLibrary">
<var>${Linktext}</var>
<arg>xpath:(//a)[${i}]</arg>
<doc>Returns the text value of the element identified by ``locator``.</doc>
<msg timestamp="20220119 16:19:44.679" level="INFO">${Linktext} = </msg>
<status status="PASS" starttime="20220119 16:19:44.630" endtime="20220119 16:19:44.679"/>
</kw>
<kw name="Log To Console" library="BuiltIn">
<arg>${Linktext}</arg>
<doc>Logs the given message to the console.</doc>
<status status="PASS" starttime="20220119 16:19:44.679" endtime="20220119 16:19:44.681"/>
</kw>
<status status="PASS" starttime="20220119 16:19:44.630" endtime="20220119 16:19:44.681"/>
</iter>
<iter>
<var name="${i}">589</var>
<kw name="Get Text" library="SeleniumLibrary">
<var>${Linktext}</var>
<arg>xpath:(//a)[${i}]</arg>
<doc>Returns the text value of the element identified by ``locator``.</doc>
<msg timestamp="20220119 16:19:44.730" level="INFO">${Linktext} = </msg>
<status status="PASS" starttime="20220119 16:19:44.681" endtime="20220119 16:19:44.731"/>
</kw>
<kw name="Log To Console" library="BuiltIn">
<arg>${Linktext}</arg>
<doc>Logs the given message to the console.</doc>
<status status="PASS" starttime="20220119 16:19:44.731" endtime="20220119 16:19:44.732"/>
</kw>
<status status="PASS" starttime="20220119 16:19:44.681" endtime="20220119 16:19:44.732"/>
</iter>
<iter>
<var name="${i}">590</var>
<kw name="Get Text" library="SeleniumLibrary">
<var>${Linktext}</var>
<arg>xpath:(//a)[${i}]</arg>
<doc>Returns the text value of the element identified by ``locator``.</doc>
<msg timestamp="20220119 16:19:44.781" level="INFO">${Linktext} = </msg>
<status status="PASS" starttime="20220119 16:19:44.733" endtime="20220119 16:19:44.781"/>
</kw>
<kw name="Log To Console" library="BuiltIn">
<arg>${Linktext}</arg>
<doc>Logs the given message to the console.</doc>
<status status="PASS" starttime="20220119 16:19:44.781" endtime="20220119 16:19:44.782"/>
</kw>
<status status="PASS" starttime="20220119 16:19:44.732" endtime="20220119 16:19:44.782"/>
</iter>
<iter>
<var name="${i}">591</var>
<kw name="Get Text" library="SeleniumLibrary">
<var>${Linktext}</var>
<arg>xpath:(//a)[${i}]</arg>
<doc>Returns the text value of the element identified by ``locator``.</doc>
<msg timestamp="20220119 16:19:44.811" level="INFO">${Linktext} = Edit links</msg>
<status status="PASS" starttime="20220119 16:19:44.782" endtime="20220119 16:19:44.811"/>
</kw>
<kw name="Log To Console" library="BuiltIn">
<arg>${Linktext}</arg>
<doc>Logs the given message to the console.</doc>
<status status="PASS" starttime="20220119 16:19:44.812" endtime="20220119 16:19:44.812"/>
</kw>
<status status="PASS" starttime="20220119 16:19:44.782" endtime="20220119 16:19:44.812"/>
</iter>
<iter>
<var name="${i}">592</var>
<kw name="Get Text" library="SeleniumLibrary">
<var>${Linktext}</var>
<arg>xpath:(//a)[${i}]</arg>
<doc>Returns the text value of the element identified by ``locator``.</doc>
<msg timestamp="20220119 16:19:44.835" level="INFO">${Linktext} = Creative Commons Attribution-ShareAlike License</msg>
<status status="PASS" starttime="20220119 16:19:44.813" endtime="20220119 16:19:44.835"/>
</kw>
<kw name="Log To Console" library="BuiltIn">
<arg>${Linktext}</arg>
<doc>Logs the given message to the console.</doc>
<status status="PASS" starttime="20220119 16:19:44.835" endtime="20220119 16:19:44.836"/>
</kw>
<status status="PASS" starttime="20220119 16:19:44.812" endtime="20220119 16:19:44.836"/>
</iter>
<iter>
<var name="${i}">593</var>
<kw name="Get Text" library="SeleniumLibrary">
<var>${Linktext}</var>
<arg>xpath:(//a)[${i}]</arg>
<doc>Returns the text value of the element identified by ``locator``.</doc>
<msg timestamp="20220119 16:19:44.860" level="INFO">${Linktext} = </msg>
<status status="PASS" starttime="20220119 16:19:44.836" endtime="20220119 16:19:44.860"/>
</kw>
<kw name="Log To Console" library="BuiltIn">
<arg>${Linktext}</arg>
<doc>Logs the given message to the console.</doc>
<status status="PASS" starttime="20220119 16:19:44.860" endtime="20220119 16:19:44.860"/>
</kw>
<status status="PASS" starttime="20220119 16:19:44.836" endtime="20220119 16:19:44.860"/>
</iter>
<iter>
<var name="${i}">594</var>
<kw name="Get Text" library="SeleniumLibrary">
<var>${Linktext}</var>
<arg>xpath:(//a)[${i}]</arg>
<doc>Returns the text value of the element identified by ``locator``.</doc>
<msg timestamp="20220119 16:19:44.884" level="INFO">${Linktext} = Terms of Use</msg>
<status status="PASS" starttime="20220119 16:19:44.861" endtime="20220119 16:19:44.884"/>
</kw>
<kw name="Log To Console" library="BuiltIn">
<arg>${Linktext}</arg>
<doc>Logs the given message to the console.</doc>
<status status="PASS" starttime="20220119 16:19:44.884" endtime="20220119 16:19:44.884"/>
</kw>
<status status="PASS" starttime="20220119 16:19:44.861" endtime="20220119 16:19:44.884"/>
</iter>
<iter>
<var name="${i}">595</var>
<kw name="Get Text" library="SeleniumLibrary">
<var>${Linktext}</var>
<arg>xpath:(//a)[${i}]</arg>
<doc>Returns the text value of the element identified by ``locator``.</doc>
<msg timestamp="20220119 16:19:44.907" level="INFO">${Linktext} = Privacy Policy</msg>
<status status="PASS" starttime="20220119 16:19:44.885" endtime="20220119 16:19:44.907"/>
</kw>
<kw name="Log To Console" library="BuiltIn">
<arg>${Linktext}</arg>
<doc>Logs the given message to the console.</doc>
<status status="PASS" starttime="20220119 16:19:44.907" endtime="20220119 16:19:44.908"/>
</kw>
<status status="PASS" starttime="20220119 16:19:44.884" endtime="20220119 16:19:44.908"/>
</iter>
<iter>
<var name="${i}">596</var>
<kw name="Get Text" library="SeleniumLibrary">
<var>${Linktext}</var>
<arg>xpath:(//a)[${i}]</arg>
<doc>Returns the text value of the element identified by ``locator``.</doc>
<msg timestamp="20220119 16:19:44.928" level="INFO">${Linktext} = Wikimedia Foundation, Inc.</msg>
<status status="PASS" starttime="20220119 16:19:44.908" endtime="20220119 16:19:44.928"/>
</kw>
<kw name="Log To Console" library="BuiltIn">
<arg>${Linktext}</arg>
<doc>Logs the given message to the console.</doc>
<status status="PASS" starttime="20220119 16:19:44.928" endtime="20220119 16:19:44.928"/>
</kw>
<status status="PASS" starttime="20220119 16:19:44.908" endtime="20220119 16:19:44.928"/>
</iter>
<iter>
<var name="${i}">597</var>
<kw name="Get Text" library="SeleniumLibrary">
<var>${Linktext}</var>
<arg>xpath:(//a)[${i}]</arg>
<doc>Returns the text value of the element identified by ``locator``.</doc>
<msg timestamp="20220119 16:19:44.950" level="INFO">${Linktext} = Privacy policy</msg>
<status status="PASS" starttime="20220119 16:19:44.928" endtime="20220119 16:19:44.950"/>
</kw>
<kw name="Log To Console" library="BuiltIn">
<arg>${Linktext}</arg>
<doc>Logs the given message to the console.</doc>
<status status="PASS" starttime="20220119 16:19:44.950" endtime="20220119 16:19:44.950"/>
</kw>
<status status="PASS" starttime="20220119 16:19:44.928" endtime="20220119 16:19:44.950"/>
</iter>
<iter>
<var name="${i}">598</var>
<kw name="Get Text" library="SeleniumLibrary">
<var>${Linktext}</var>
<arg>xpath:(//a)[${i}]</arg>
<doc>Returns the text value of the element identified by ``locator``.</doc>
<msg timestamp="20220119 16:19:44.972" level="INFO">${Linktext} = About Wikipedia</msg>
<status status="PASS" starttime="20220119 16:19:44.950" endtime="20220119 16:19:44.972"/>
</kw>
<kw name="Log To Console" library="BuiltIn">
<arg>${Linktext}</arg>
<doc>Logs the given message to the console.</doc>
<status status="PASS" starttime="20220119 16:19:44.972" endtime="20220119 16:19:44.973"/>
</kw>
<status status="PASS" starttime="20220119 16:19:44.950" endtime="20220119 16:19:44.973"/>
</iter>
<iter>
<var name="${i}">599</var>
<kw name="Get Text" library="SeleniumLibrary">
<var>${Linktext}</var>
<arg>xpath:(//a)[${i}]</arg>
<doc>Returns the text value of the element identified by ``locator``.</doc>
<msg timestamp="20220119 16:19:44.994" level="INFO">${Linktext} = Disclaimers</msg>
<status status="PASS" starttime="20220119 16:19:44.973" endtime="20220119 16:19:44.994"/>
</kw>
<kw name="Log To Console" library="BuiltIn">
<arg>${Linktext}</arg>
<doc>Logs the given message to the console.</doc>
<status status="PASS" starttime="20220119 16:19:44.994" endtime="20220119 16:19:44.995"/>
</kw>
<status status="PASS" starttime="20220119 16:19:44.973" endtime="20220119 16:19:44.995"/>
</iter>
<iter>
<var name="${i}">600</var>
<kw name="Get Text" library="SeleniumLibrary">
<var>${Linktext}</var>
<arg>xpath:(//a)[${i}]</arg>
<doc>Returns the text value of the element identified by ``locator``.</doc>
<msg timestamp="20220119 16:19:45.040" level="INFO">${Linktext} = Contact Wikipedia</msg>
<status status="PASS" starttime="20220119 16:19:44.995" endtime="20220119 16:19:45.040"/>
</kw>
<kw name="Log To Console" library="BuiltIn">
<arg>${Linktext}</arg>
<doc>Logs the given message to the console.</doc>
<status status="PASS" starttime="20220119 16:19:45.041" endtime="20220119 16:19:45.041"/>
</kw>
<status status="PASS" starttime="20220119 16:19:44.995" endtime="20220119 16:19:45.041"/>
</iter>
<iter>
<var name="${i}">601</var>
<kw name="Get Text" library="SeleniumLibrary">
<var>${Linktext}</var>
<arg>xpath:(//a)[${i}]</arg>
<doc>Returns the text value of the element identified by ``locator``.</doc>
<msg timestamp="20220119 16:19:45.089" level="INFO">${Linktext} = Mobile view</msg>
<status status="PASS" starttime="20220119 16:19:45.043" endtime="20220119 16:19:45.089"/>
</kw>
<kw name="Log To Console" library="BuiltIn">
<arg>${Linktext}</arg>
<doc>Logs the given message to the console.</doc>
<status status="PASS" starttime="20220119 16:19:45.089" endtime="20220119 16:19:45.091"/>
</kw>
<status status="PASS" starttime="20220119 16:19:45.041" endtime="20220119 16:19:45.091"/>
</iter>
<iter>
<var name="${i}">602</var>
<kw name="Get Text" library="SeleniumLibrary">
<var>${Linktext}</var>
<arg>xpath:(//a)[${i}]</arg>
<doc>Returns the text value of the element identified by ``locator``.</doc>
<msg timestamp="20220119 16:19:45.141" level="INFO">${Linktext} = Developers</msg>
<status status="PASS" starttime="20220119 16:19:45.091" endtime="20220119 16:19:45.141"/>
</kw>
<kw name="Log To Console" library="BuiltIn">
<arg>${Linktext}</arg>
<doc>Logs the given message to the console.</doc>
<status status="PASS" starttime="20220119 16:19:45.141" endtime="20220119 16:19:45.142"/>
</kw>
<status status="PASS" starttime="20220119 16:19:45.091" endtime="20220119 16:19:45.142"/>
</iter>
<iter>
<var name="${i}">603</var>
<kw name="Get Text" library="SeleniumLibrary">
<var>${Linktext}</var>
<arg>xpath:(//a)[${i}]</arg>
<doc>Returns the text value of the element identified by ``locator``.</doc>
<msg timestamp="20220119 16:19:45.193" level="INFO">${Linktext} = Statistics</msg>
<status status="PASS" starttime="20220119 16:19:45.142" endtime="20220119 16:19:45.193"/>
</kw>
<kw name="Log To Console" library="BuiltIn">
<arg>${Linktext}</arg>
<doc>Logs the given message to the console.</doc>
<status status="PASS" starttime="20220119 16:19:45.193" endtime="20220119 16:19:45.195"/>
</kw>
<status status="PASS" starttime="20220119 16:19:45.142" endtime="20220119 16:19:45.195"/>
</iter>
<iter>
<var name="${i}">604</var>
<kw name="Get Text" library="SeleniumLibrary">
<var>${Linktext}</var>
<arg>xpath:(//a)[${i}]</arg>
<doc>Returns the text value of the element identified by ``locator``.</doc>
<msg timestamp="20220119 16:19:45.244" level="INFO">${Linktext} = Cookie statement</msg>
<status status="PASS" starttime="20220119 16:19:45.195" endtime="20220119 16:19:45.245"/>
</kw>
<kw name="Log To Console" library="BuiltIn">
<arg>${Linktext}</arg>
<doc>Logs the given message to the console.</doc>
<status status="PASS" starttime="20220119 16:19:45.245" endtime="20220119 16:19:45.246"/>
</kw>
<status status="PASS" starttime="20220119 16:19:45.195" endtime="20220119 16:19:45.246"/>
</iter>
<iter>
<var name="${i}">605</var>
<kw name="Get Text" library="SeleniumLibrary">
<var>${Linktext}</var>
<arg>xpath:(//a)[${i}]</arg>
<doc>Returns the text value of the element identified by ``locator``.</doc>
<msg timestamp="20220119 16:19:45.292" level="INFO">${Linktext} = </msg>
<status status="PASS" starttime="20220119 16:19:45.246" endtime="20220119 16:19:45.292"/>
</kw>
<kw name="Log To Console" library="BuiltIn">
<arg>${Linktext}</arg>
<doc>Logs the given message to the console.</doc>
<status status="PASS" starttime="20220119 16:19:45.292" endtime="20220119 16:19:45.293"/>
</kw>
<status status="PASS" starttime="20220119 16:19:45.246" endtime="20220119 16:19:45.293"/>
</iter>
<iter>
<var name="${i}">606</var>
<kw name="Get Text" library="SeleniumLibrary">
<var>${Linktext}</var>
<arg>xpath:(//a)[${i}]</arg>
<doc>Returns the text value of the element identified by ``locator``.</doc>
<msg timestamp="20220119 16:19:45.339" level="INFO">${Linktext} = </msg>
<status status="PASS" starttime="20220119 16:19:45.293" endtime="20220119 16:19:45.340"/>
</kw>
<kw name="Log To Console" library="BuiltIn">
<arg>${Linktext}</arg>
<doc>Logs the given message to the console.</doc>
<status status="PASS" starttime="20220119 16:19:45.340" endtime="20220119 16:19:45.341"/>
</kw>
<status status="PASS" starttime="20220119 16:19:45.293" endtime="20220119 16:19:45.341"/>
</iter>
<iter>
<var name="${i}">607</var>
<kw name="Get Text" library="SeleniumLibrary">
<var>${Linktext}</var>
<arg>xpath:(//a)[${i}]</arg>
<doc>Returns the text value of the element identified by ``locator``.</doc>
<msg timestamp="20220119 16:19:45.409" level="INFO">${Linktext} = </msg>
<status status="PASS" starttime="20220119 16:19:45.341" endtime="20220119 16:19:45.410"/>
</kw>
<kw name="Log To Console" library="BuiltIn">
<arg>${Linktext}</arg>
<doc>Logs the given message to the console.</doc>
<status status="PASS" starttime="20220119 16:19:45.410" endtime="20220119 16:19:45.411"/>
</kw>
<status status="PASS" starttime="20220119 16:19:45.341" endtime="20220119 16:19:45.411"/>
</iter>
<iter>
<var name="${i}">608</var>
<kw name="Get Text" library="SeleniumLibrary">
<var>${Linktext}</var>
<arg>xpath:(//a)[${i}]</arg>
<doc>Returns the text value of the element identified by ``locator``.</doc>
<msg timestamp="20220119 16:19:45.457" level="INFO">${Linktext} = </msg>
<status status="PASS" starttime="20220119 16:19:45.411" endtime="20220119 16:19:45.457"/>
</kw>
<kw name="Log To Console" library="BuiltIn">
<arg>${Linktext}</arg>
<doc>Logs the given message to the console.</doc>
<status status="PASS" starttime="20220119 16:19:45.457" endtime="20220119 16:19:45.459"/>
</kw>
<status status="PASS" starttime="20220119 16:19:45.411" endtime="20220119 16:19:45.459"/>
</iter>
<status status="PASS" starttime="20220119 16:19:15.919" endtime="20220119 16:19:45.459"/>
</for>
<status status="PASS" starttime="20220119 16:19:11.289" endtime="20220119 16:19:45.461"/>
</test>
<status status="PASS" starttime="20220119 16:19:11.066" endtime="20220119 16:19:45.466"/>
</suite>
<statistics>
<total>
<stat pass="1" fail="0" skip="0">All Tests</stat>
</total>
<tag>
</tag>
<suite>
<stat pass="1" fail="0" skip="0" id="s1" name="getAllLinks">getAllLinks</stat>
</suite>
</statistics>
<errors>
</errors>
</robot>
